[2024-03-10T13:09:09.254+0000] {taskinstance.py:1979} INFO - Dependencies all met for dep_context=non-requeueable deps ti=<TaskInstance: processing.unarchive_files manual__2024-03-10T12:38:53.555022+00:00 [queued]>
[2024-03-10T13:09:09.267+0000] {taskinstance.py:1979} INFO - Dependencies all met for dep_context=requeueable deps ti=<TaskInstance: processing.unarchive_files manual__2024-03-10T12:38:53.555022+00:00 [queued]>
[2024-03-10T13:09:09.268+0000] {taskinstance.py:2193} INFO - Starting attempt 1 of 1
[2024-03-10T13:09:09.284+0000] {taskinstance.py:2214} INFO - Executing <Task(PythonOperator): unarchive_files> on 2024-03-10 12:38:53.555022+00:00
[2024-03-10T13:09:09.292+0000] {standard_task_runner.py:60} INFO - Started process 1071 to run task
[2024-03-10T13:09:09.301+0000] {standard_task_runner.py:87} INFO - Running: ['***', 'tasks', 'run', 'processing', 'unarchive_files', 'manual__2024-03-10T12:38:53.555022+00:00', '--job-id', '58', '--raw', '--subdir', 'DAGS_FOLDER/process_data.py', '--cfg-path', '/tmp/tmpkzv0x6rs']
[2024-03-10T13:09:09.309+0000] {standard_task_runner.py:88} INFO - Job 58: Subtask unarchive_files
[2024-03-10T13:09:09.342+0000] {logging_mixin.py:188} WARNING - /home/***/.local/lib/python3.11/site-packages/***/settings.py:194 DeprecationWarning: The sql_alchemy_conn option in [core] has been moved to the sql_alchemy_conn option in [database] - the old setting has been used, but please update your config.
[2024-03-10T13:09:09.410+0000] {task_command.py:423} INFO - Running <TaskInstance: processing.unarchive_files manual__2024-03-10T12:38:53.555022+00:00 [running]> on host 81bb4583c109
[2024-03-10T13:09:09.496+0000] {taskinstance.py:2510} INFO - Exporting env vars: AIRFLOW_CTX_DAG_OWNER='***' AIRFLOW_CTX_DAG_ID='processing' AIRFLOW_CTX_TASK_ID='unarchive_files' AIRFLOW_CTX_EXECUTION_DATE='2024-03-10T12:38:53.555022+00:00' AIRFLOW_CTX_TRY_NUMBER='1' AIRFLOW_CTX_DAG_RUN_ID='manual__2024-03-10T12:38:53.555022+00:00'
[2024-03-10T13:09:09.513+0000] {taskinstance.py:2728} ERROR - Task failed with exception
Traceback (most recent call last):
  File "/home/airflow/.local/lib/python3.11/site-packages/airflow/models/taskinstance.py", line 444, in _execute_task
    result = _execute_callable(context=context, **execute_callable_kwargs)
             ^^^^^^^^^^^^^^^^^^^^^^^^^^^^^^^^^^^^^^^^^^^^^^^^^^^^^^^^^^^^^
  File "/home/airflow/.local/lib/python3.11/site-packages/airflow/models/taskinstance.py", line 414, in _execute_callable
    return execute_callable(context=context, **execute_callable_kwargs)
           ^^^^^^^^^^^^^^^^^^^^^^^^^^^^^^^^^^^^^^^^^^^^^^^^^^^^^^^^^^^^
  File "/home/airflow/.local/lib/python3.11/site-packages/airflow/operators/python.py", line 200, in execute
    return_value = self.execute_callable()
                   ^^^^^^^^^^^^^^^^^^^^^^^
  File "/home/airflow/.local/lib/python3.11/site-packages/airflow/operators/python.py", line 217, in execute_callable
    return self.python_callable(*self.op_args, **self.op_kwargs)
           ^^^^^^^^^^^^^^^^^^^^^^^^^^^^^^^^^^^^^^^^^^^^^^^^^^^^^
  File "/opt/airflow/dags/process_data.py", line 36, in unarchive
    shutil.unpack_archive('/opt/airflow/Files/Files.zip','/opt/airflow/Files/archive', zip)
  File "/usr/local/lib/python3.11/shutil.py", line 1343, in unpack_archive
    raise ValueError("Unknown unpack format '{0}'".format(format)) from None
ValueError: Unknown unpack format '<class 'zip'>'
[2024-03-10T13:09:09.539+0000] {taskinstance.py:1149} INFO - Marking task as FAILED. dag_id=processing, task_id=unarchive_files, execution_date=20240310T123853, start_date=20240310T130909, end_date=20240310T130909
[2024-03-10T13:09:09.555+0000] {standard_task_runner.py:107} ERROR - Failed to execute job 58 for task unarchive_files (Unknown unpack format '<class 'zip'>'; 1071)
[2024-03-10T13:09:09.596+0000] {local_task_job_runner.py:234} INFO - Task exited with return code 1
[2024-03-10T13:09:09.624+0000] {taskinstance.py:3309} INFO - 0 downstream tasks scheduled from follow-on schedule check
