[2024-03-10T14:21:41.545+0000] {taskinstance.py:1979} INFO - Dependencies all met for dep_context=non-requeueable deps ti=<TaskInstance: processing.Create_merge_datasets_6 manual__2024-03-10T14:21:29.946494+00:00 [queued]>
[2024-03-10T14:21:41.553+0000] {taskinstance.py:1979} INFO - Dependencies all met for dep_context=requeueable deps ti=<TaskInstance: processing.Create_merge_datasets_6 manual__2024-03-10T14:21:29.946494+00:00 [queued]>
[2024-03-10T14:21:41.554+0000] {taskinstance.py:2193} INFO - Starting attempt 1 of 1
[2024-03-10T14:21:41.566+0000] {taskinstance.py:2214} INFO - Executing <Task(PythonOperator): Create_merge_datasets_6> on 2024-03-10 14:21:29.946494+00:00
[2024-03-10T14:21:41.571+0000] {standard_task_runner.py:60} INFO - Started process 2885 to run task
[2024-03-10T14:21:41.574+0000] {standard_task_runner.py:87} INFO - Running: ['***', 'tasks', 'run', 'processing', 'Create_merge_datasets_6', 'manual__2024-03-10T14:21:29.946494+00:00', '--job-id', '135', '--raw', '--subdir', 'DAGS_FOLDER/process_data.py', '--cfg-path', '/tmp/tmpt5jz1vkh']
[2024-03-10T14:21:41.577+0000] {standard_task_runner.py:88} INFO - Job 135: Subtask Create_merge_datasets_6
[2024-03-10T14:21:41.593+0000] {logging_mixin.py:188} WARNING - /home/***/.local/lib/python3.11/site-packages/***/settings.py:194 DeprecationWarning: The sql_alchemy_conn option in [core] has been moved to the sql_alchemy_conn option in [database] - the old setting has been used, but please update your config.
[2024-03-10T14:21:41.634+0000] {task_command.py:423} INFO - Running <TaskInstance: processing.Create_merge_datasets_6 manual__2024-03-10T14:21:29.946494+00:00 [running]> on host 81bb4583c109
[2024-03-10T14:21:41.716+0000] {taskinstance.py:2510} INFO - Exporting env vars: AIRFLOW_CTX_DAG_OWNER='***' AIRFLOW_CTX_DAG_ID='processing' AIRFLOW_CTX_TASK_ID='Create_merge_datasets_6' AIRFLOW_CTX_EXECUTION_DATE='2024-03-10T14:21:29.946494+00:00' AIRFLOW_CTX_TRY_NUMBER='1' AIRFLOW_CTX_DAG_RUN_ID='manual__2024-03-10T14:21:29.946494+00:00'
[2024-03-10T14:21:41.786+0000] {logging_mixin.py:188} WARNING - /opt/***/dags/process_data.py:47 DtypeWarning: Columns (21,23) have mixed types. Specify dtype option on import or set low_memory=False.
[2024-03-10T14:21:41.966+0000] {logging_mixin.py:188} WARNING - /opt/***/dags/process_data.py:47 DtypeWarning: Columns (23) have mixed types. Specify dtype option on import or set low_memory=False.
[2024-03-10T14:21:42.451+0000] {logging_mixin.py:188} WARNING - /opt/***/dags/process_data.py:47 DtypeWarning: Columns (10) have mixed types. Specify dtype option on import or set low_memory=False.
[2024-03-10T14:21:42.614+0000] {logging_mixin.py:188} WARNING - /opt/***/dags/process_data.py:47 DtypeWarning: Columns (17) have mixed types. Specify dtype option on import or set low_memory=False.
[2024-03-10T14:21:43.152+0000] {logging_mixin.py:188} WARNING - /opt/***/dags/process_data.py:47 DtypeWarning: Columns (10,23) have mixed types. Specify dtype option on import or set low_memory=False.
[2024-03-10T14:21:43.602+0000] {logging_mixin.py:188} WARNING - /opt/***/dags/process_data.py:47 DtypeWarning: Columns (10,23) have mixed types. Specify dtype option on import or set low_memory=False.
[2024-03-10T14:21:43.859+0000] {logging_mixin.py:188} WARNING - /opt/***/dags/process_data.py:47 DtypeWarning: Columns (10) have mixed types. Specify dtype option on import or set low_memory=False.
[2024-03-10T14:21:43.968+0000] {logging_mixin.py:188} WARNING - /opt/***/dags/process_data.py:47 DtypeWarning: Columns (10) have mixed types. Specify dtype option on import or set low_memory=False.
[2024-03-10T14:21:44.996+0000] {python.py:202} INFO - Done. Returned value was: None
[2024-03-10T14:21:45.014+0000] {taskinstance.py:1149} INFO - Marking task as SUCCESS. dag_id=processing, task_id=Create_merge_datasets_6, execution_date=20240310T142129, start_date=20240310T142141, end_date=20240310T142145
[2024-03-10T14:21:45.042+0000] {local_task_job_runner.py:234} INFO - Task exited with return code 0
[2024-03-10T14:21:45.068+0000] {taskinstance.py:3309} INFO - 0 downstream tasks scheduled from follow-on schedule check
