[2024-03-10T16:37:28.987+0000] {taskinstance.py:1979} INFO - Dependencies all met for dep_context=non-requeueable deps ti=<TaskInstance: processing.Create_images_1 manual__2024-03-10T16:37:02.532167+00:00 [queued]>
[2024-03-10T16:37:29.002+0000] {taskinstance.py:1979} INFO - Dependencies all met for dep_context=requeueable deps ti=<TaskInstance: processing.Create_images_1 manual__2024-03-10T16:37:02.532167+00:00 [queued]>
[2024-03-10T16:37:29.003+0000] {taskinstance.py:2193} INFO - Starting attempt 1 of 1
[2024-03-10T16:37:29.021+0000] {taskinstance.py:2214} INFO - Executing <Task(PythonOperator): Create_images_1> on 2024-03-10 16:37:02.532167+00:00
[2024-03-10T16:37:29.032+0000] {standard_task_runner.py:60} INFO - Started process 1113 to run task
[2024-03-10T16:37:29.038+0000] {standard_task_runner.py:87} INFO - Running: ['***', 'tasks', 'run', 'processing', 'Create_images_1', 'manual__2024-03-10T16:37:02.532167+00:00', '--job-id', '78', '--raw', '--subdir', 'DAGS_FOLDER/process_data.py', '--cfg-path', '/tmp/tmpss4p40hi']
[2024-03-10T16:37:29.041+0000] {standard_task_runner.py:88} INFO - Job 78: Subtask Create_images_1
[2024-03-10T16:37:29.065+0000] {logging_mixin.py:188} WARNING - /home/***/.local/lib/python3.11/site-packages/***/settings.py:194 DeprecationWarning: The sql_alchemy_conn option in [core] has been moved to the sql_alchemy_conn option in [database] - the old setting has been used, but please update your config.
[2024-03-10T16:37:29.128+0000] {task_command.py:423} INFO - Running <TaskInstance: processing.Create_images_1 manual__2024-03-10T16:37:02.532167+00:00 [running]> on host 65d624ba7e11
[2024-03-10T16:37:29.233+0000] {taskinstance.py:2510} INFO - Exporting env vars: AIRFLOW_CTX_DAG_OWNER='***' AIRFLOW_CTX_DAG_ID='processing' AIRFLOW_CTX_TASK_ID='Create_images_1' AIRFLOW_CTX_EXECUTION_DATE='2024-03-10T16:37:02.532167+00:00' AIRFLOW_CTX_TRY_NUMBER='1' AIRFLOW_CTX_DAG_RUN_ID='manual__2024-03-10T16:37:02.532167+00:00'
[2024-03-10T16:37:34.916+0000] {logging_mixin.py:188} WARNING - /opt/***/dags/process_data.py:128 RuntimeWarning: More than 20 figures have been opened. Figures created through the pyplot interface (`matplotlib.pyplot.figure`) are retained until explicitly closed and may consume too much memory. (To control this warning, see the rcParam `figure.max_open_warning`). Consider using `matplotlib.pyplot.close()`.
[2024-03-10T16:41:03.207+0000] {taskinstance.py:2728} ERROR - Task failed with exception
Traceback (most recent call last):
  File "/home/airflow/.local/lib/python3.11/site-packages/airflow/models/taskinstance.py", line 444, in _execute_task
    result = _execute_callable(context=context, **execute_callable_kwargs)
             ^^^^^^^^^^^^^^^^^^^^^^^^^^^^^^^^^^^^^^^^^^^^^^^^^^^^^^^^^^^^^
  File "/home/airflow/.local/lib/python3.11/site-packages/airflow/models/taskinstance.py", line 414, in _execute_callable
    return execute_callable(context=context, **execute_callable_kwargs)
           ^^^^^^^^^^^^^^^^^^^^^^^^^^^^^^^^^^^^^^^^^^^^^^^^^^^^^^^^^^^^
  File "/home/airflow/.local/lib/python3.11/site-packages/airflow/operators/python.py", line 200, in execute
    return_value = self.execute_callable()
                   ^^^^^^^^^^^^^^^^^^^^^^^
  File "/home/airflow/.local/lib/python3.11/site-packages/airflow/operators/python.py", line 217, in execute_callable
    return self.python_callable(*self.op_args, **self.op_kwargs)
           ^^^^^^^^^^^^^^^^^^^^^^^^^^^^^^^^^^^^^^^^^^^^^^^^^^^^^
  File "/opt/airflow/dags/process_data.py", line 134, in map_maker
  File "/home/airflow/.local/lib/python3.11/site-packages/matplotlib/pyplot.py", line 1134, in savefig
    res = fig.savefig(*args, **kwargs)  # type: ignore[func-returns-value]
          ^^^^^^^^^^^^^^^^^^^^^^^^^^^^
  File "/home/airflow/.local/lib/python3.11/site-packages/matplotlib/figure.py", line 3390, in savefig
    self.canvas.print_figure(fname, **kwargs)
  File "/home/airflow/.local/lib/python3.11/site-packages/matplotlib/backend_bases.py", line 2193, in print_figure
    result = print_method(
             ^^^^^^^^^^^^^
  File "/home/airflow/.local/lib/python3.11/site-packages/matplotlib/backend_bases.py", line 2043, in <lambda>
    print_method = functools.wraps(meth)(lambda *args, **kwargs: meth(
                                                                 ^^^^^
  File "/home/airflow/.local/lib/python3.11/site-packages/matplotlib/backends/backend_agg.py", line 497, in print_png
    self._print_pil(filename_or_obj, "png", pil_kwargs, metadata)
  File "/home/airflow/.local/lib/python3.11/site-packages/matplotlib/backends/backend_agg.py", line 446, in _print_pil
    mpl.image.imsave(
  File "/home/airflow/.local/lib/python3.11/site-packages/matplotlib/image.py", line 1656, in imsave
    image.save(fname, **pil_kwargs)
  File "/home/airflow/.local/lib/python3.11/site-packages/PIL/Image.py", line 2436, in save
    fp = builtins.open(filename, "w+b")
         ^^^^^^^^^^^^^^^^^^^^^^^^^^^^^^
FileNotFoundError: [Errno 2] No such file or directory: '/opt/airflow/Files/images/1915/Nov_1915_HourlySeaLevelPressure.png'
[2024-03-10T16:41:03.276+0000] {taskinstance.py:1149} INFO - Marking task as FAILED. dag_id=processing, task_id=Create_images_1, execution_date=20240310T163702, start_date=20240310T163728, end_date=20240310T164103
[2024-03-10T16:41:03.292+0000] {standard_task_runner.py:107} ERROR - Failed to execute job 78 for task Create_images_1 ([Errno 2] No such file or directory: '/opt/airflow/Files/images/1915/Nov_1915_HourlySeaLevelPressure.png'; 1113)
[2024-03-10T16:41:03.548+0000] {local_task_job_runner.py:234} INFO - Task exited with return code 1
[2024-03-10T16:41:03.581+0000] {taskinstance.py:3309} INFO - 0 downstream tasks scheduled from follow-on schedule check
