[2024-03-03T03:11:44.091+0000] {taskinstance.py:1979} INFO - Dependencies all met for dep_context=non-requeueable deps ti=<TaskInstance: fetch_data_files.get_files_1 scheduled__2016-01-06T00:00:00+00:00 [queued]>
[2024-03-03T03:11:44.117+0000] {taskinstance.py:1979} INFO - Dependencies all met for dep_context=requeueable deps ti=<TaskInstance: fetch_data_files.get_files_1 scheduled__2016-01-06T00:00:00+00:00 [queued]>
[2024-03-03T03:11:44.121+0000] {taskinstance.py:2193} INFO - Starting attempt 1 of 1
[2024-03-03T03:11:44.165+0000] {taskinstance.py:2214} INFO - Executing <Task(PythonOperator): get_files_1> on 2016-01-06 00:00:00+00:00
[2024-03-03T03:11:44.183+0000] {standard_task_runner.py:60} INFO - Started process 271 to run task
[2024-03-03T03:11:44.190+0000] {standard_task_runner.py:87} INFO - Running: ['***', 'tasks', 'run', 'fetch_data_files', 'get_files_1', 'scheduled__2016-01-06T00:00:00+00:00', '--job-id', '34', '--raw', '--subdir', 'DAGS_FOLDER/dummy_dag.py', '--cfg-path', '/tmp/tmpz94nc26a']
[2024-03-03T03:11:44.199+0000] {standard_task_runner.py:88} INFO - Job 34: Subtask get_files_1
[2024-03-03T03:11:44.255+0000] {logging_mixin.py:188} WARNING - /home/***/.local/lib/python3.11/site-packages/***/settings.py:194 DeprecationWarning: The sql_alchemy_conn option in [core] has been moved to the sql_alchemy_conn option in [database] - the old setting has been used, but please update your config.
[2024-03-03T03:11:44.380+0000] {task_command.py:423} INFO - Running <TaskInstance: fetch_data_files.get_files_1 scheduled__2016-01-06T00:00:00+00:00 [running]> on host eb03c8b8b5fd
[2024-03-03T03:11:44.577+0000] {taskinstance.py:2510} INFO - Exporting env vars: AIRFLOW_CTX_DAG_OWNER='***' AIRFLOW_CTX_DAG_ID='fetch_data_files' AIRFLOW_CTX_TASK_ID='get_files_1' AIRFLOW_CTX_EXECUTION_DATE='2016-01-06T00:00:00+00:00' AIRFLOW_CTX_TRY_NUMBER='1' AIRFLOW_CTX_DAG_RUN_ID='scheduled__2016-01-06T00:00:00+00:00'
[2024-03-03T03:11:45.852+0000] {taskinstance.py:2728} ERROR - Task failed with exception
Traceback (most recent call last):
  File "/home/airflow/.local/lib/python3.11/site-packages/airflow/models/taskinstance.py", line 444, in _execute_task
    result = _execute_callable(context=context, **execute_callable_kwargs)
             ^^^^^^^^^^^^^^^^^^^^^^^^^^^^^^^^^^^^^^^^^^^^^^^^^^^^^^^^^^^^^
  File "/home/airflow/.local/lib/python3.11/site-packages/airflow/models/taskinstance.py", line 414, in _execute_callable
    return execute_callable(context=context, **execute_callable_kwargs)
           ^^^^^^^^^^^^^^^^^^^^^^^^^^^^^^^^^^^^^^^^^^^^^^^^^^^^^^^^^^^^
  File "/home/airflow/.local/lib/python3.11/site-packages/airflow/operators/python.py", line 200, in execute
    return_value = self.execute_callable()
                   ^^^^^^^^^^^^^^^^^^^^^^^
  File "/home/airflow/.local/lib/python3.11/site-packages/airflow/operators/python.py", line 217, in execute_callable
    return self.python_callable(*self.op_args, **self.op_kwargs)
           ^^^^^^^^^^^^^^^^^^^^^^^^^^^^^^^^^^^^^^^^^^^^^^^^^^^^^
  File "/opt/airflow/dags/dummy_dag.py", line 29, in download_years_list
    page = urlopen(url)
           ^^^^^^^^^^^^
  File "/usr/local/lib/python3.11/urllib/request.py", line 216, in urlopen
    return opener.open(url, data, timeout)
           ^^^^^^^^^^^^^^^^^^^^^^^^^^^^^^^
  File "/usr/local/lib/python3.11/urllib/request.py", line 525, in open
    response = meth(req, response)
               ^^^^^^^^^^^^^^^^^^^
  File "/usr/local/lib/python3.11/urllib/request.py", line 634, in http_response
    response = self.parent.error(
               ^^^^^^^^^^^^^^^^^^
  File "/usr/local/lib/python3.11/urllib/request.py", line 563, in error
    return self._call_chain(*args)
           ^^^^^^^^^^^^^^^^^^^^^^^
  File "/usr/local/lib/python3.11/urllib/request.py", line 496, in _call_chain
    result = func(*args)
             ^^^^^^^^^^^
  File "/usr/local/lib/python3.11/urllib/request.py", line 643, in http_error_default
    raise HTTPError(req.full_url, code, msg, hdrs, fp)
urllib.error.HTTPError: HTTP Error 404: Not Found
[2024-03-03T03:11:45.898+0000] {taskinstance.py:1149} INFO - Marking task as FAILED. dag_id=fetch_data_files, task_id=get_files_1, execution_date=20160106T000000, start_date=20240303T031144, end_date=20240303T031145
[2024-03-03T03:11:45.938+0000] {standard_task_runner.py:107} ERROR - Failed to execute job 34 for task get_files_1 (HTTP Error 404: Not Found; 271)
[2024-03-03T03:11:45.975+0000] {local_task_job_runner.py:234} INFO - Task exited with return code 1
[2024-03-03T03:11:46.002+0000] {taskinstance.py:3309} INFO - 0 downstream tasks scheduled from follow-on schedule check
[2024-03-03T03:21:34.579+0000] {taskinstance.py:1979} INFO - Dependencies all met for dep_context=non-requeueable deps ti=<TaskInstance: fetch_data_files.get_files_1 scheduled__2016-01-06T00:00:00+00:00 [queued]>
[2024-03-03T03:21:34.605+0000] {taskinstance.py:1979} INFO - Dependencies all met for dep_context=requeueable deps ti=<TaskInstance: fetch_data_files.get_files_1 scheduled__2016-01-06T00:00:00+00:00 [queued]>
[2024-03-03T03:21:34.608+0000] {taskinstance.py:2193} INFO - Starting attempt 1 of 1
[2024-03-03T03:21:34.652+0000] {taskinstance.py:2214} INFO - Executing <Task(PythonOperator): get_files_1> on 2016-01-06 00:00:00+00:00
[2024-03-03T03:21:34.667+0000] {standard_task_runner.py:60} INFO - Started process 241 to run task
[2024-03-03T03:21:34.675+0000] {standard_task_runner.py:87} INFO - Running: ['***', 'tasks', 'run', 'fetch_data_files', 'get_files_1', 'scheduled__2016-01-06T00:00:00+00:00', '--job-id', '28', '--raw', '--subdir', 'DAGS_FOLDER/dummy_dag.py', '--cfg-path', '/tmp/tmp_tikihyb']
[2024-03-03T03:21:34.694+0000] {standard_task_runner.py:88} INFO - Job 28: Subtask get_files_1
[2024-03-03T03:21:34.764+0000] {logging_mixin.py:188} WARNING - /home/***/.local/lib/python3.11/site-packages/***/settings.py:194 DeprecationWarning: The sql_alchemy_conn option in [core] has been moved to the sql_alchemy_conn option in [database] - the old setting has been used, but please update your config.
[2024-03-03T03:21:34.918+0000] {task_command.py:423} INFO - Running <TaskInstance: fetch_data_files.get_files_1 scheduled__2016-01-06T00:00:00+00:00 [running]> on host 716a53fa82e1
[2024-03-03T03:21:35.113+0000] {taskinstance.py:2510} INFO - Exporting env vars: AIRFLOW_CTX_DAG_OWNER='***' AIRFLOW_CTX_DAG_ID='fetch_data_files' AIRFLOW_CTX_TASK_ID='get_files_1' AIRFLOW_CTX_EXECUTION_DATE='2016-01-06T00:00:00+00:00' AIRFLOW_CTX_TRY_NUMBER='1' AIRFLOW_CTX_DAG_RUN_ID='scheduled__2016-01-06T00:00:00+00:00'
[2024-03-03T03:21:36.441+0000] {taskinstance.py:2728} ERROR - Task failed with exception
Traceback (most recent call last):
  File "/home/airflow/.local/lib/python3.11/site-packages/airflow/models/taskinstance.py", line 444, in _execute_task
    result = _execute_callable(context=context, **execute_callable_kwargs)
             ^^^^^^^^^^^^^^^^^^^^^^^^^^^^^^^^^^^^^^^^^^^^^^^^^^^^^^^^^^^^^
  File "/home/airflow/.local/lib/python3.11/site-packages/airflow/models/taskinstance.py", line 414, in _execute_callable
    return execute_callable(context=context, **execute_callable_kwargs)
           ^^^^^^^^^^^^^^^^^^^^^^^^^^^^^^^^^^^^^^^^^^^^^^^^^^^^^^^^^^^^
  File "/home/airflow/.local/lib/python3.11/site-packages/airflow/operators/python.py", line 200, in execute
    return_value = self.execute_callable()
                   ^^^^^^^^^^^^^^^^^^^^^^^
  File "/home/airflow/.local/lib/python3.11/site-packages/airflow/operators/python.py", line 217, in execute_callable
    return self.python_callable(*self.op_args, **self.op_kwargs)
           ^^^^^^^^^^^^^^^^^^^^^^^^^^^^^^^^^^^^^^^^^^^^^^^^^^^^^
  File "/opt/airflow/dags/dummy_dag.py", line 30, in download_years_list
    page = urlopen(url)
           ^^^^^^^^^^^^
  File "/usr/local/lib/python3.11/urllib/request.py", line 216, in urlopen
    return opener.open(url, data, timeout)
           ^^^^^^^^^^^^^^^^^^^^^^^^^^^^^^^
  File "/usr/local/lib/python3.11/urllib/request.py", line 525, in open
    response = meth(req, response)
               ^^^^^^^^^^^^^^^^^^^
  File "/usr/local/lib/python3.11/urllib/request.py", line 634, in http_response
    response = self.parent.error(
               ^^^^^^^^^^^^^^^^^^
  File "/usr/local/lib/python3.11/urllib/request.py", line 563, in error
    return self._call_chain(*args)
           ^^^^^^^^^^^^^^^^^^^^^^^
  File "/usr/local/lib/python3.11/urllib/request.py", line 496, in _call_chain
    result = func(*args)
             ^^^^^^^^^^^
  File "/usr/local/lib/python3.11/urllib/request.py", line 643, in http_error_default
    raise HTTPError(req.full_url, code, msg, hdrs, fp)
urllib.error.HTTPError: HTTP Error 404: Not Found
[2024-03-03T03:21:36.535+0000] {taskinstance.py:1149} INFO - Marking task as FAILED. dag_id=fetch_data_files, task_id=get_files_1, execution_date=20160106T000000, start_date=20240303T032134, end_date=20240303T032136
[2024-03-03T03:21:36.576+0000] {standard_task_runner.py:107} ERROR - Failed to execute job 28 for task get_files_1 (HTTP Error 404: Not Found; 241)
[2024-03-03T03:21:36.636+0000] {local_task_job_runner.py:234} INFO - Task exited with return code 1
[2024-03-03T03:21:36.687+0000] {taskinstance.py:3309} INFO - 0 downstream tasks scheduled from follow-on schedule check
[2024-03-03T04:22:39.869+0000] {taskinstance.py:1979} INFO - Dependencies all met for dep_context=non-requeueable deps ti=<TaskInstance: fetch_data_files.get_files_1 scheduled__2016-01-06T00:00:00+00:00 [queued]>
[2024-03-03T04:22:39.879+0000] {taskinstance.py:1979} INFO - Dependencies all met for dep_context=requeueable deps ti=<TaskInstance: fetch_data_files.get_files_1 scheduled__2016-01-06T00:00:00+00:00 [queued]>
[2024-03-03T04:22:39.880+0000] {taskinstance.py:2193} INFO - Starting attempt 1 of 1
[2024-03-03T04:22:39.893+0000] {taskinstance.py:2214} INFO - Executing <Task(PythonOperator): get_files_1> on 2016-01-06 00:00:00+00:00
[2024-03-03T04:22:39.900+0000] {standard_task_runner.py:60} INFO - Started process 419 to run task
[2024-03-03T04:22:39.906+0000] {standard_task_runner.py:87} INFO - Running: ['***', 'tasks', 'run', 'fetch_data_files', 'get_files_1', 'scheduled__2016-01-06T00:00:00+00:00', '--job-id', '33', '--raw', '--subdir', 'DAGS_FOLDER/dummy_dag.py', '--cfg-path', '/tmp/tmphegea7h2']
[2024-03-03T04:22:39.910+0000] {standard_task_runner.py:88} INFO - Job 33: Subtask get_files_1
[2024-03-03T04:22:39.940+0000] {logging_mixin.py:188} WARNING - /home/***/.local/lib/python3.11/site-packages/***/settings.py:194 DeprecationWarning: The sql_alchemy_conn option in [core] has been moved to the sql_alchemy_conn option in [database] - the old setting has been used, but please update your config.
[2024-03-03T04:22:39.994+0000] {task_command.py:423} INFO - Running <TaskInstance: fetch_data_files.get_files_1 scheduled__2016-01-06T00:00:00+00:00 [running]> on host 158b818da938
[2024-03-03T04:22:40.087+0000] {taskinstance.py:2510} INFO - Exporting env vars: AIRFLOW_CTX_DAG_OWNER='***' AIRFLOW_CTX_DAG_ID='fetch_data_files' AIRFLOW_CTX_TASK_ID='get_files_1' AIRFLOW_CTX_EXECUTION_DATE='2016-01-06T00:00:00+00:00' AIRFLOW_CTX_TRY_NUMBER='1' AIRFLOW_CTX_DAG_RUN_ID='scheduled__2016-01-06T00:00:00+00:00'
[2024-03-03T04:22:41.440+0000] {logging_mixin.py:188} INFO - ['https://www.ncei.noaa.gov/data/local-climatological-data/access/1901/02907099999.csv', 'https://www.ncei.noaa.gov/data/local-climatological-data/access/1901/02950099999.csv', 'https://www.ncei.noaa.gov/data/local-climatological-data/access/1901/02960099999.csv', 'https://www.ncei.noaa.gov/data/local-climatological-data/access/1901/02972099999.csv', 'https://www.ncei.noaa.gov/data/local-climatological-data/access/1901/02981099999.csv', 'https://www.ncei.noaa.gov/data/local-climatological-data/access/1901/22707099999.csv']
[2024-03-03T04:22:56.107+0000] {logging_mixin.py:188} INFO - ['https://www.ncei.noaa.gov/data/local-climatological-data/access/1902/02907099999.csv', 'https://www.ncei.noaa.gov/data/local-climatological-data/access/1902/02950099999.csv', 'https://www.ncei.noaa.gov/data/local-climatological-data/access/1902/02960099999.csv', 'https://www.ncei.noaa.gov/data/local-climatological-data/access/1902/02972099999.csv', 'https://www.ncei.noaa.gov/data/local-climatological-data/access/1902/02981099999.csv', 'https://www.ncei.noaa.gov/data/local-climatological-data/access/1902/22707099999.csv']
[2024-03-03T04:23:12.411+0000] {logging_mixin.py:188} INFO - ['https://www.ncei.noaa.gov/data/local-climatological-data/access/1903/02907099999.csv', 'https://www.ncei.noaa.gov/data/local-climatological-data/access/1903/02950099999.csv', 'https://www.ncei.noaa.gov/data/local-climatological-data/access/1903/02960099999.csv', 'https://www.ncei.noaa.gov/data/local-climatological-data/access/1903/02972099999.csv', 'https://www.ncei.noaa.gov/data/local-climatological-data/access/1903/02981099999.csv', 'https://www.ncei.noaa.gov/data/local-climatological-data/access/1903/22707099999.csv']
[2024-03-03T04:23:25.284+0000] {logging_mixin.py:188} INFO - ['https://www.ncei.noaa.gov/data/local-climatological-data/access/1904/02907099999.csv', 'https://www.ncei.noaa.gov/data/local-climatological-data/access/1904/02950099999.csv', 'https://www.ncei.noaa.gov/data/local-climatological-data/access/1904/02960099999.csv', 'https://www.ncei.noaa.gov/data/local-climatological-data/access/1904/02972099999.csv', 'https://www.ncei.noaa.gov/data/local-climatological-data/access/1904/02981099999.csv', 'https://www.ncei.noaa.gov/data/local-climatological-data/access/1904/22707099999.csv']
[2024-03-03T04:23:37.036+0000] {logging_mixin.py:188} INFO - ['https://www.ncei.noaa.gov/data/local-climatological-data/access/1905/02907099999.csv', 'https://www.ncei.noaa.gov/data/local-climatological-data/access/1905/02950099999.csv', 'https://www.ncei.noaa.gov/data/local-climatological-data/access/1905/02960099999.csv', 'https://www.ncei.noaa.gov/data/local-climatological-data/access/1905/02972099999.csv', 'https://www.ncei.noaa.gov/data/local-climatological-data/access/1905/02981099999.csv', 'https://www.ncei.noaa.gov/data/local-climatological-data/access/1905/22707099999.csv']
[2024-03-03T04:23:47.119+0000] {logging_mixin.py:188} INFO - ['https://www.ncei.noaa.gov/data/local-climatological-data/access/1906/02875099999.csv', 'https://www.ncei.noaa.gov/data/local-climatological-data/access/1906/02917099999.csv', 'https://www.ncei.noaa.gov/data/local-climatological-data/access/1906/02944099999.csv', 'https://www.ncei.noaa.gov/data/local-climatological-data/access/1906/02982099999.csv', 'https://www.ncei.noaa.gov/data/local-climatological-data/access/1906/22892099999.csv']
[2024-03-03T04:23:59.652+0000] {logging_mixin.py:188} INFO - ['https://www.ncei.noaa.gov/data/local-climatological-data/access/1907/02875099999.csv', 'https://www.ncei.noaa.gov/data/local-climatological-data/access/1907/02917099999.csv', 'https://www.ncei.noaa.gov/data/local-climatological-data/access/1907/02944099999.csv', 'https://www.ncei.noaa.gov/data/local-climatological-data/access/1907/02982099999.csv', 'https://www.ncei.noaa.gov/data/local-climatological-data/access/1907/22892099999.csv']
[2024-03-03T04:24:08.741+0000] {logging_mixin.py:188} INFO - ['https://www.ncei.noaa.gov/data/local-climatological-data/access/1908/02806099999.csv', 'https://www.ncei.noaa.gov/data/local-climatological-data/access/1908/02875099999.csv', 'https://www.ncei.noaa.gov/data/local-climatological-data/access/1908/02917099999.csv', 'https://www.ncei.noaa.gov/data/local-climatological-data/access/1908/02944099999.csv', 'https://www.ncei.noaa.gov/data/local-climatological-data/access/1908/02982099999.csv', 'https://www.ncei.noaa.gov/data/local-climatological-data/access/1908/22892099999.csv']
[2024-03-03T04:24:20.260+0000] {logging_mixin.py:188} INFO - ['https://www.ncei.noaa.gov/data/local-climatological-data/access/1909/02806099999.csv', 'https://www.ncei.noaa.gov/data/local-climatological-data/access/1909/02869099999.csv', 'https://www.ncei.noaa.gov/data/local-climatological-data/access/1909/02875099999.csv', 'https://www.ncei.noaa.gov/data/local-climatological-data/access/1909/02917099999.csv', 'https://www.ncei.noaa.gov/data/local-climatological-data/access/1909/02944099999.csv', 'https://www.ncei.noaa.gov/data/local-climatological-data/access/1909/02982099999.csv', 'https://www.ncei.noaa.gov/data/local-climatological-data/access/1909/22892099999.csv']
[2024-03-03T04:24:28.123+0000] {logging_mixin.py:188} INFO - ['https://www.ncei.noaa.gov/data/local-climatological-data/access/1910/02806099999.csv', 'https://www.ncei.noaa.gov/data/local-climatological-data/access/1910/02869099999.csv', 'https://www.ncei.noaa.gov/data/local-climatological-data/access/1910/02875099999.csv', 'https://www.ncei.noaa.gov/data/local-climatological-data/access/1910/02917099999.csv', 'https://www.ncei.noaa.gov/data/local-climatological-data/access/1910/02944099999.csv', 'https://www.ncei.noaa.gov/data/local-climatological-data/access/1910/02982099999.csv', 'https://www.ncei.noaa.gov/data/local-climatological-data/access/1910/22892099999.csv']
[2024-03-03T04:24:38.448+0000] {logging_mixin.py:188} INFO - ['https://www.ncei.noaa.gov/data/local-climatological-data/access/1911/02806099999.csv', 'https://www.ncei.noaa.gov/data/local-climatological-data/access/1911/02869099999.csv', 'https://www.ncei.noaa.gov/data/local-climatological-data/access/1911/02875099999.csv', 'https://www.ncei.noaa.gov/data/local-climatological-data/access/1911/02917099999.csv', 'https://www.ncei.noaa.gov/data/local-climatological-data/access/1911/02944099999.csv', 'https://www.ncei.noaa.gov/data/local-climatological-data/access/1911/02982099999.csv', 'https://www.ncei.noaa.gov/data/local-climatological-data/access/1911/22892099999.csv']
[2024-03-03T04:24:49.795+0000] {logging_mixin.py:188} INFO - ['https://www.ncei.noaa.gov/data/local-climatological-data/access/1912/02806099999.csv', 'https://www.ncei.noaa.gov/data/local-climatological-data/access/1912/02869099999.csv', 'https://www.ncei.noaa.gov/data/local-climatological-data/access/1912/02875099999.csv', 'https://www.ncei.noaa.gov/data/local-climatological-data/access/1912/02917099999.csv', 'https://www.ncei.noaa.gov/data/local-climatological-data/access/1912/02944099999.csv', 'https://www.ncei.noaa.gov/data/local-climatological-data/access/1912/02982099999.csv', 'https://www.ncei.noaa.gov/data/local-climatological-data/access/1912/22892099999.csv']
[2024-03-03T04:24:58.783+0000] {logging_mixin.py:188} INFO - ['https://www.ncei.noaa.gov/data/local-climatological-data/access/1913/02806099999.csv', 'https://www.ncei.noaa.gov/data/local-climatological-data/access/1913/02869099999.csv', 'https://www.ncei.noaa.gov/data/local-climatological-data/access/1913/02875099999.csv', 'https://www.ncei.noaa.gov/data/local-climatological-data/access/1913/02917099999.csv', 'https://www.ncei.noaa.gov/data/local-climatological-data/access/1913/02944099999.csv', 'https://www.ncei.noaa.gov/data/local-climatological-data/access/1913/02982099999.csv', 'https://www.ncei.noaa.gov/data/local-climatological-data/access/1913/04065099999.csv', 'https://www.ncei.noaa.gov/data/local-climatological-data/access/1913/22892099999.csv']
[2024-03-03T04:25:05.803+0000] {logging_mixin.py:188} INFO - ['https://www.ncei.noaa.gov/data/local-climatological-data/access/1914/02806099999.csv', 'https://www.ncei.noaa.gov/data/local-climatological-data/access/1914/02869099999.csv', 'https://www.ncei.noaa.gov/data/local-climatological-data/access/1914/02875099999.csv', 'https://www.ncei.noaa.gov/data/local-climatological-data/access/1914/02917099999.csv', 'https://www.ncei.noaa.gov/data/local-climatological-data/access/1914/02944099999.csv', 'https://www.ncei.noaa.gov/data/local-climatological-data/access/1914/02982099999.csv', 'https://www.ncei.noaa.gov/data/local-climatological-data/access/1914/04065099999.csv', 'https://www.ncei.noaa.gov/data/local-climatological-data/access/1914/22892099999.csv']
[2024-03-03T04:25:15.017+0000] {logging_mixin.py:188} INFO - ['https://www.ncei.noaa.gov/data/local-climatological-data/access/1915/02806099999.csv', 'https://www.ncei.noaa.gov/data/local-climatological-data/access/1915/02869099999.csv', 'https://www.ncei.noaa.gov/data/local-climatological-data/access/1915/02875099999.csv', 'https://www.ncei.noaa.gov/data/local-climatological-data/access/1915/02917099999.csv', 'https://www.ncei.noaa.gov/data/local-climatological-data/access/1915/02944099999.csv', 'https://www.ncei.noaa.gov/data/local-climatological-data/access/1915/02982099999.csv', 'https://www.ncei.noaa.gov/data/local-climatological-data/access/1915/04065099999.csv', 'https://www.ncei.noaa.gov/data/local-climatological-data/access/1915/22892099999.csv']
[2024-03-03T04:25:22.400+0000] {logging_mixin.py:188} INFO - ['https://www.ncei.noaa.gov/data/local-climatological-data/access/1916/02897099999.csv', 'https://www.ncei.noaa.gov/data/local-climatological-data/access/1916/04065099999.csv']
[2024-03-03T04:25:30.980+0000] {logging_mixin.py:188} INFO - ['https://www.ncei.noaa.gov/data/local-climatological-data/access/1917/02836099999.csv', 'https://www.ncei.noaa.gov/data/local-climatological-data/access/1917/02897099999.csv', 'https://www.ncei.noaa.gov/data/local-climatological-data/access/1917/02911099999.csv', 'https://www.ncei.noaa.gov/data/local-climatological-data/access/1917/02935099999.csv', 'https://www.ncei.noaa.gov/data/local-climatological-data/access/1917/02970099999.csv', 'https://www.ncei.noaa.gov/data/local-climatological-data/access/1917/02975099999.csv', 'https://www.ncei.noaa.gov/data/local-climatological-data/access/1917/04065099999.csv', 'https://www.ncei.noaa.gov/data/local-climatological-data/access/1917/22802099999.csv']
[2024-03-03T04:25:41.166+0000] {logging_mixin.py:188} INFO - ['https://www.ncei.noaa.gov/data/local-climatological-data/access/1918/02836099999.csv', 'https://www.ncei.noaa.gov/data/local-climatological-data/access/1918/02897099999.csv', 'https://www.ncei.noaa.gov/data/local-climatological-data/access/1918/02911099999.csv', 'https://www.ncei.noaa.gov/data/local-climatological-data/access/1918/02935099999.csv', 'https://www.ncei.noaa.gov/data/local-climatological-data/access/1918/02970099999.csv', 'https://www.ncei.noaa.gov/data/local-climatological-data/access/1918/02975099999.csv', 'https://www.ncei.noaa.gov/data/local-climatological-data/access/1918/04065099999.csv', 'https://www.ncei.noaa.gov/data/local-climatological-data/access/1918/22802099999.csv']
[2024-03-03T04:25:48.078+0000] {logging_mixin.py:188} INFO - ['https://www.ncei.noaa.gov/data/local-climatological-data/access/1919/02836099999.csv', 'https://www.ncei.noaa.gov/data/local-climatological-data/access/1919/02911099999.csv', 'https://www.ncei.noaa.gov/data/local-climatological-data/access/1919/02935099999.csv', 'https://www.ncei.noaa.gov/data/local-climatological-data/access/1919/02970099999.csv', 'https://www.ncei.noaa.gov/data/local-climatological-data/access/1919/02975099999.csv', 'https://www.ncei.noaa.gov/data/local-climatological-data/access/1919/04065099999.csv', 'https://www.ncei.noaa.gov/data/local-climatological-data/access/1919/22802099999.csv']
[2024-03-03T04:25:54.181+0000] {logging_mixin.py:188} INFO - ['https://www.ncei.noaa.gov/data/local-climatological-data/access/1920/02836099999.csv', 'https://www.ncei.noaa.gov/data/local-climatological-data/access/1920/02897099999.csv', 'https://www.ncei.noaa.gov/data/local-climatological-data/access/1920/02911099999.csv', 'https://www.ncei.noaa.gov/data/local-climatological-data/access/1920/02935099999.csv', 'https://www.ncei.noaa.gov/data/local-climatological-data/access/1920/02970099999.csv', 'https://www.ncei.noaa.gov/data/local-climatological-data/access/1920/02975099999.csv', 'https://www.ncei.noaa.gov/data/local-climatological-data/access/1920/04065099999.csv', 'https://www.ncei.noaa.gov/data/local-climatological-data/access/1920/22802099999.csv']
[2024-03-03T04:26:00.159+0000] {logging_mixin.py:188} INFO - ['https://www.ncei.noaa.gov/data/local-climatological-data/access/1921/02836099999.csv', 'https://www.ncei.noaa.gov/data/local-climatological-data/access/1921/02897099999.csv', 'https://www.ncei.noaa.gov/data/local-climatological-data/access/1921/02911099999.csv', 'https://www.ncei.noaa.gov/data/local-climatological-data/access/1921/02935099999.csv', 'https://www.ncei.noaa.gov/data/local-climatological-data/access/1921/02970099999.csv', 'https://www.ncei.noaa.gov/data/local-climatological-data/access/1921/02975099999.csv', 'https://www.ncei.noaa.gov/data/local-climatological-data/access/1921/04065099999.csv', 'https://www.ncei.noaa.gov/data/local-climatological-data/access/1921/22802099999.csv']
[2024-03-03T04:26:11.592+0000] {python.py:202} INFO - Done. Returned value was: None
[2024-03-03T04:26:11.609+0000] {taskinstance.py:1149} INFO - Marking task as SUCCESS. dag_id=fetch_data_files, task_id=get_files_1, execution_date=20160106T000000, start_date=20240303T042239, end_date=20240303T042611
[2024-03-03T04:26:11.635+0000] {local_task_job_runner.py:234} INFO - Task exited with return code 0
[2024-03-03T04:26:11.663+0000] {taskinstance.py:3309} INFO - 0 downstream tasks scheduled from follow-on schedule check
