[2024-03-10T12:33:07.825+0000] {taskinstance.py:1979} INFO - Dependencies all met for dep_context=non-requeueable deps ti=<TaskInstance: processing.archive_sensor scheduled__2024-03-10T12:31:00+00:00 [queued]>
[2024-03-10T12:33:07.838+0000] {taskinstance.py:1979} INFO - Dependencies all met for dep_context=requeueable deps ti=<TaskInstance: processing.archive_sensor scheduled__2024-03-10T12:31:00+00:00 [queued]>
[2024-03-10T12:33:07.840+0000] {taskinstance.py:2193} INFO - Starting attempt 1 of 1
[2024-03-10T12:33:07.858+0000] {taskinstance.py:2214} INFO - Executing <Task(FileSensor): archive_sensor> on 2024-03-10 12:31:00+00:00
[2024-03-10T12:33:07.875+0000] {standard_task_runner.py:60} INFO - Started process 250 to run task
[2024-03-10T12:33:07.884+0000] {standard_task_runner.py:87} INFO - Running: ['***', 'tasks', 'run', 'processing', 'archive_sensor', 'scheduled__2024-03-10T12:31:00+00:00', '--job-id', '38', '--raw', '--subdir', 'DAGS_FOLDER/process_data.py', '--cfg-path', '/tmp/tmp_1odl4bv']
[2024-03-10T12:33:07.893+0000] {standard_task_runner.py:88} INFO - Job 38: Subtask archive_sensor
[2024-03-10T12:33:07.924+0000] {logging_mixin.py:188} WARNING - /home/***/.local/lib/python3.11/site-packages/***/settings.py:194 DeprecationWarning: The sql_alchemy_conn option in [core] has been moved to the sql_alchemy_conn option in [database] - the old setting has been used, but please update your config.
[2024-03-10T12:33:08.056+0000] {task_command.py:423} INFO - Running <TaskInstance: processing.archive_sensor scheduled__2024-03-10T12:31:00+00:00 [running]> on host 81bb4583c109
[2024-03-10T12:33:08.240+0000] {taskinstance.py:2510} INFO - Exporting env vars: AIRFLOW_CTX_DAG_OWNER='***' AIRFLOW_CTX_DAG_ID='processing' AIRFLOW_CTX_TASK_ID='archive_sensor' AIRFLOW_CTX_EXECUTION_DATE='2024-03-10T12:31:00+00:00' AIRFLOW_CTX_TRY_NUMBER='1' AIRFLOW_CTX_DAG_RUN_ID='scheduled__2024-03-10T12:31:00+00:00'
[2024-03-10T12:33:08.264+0000] {base.py:83} INFO - Using connection ID 'fs_default' for task execution.
[2024-03-10T12:33:08.265+0000] {filesystem.py:66} INFO - Poking for file /opt/***/Files/Files.zip
[2024-03-10T12:33:13.277+0000] {base.py:83} INFO - Using connection ID 'fs_default' for task execution.
[2024-03-10T12:33:13.277+0000] {filesystem.py:66} INFO - Poking for file /opt/***/Files/Files.zip
[2024-03-10T12:33:18.294+0000] {base.py:83} INFO - Using connection ID 'fs_default' for task execution.
[2024-03-10T12:33:18.296+0000] {filesystem.py:66} INFO - Poking for file /opt/***/Files/Files.zip
[2024-03-10T12:33:23.288+0000] {base.py:83} INFO - Using connection ID 'fs_default' for task execution.
[2024-03-10T12:33:23.292+0000] {filesystem.py:66} INFO - Poking for file /opt/***/Files/Files.zip
[2024-03-10T12:33:28.326+0000] {base.py:83} INFO - Using connection ID 'fs_default' for task execution.
[2024-03-10T12:33:28.327+0000] {filesystem.py:66} INFO - Poking for file /opt/***/Files/Files.zip
[2024-03-10T12:33:33.346+0000] {base.py:83} INFO - Using connection ID 'fs_default' for task execution.
[2024-03-10T12:33:33.348+0000] {filesystem.py:66} INFO - Poking for file /opt/***/Files/Files.zip
[2024-03-10T12:33:38.378+0000] {base.py:83} INFO - Using connection ID 'fs_default' for task execution.
[2024-03-10T12:33:38.382+0000] {filesystem.py:66} INFO - Poking for file /opt/***/Files/Files.zip
[2024-03-10T12:33:43.425+0000] {base.py:83} INFO - Using connection ID 'fs_default' for task execution.
[2024-03-10T12:33:43.430+0000] {filesystem.py:66} INFO - Poking for file /opt/***/Files/Files.zip
[2024-03-10T12:33:48.447+0000] {base.py:83} INFO - Using connection ID 'fs_default' for task execution.
[2024-03-10T12:33:48.448+0000] {filesystem.py:66} INFO - Poking for file /opt/***/Files/Files.zip
[2024-03-10T12:33:53.831+0000] {base.py:83} INFO - Using connection ID 'fs_default' for task execution.
[2024-03-10T12:33:54.091+0000] {filesystem.py:66} INFO - Poking for file /opt/***/Files/Files.zip
[2024-03-10T12:33:59.220+0000] {base.py:83} INFO - Using connection ID 'fs_default' for task execution.
[2024-03-10T12:33:59.224+0000] {filesystem.py:66} INFO - Poking for file /opt/***/Files/Files.zip
[2024-03-10T12:34:04.311+0000] {base.py:83} INFO - Using connection ID 'fs_default' for task execution.
[2024-03-10T12:34:04.313+0000] {filesystem.py:66} INFO - Poking for file /opt/***/Files/Files.zip
[2024-03-10T12:34:09.394+0000] {base.py:83} INFO - Using connection ID 'fs_default' for task execution.
[2024-03-10T12:34:09.396+0000] {filesystem.py:66} INFO - Poking for file /opt/***/Files/Files.zip
[2024-03-10T12:34:14.538+0000] {base.py:83} INFO - Using connection ID 'fs_default' for task execution.
[2024-03-10T12:34:14.542+0000] {filesystem.py:66} INFO - Poking for file /opt/***/Files/Files.zip
[2024-03-10T12:34:19.572+0000] {base.py:83} INFO - Using connection ID 'fs_default' for task execution.
[2024-03-10T12:34:19.573+0000] {filesystem.py:66} INFO - Poking for file /opt/***/Files/Files.zip
[2024-03-10T12:34:24.589+0000] {base.py:83} INFO - Using connection ID 'fs_default' for task execution.
[2024-03-10T12:34:24.590+0000] {filesystem.py:66} INFO - Poking for file /opt/***/Files/Files.zip
[2024-03-10T12:34:29.602+0000] {base.py:83} INFO - Using connection ID 'fs_default' for task execution.
[2024-03-10T12:34:29.604+0000] {filesystem.py:66} INFO - Poking for file /opt/***/Files/Files.zip
[2024-03-10T12:34:34.615+0000] {base.py:83} INFO - Using connection ID 'fs_default' for task execution.
[2024-03-10T12:34:34.616+0000] {filesystem.py:66} INFO - Poking for file /opt/***/Files/Files.zip
[2024-03-10T12:34:39.636+0000] {base.py:83} INFO - Using connection ID 'fs_default' for task execution.
[2024-03-10T12:34:39.646+0000] {filesystem.py:66} INFO - Poking for file /opt/***/Files/Files.zip
[2024-03-10T12:34:44.676+0000] {base.py:83} INFO - Using connection ID 'fs_default' for task execution.
[2024-03-10T12:34:44.678+0000] {filesystem.py:66} INFO - Poking for file /opt/***/Files/Files.zip
[2024-03-10T12:34:49.700+0000] {base.py:83} INFO - Using connection ID 'fs_default' for task execution.
[2024-03-10T12:34:49.828+0000] {filesystem.py:66} INFO - Poking for file /opt/***/Files/Files.zip
[2024-03-10T12:34:54.857+0000] {base.py:83} INFO - Using connection ID 'fs_default' for task execution.
[2024-03-10T12:34:54.858+0000] {filesystem.py:66} INFO - Poking for file /opt/***/Files/Files.zip
[2024-03-10T12:34:59.880+0000] {base.py:83} INFO - Using connection ID 'fs_default' for task execution.
[2024-03-10T12:34:59.882+0000] {filesystem.py:66} INFO - Poking for file /opt/***/Files/Files.zip
[2024-03-10T12:35:04.896+0000] {base.py:83} INFO - Using connection ID 'fs_default' for task execution.
[2024-03-10T12:35:04.897+0000] {filesystem.py:66} INFO - Poking for file /opt/***/Files/Files.zip
[2024-03-10T12:35:09.909+0000] {base.py:83} INFO - Using connection ID 'fs_default' for task execution.
[2024-03-10T12:35:09.910+0000] {filesystem.py:66} INFO - Poking for file /opt/***/Files/Files.zip
[2024-03-10T12:35:14.923+0000] {base.py:83} INFO - Using connection ID 'fs_default' for task execution.
[2024-03-10T12:35:14.924+0000] {filesystem.py:66} INFO - Poking for file /opt/***/Files/Files.zip
[2024-03-10T12:35:19.943+0000] {base.py:83} INFO - Using connection ID 'fs_default' for task execution.
[2024-03-10T12:35:19.947+0000] {filesystem.py:66} INFO - Poking for file /opt/***/Files/Files.zip
[2024-03-10T12:35:24.967+0000] {base.py:83} INFO - Using connection ID 'fs_default' for task execution.
[2024-03-10T12:35:24.983+0000] {filesystem.py:66} INFO - Poking for file /opt/***/Files/Files.zip
[2024-03-10T12:35:30.006+0000] {base.py:83} INFO - Using connection ID 'fs_default' for task execution.
[2024-03-10T12:35:30.008+0000] {filesystem.py:66} INFO - Poking for file /opt/***/Files/Files.zip
[2024-03-10T12:35:35.020+0000] {base.py:83} INFO - Using connection ID 'fs_default' for task execution.
[2024-03-10T12:35:35.023+0000] {filesystem.py:66} INFO - Poking for file /opt/***/Files/Files.zip
[2024-03-10T12:35:40.050+0000] {base.py:83} INFO - Using connection ID 'fs_default' for task execution.
[2024-03-10T12:35:40.050+0000] {filesystem.py:66} INFO - Poking for file /opt/***/Files/Files.zip
[2024-03-10T12:35:45.084+0000] {base.py:83} INFO - Using connection ID 'fs_default' for task execution.
[2024-03-10T12:35:45.086+0000] {filesystem.py:66} INFO - Poking for file /opt/***/Files/Files.zip
[2024-03-10T12:35:50.113+0000] {base.py:83} INFO - Using connection ID 'fs_default' for task execution.
[2024-03-10T12:35:50.115+0000] {filesystem.py:66} INFO - Poking for file /opt/***/Files/Files.zip
[2024-03-10T12:35:55.141+0000] {base.py:83} INFO - Using connection ID 'fs_default' for task execution.
[2024-03-10T12:35:55.146+0000] {filesystem.py:66} INFO - Poking for file /opt/***/Files/Files.zip
[2024-03-10T12:36:00.168+0000] {base.py:83} INFO - Using connection ID 'fs_default' for task execution.
[2024-03-10T12:36:00.170+0000] {filesystem.py:66} INFO - Poking for file /opt/***/Files/Files.zip
[2024-03-10T12:36:05.185+0000] {base.py:83} INFO - Using connection ID 'fs_default' for task execution.
[2024-03-10T12:36:05.212+0000] {filesystem.py:66} INFO - Poking for file /opt/***/Files/Files.zip
[2024-03-10T12:36:10.232+0000] {base.py:83} INFO - Using connection ID 'fs_default' for task execution.
[2024-03-10T12:36:10.233+0000] {filesystem.py:66} INFO - Poking for file /opt/***/Files/Files.zip
[2024-03-10T12:36:15.250+0000] {base.py:83} INFO - Using connection ID 'fs_default' for task execution.
[2024-03-10T12:36:15.251+0000] {filesystem.py:66} INFO - Poking for file /opt/***/Files/Files.zip
[2024-03-10T12:36:20.263+0000] {base.py:83} INFO - Using connection ID 'fs_default' for task execution.
[2024-03-10T12:36:20.476+0000] {filesystem.py:66} INFO - Poking for file /opt/***/Files/Files.zip
[2024-03-10T12:36:26.078+0000] {base.py:83} INFO - Using connection ID 'fs_default' for task execution.
[2024-03-10T12:36:26.084+0000] {filesystem.py:66} INFO - Poking for file /opt/***/Files/Files.zip
[2024-03-10T12:36:31.109+0000] {base.py:83} INFO - Using connection ID 'fs_default' for task execution.
[2024-03-10T12:36:31.137+0000] {filesystem.py:66} INFO - Poking for file /opt/***/Files/Files.zip
[2024-03-10T12:36:36.159+0000] {base.py:83} INFO - Using connection ID 'fs_default' for task execution.
[2024-03-10T12:36:36.161+0000] {filesystem.py:66} INFO - Poking for file /opt/***/Files/Files.zip
[2024-03-10T12:36:41.181+0000] {base.py:83} INFO - Using connection ID 'fs_default' for task execution.
[2024-03-10T12:36:41.182+0000] {filesystem.py:66} INFO - Poking for file /opt/***/Files/Files.zip
[2024-03-10T12:36:46.216+0000] {base.py:83} INFO - Using connection ID 'fs_default' for task execution.
[2024-03-10T12:36:46.220+0000] {filesystem.py:66} INFO - Poking for file /opt/***/Files/Files.zip
[2024-03-10T12:36:51.232+0000] {base.py:83} INFO - Using connection ID 'fs_default' for task execution.
[2024-03-10T12:36:51.233+0000] {filesystem.py:66} INFO - Poking for file /opt/***/Files/Files.zip
[2024-03-10T12:36:56.250+0000] {base.py:83} INFO - Using connection ID 'fs_default' for task execution.
[2024-03-10T12:36:56.251+0000] {filesystem.py:66} INFO - Poking for file /opt/***/Files/Files.zip
[2024-03-10T12:37:01.262+0000] {base.py:83} INFO - Using connection ID 'fs_default' for task execution.
[2024-03-10T12:37:01.263+0000] {filesystem.py:66} INFO - Poking for file /opt/***/Files/Files.zip
[2024-03-10T12:37:06.276+0000] {base.py:83} INFO - Using connection ID 'fs_default' for task execution.
[2024-03-10T12:37:06.278+0000] {filesystem.py:66} INFO - Poking for file /opt/***/Files/Files.zip
[2024-03-10T12:37:11.294+0000] {base.py:83} INFO - Using connection ID 'fs_default' for task execution.
[2024-03-10T12:37:11.295+0000] {filesystem.py:66} INFO - Poking for file /opt/***/Files/Files.zip
[2024-03-10T12:37:16.309+0000] {base.py:83} INFO - Using connection ID 'fs_default' for task execution.
[2024-03-10T12:37:16.310+0000] {filesystem.py:66} INFO - Poking for file /opt/***/Files/Files.zip
[2024-03-10T12:37:21.326+0000] {base.py:83} INFO - Using connection ID 'fs_default' for task execution.
[2024-03-10T12:37:21.326+0000] {filesystem.py:66} INFO - Poking for file /opt/***/Files/Files.zip
[2024-03-10T12:37:26.337+0000] {base.py:83} INFO - Using connection ID 'fs_default' for task execution.
[2024-03-10T12:37:26.338+0000] {filesystem.py:66} INFO - Poking for file /opt/***/Files/Files.zip
[2024-03-10T12:37:31.367+0000] {base.py:83} INFO - Using connection ID 'fs_default' for task execution.
[2024-03-10T12:37:31.544+0000] {filesystem.py:66} INFO - Poking for file /opt/***/Files/Files.zip
[2024-03-10T12:37:36.672+0000] {base.py:83} INFO - Using connection ID 'fs_default' for task execution.
[2024-03-10T12:37:36.675+0000] {filesystem.py:66} INFO - Poking for file /opt/***/Files/Files.zip
[2024-03-10T12:37:41.689+0000] {base.py:83} INFO - Using connection ID 'fs_default' for task execution.
[2024-03-10T12:37:41.690+0000] {filesystem.py:66} INFO - Poking for file /opt/***/Files/Files.zip
[2024-03-10T12:37:46.703+0000] {base.py:83} INFO - Using connection ID 'fs_default' for task execution.
[2024-03-10T12:37:46.704+0000] {filesystem.py:66} INFO - Poking for file /opt/***/Files/Files.zip
[2024-03-10T12:37:51.719+0000] {base.py:83} INFO - Using connection ID 'fs_default' for task execution.
[2024-03-10T12:37:51.720+0000] {filesystem.py:66} INFO - Poking for file /opt/***/Files/Files.zip
[2024-03-10T12:37:56.735+0000] {base.py:83} INFO - Using connection ID 'fs_default' for task execution.
[2024-03-10T12:37:56.737+0000] {filesystem.py:66} INFO - Poking for file /opt/***/Files/Files.zip
[2024-03-10T12:38:01.758+0000] {base.py:83} INFO - Using connection ID 'fs_default' for task execution.
[2024-03-10T12:38:01.760+0000] {filesystem.py:66} INFO - Poking for file /opt/***/Files/Files.zip
[2024-03-10T12:38:06.778+0000] {base.py:83} INFO - Using connection ID 'fs_default' for task execution.
[2024-03-10T12:38:06.786+0000] {filesystem.py:66} INFO - Poking for file /opt/***/Files/Files.zip
[2024-03-10T12:38:11.805+0000] {base.py:83} INFO - Using connection ID 'fs_default' for task execution.
[2024-03-10T12:38:11.808+0000] {filesystem.py:66} INFO - Poking for file /opt/***/Files/Files.zip
[2024-03-10T12:38:16.841+0000] {base.py:83} INFO - Using connection ID 'fs_default' for task execution.
[2024-03-10T12:38:16.850+0000] {filesystem.py:66} INFO - Poking for file /opt/***/Files/Files.zip
[2024-03-10T12:38:21.866+0000] {base.py:83} INFO - Using connection ID 'fs_default' for task execution.
[2024-03-10T12:38:21.869+0000] {filesystem.py:66} INFO - Poking for file /opt/***/Files/Files.zip
[2024-03-10T12:38:26.885+0000] {base.py:83} INFO - Using connection ID 'fs_default' for task execution.
[2024-03-10T12:38:26.886+0000] {filesystem.py:66} INFO - Poking for file /opt/***/Files/Files.zip
[2024-03-10T12:38:31.897+0000] {base.py:83} INFO - Using connection ID 'fs_default' for task execution.
[2024-03-10T12:38:31.905+0000] {filesystem.py:66} INFO - Poking for file /opt/***/Files/Files.zip
[2024-03-10T12:38:36.918+0000] {base.py:83} INFO - Using connection ID 'fs_default' for task execution.
[2024-03-10T12:38:36.919+0000] {filesystem.py:66} INFO - Poking for file /opt/***/Files/Files.zip
[2024-03-10T12:38:41.931+0000] {base.py:83} INFO - Using connection ID 'fs_default' for task execution.
[2024-03-10T12:38:41.945+0000] {filesystem.py:66} INFO - Poking for file /opt/***/Files/Files.zip
[2024-03-10T12:38:46.961+0000] {base.py:83} INFO - Using connection ID 'fs_default' for task execution.
[2024-03-10T12:38:46.962+0000] {filesystem.py:66} INFO - Poking for file /opt/***/Files/Files.zip
[2024-03-10T12:38:48.138+0000] {local_task_job_runner.py:302} WARNING - State of this instance has been externally set to failed. Terminating instance.
[2024-03-10T12:38:48.181+0000] {process_utils.py:131} INFO - Sending 15 to group 250. PIDs of all processes in the group: [250]
[2024-03-10T12:38:48.186+0000] {process_utils.py:86} INFO - Sending the signal 15 to group 250
[2024-03-10T12:38:48.188+0000] {taskinstance.py:2480} ERROR - Received SIGTERM. Terminating subprocesses.
[2024-03-10T12:38:48.360+0000] {process_utils.py:79} INFO - Process psutil.Process(pid=250, status='terminated', exitcode=0, started='12:33:07') (250) terminated with exit code 0
