[2024-03-10T12:35:03.939+0000] {taskinstance.py:1979} INFO - Dependencies all met for dep_context=non-requeueable deps ti=<TaskInstance: processing.archive_sensor scheduled__2024-03-10T12:34:00+00:00 [queued]>
[2024-03-10T12:35:03.952+0000] {taskinstance.py:1979} INFO - Dependencies all met for dep_context=requeueable deps ti=<TaskInstance: processing.archive_sensor scheduled__2024-03-10T12:34:00+00:00 [queued]>
[2024-03-10T12:35:03.953+0000] {taskinstance.py:2193} INFO - Starting attempt 1 of 1
[2024-03-10T12:35:03.968+0000] {taskinstance.py:2214} INFO - Executing <Task(FileSensor): archive_sensor> on 2024-03-10 12:34:00+00:00
[2024-03-10T12:35:03.979+0000] {standard_task_runner.py:60} INFO - Started process 313 to run task
[2024-03-10T12:35:03.986+0000] {standard_task_runner.py:87} INFO - Running: ['***', 'tasks', 'run', 'processing', 'archive_sensor', 'scheduled__2024-03-10T12:34:00+00:00', '--job-id', '47', '--raw', '--subdir', 'DAGS_FOLDER/process_data.py', '--cfg-path', '/tmp/tmpp24sfxtr']
[2024-03-10T12:35:03.993+0000] {standard_task_runner.py:88} INFO - Job 47: Subtask archive_sensor
[2024-03-10T12:35:04.033+0000] {logging_mixin.py:188} WARNING - /home/***/.local/lib/python3.11/site-packages/***/settings.py:194 DeprecationWarning: The sql_alchemy_conn option in [core] has been moved to the sql_alchemy_conn option in [database] - the old setting has been used, but please update your config.
[2024-03-10T12:35:04.126+0000] {task_command.py:423} INFO - Running <TaskInstance: processing.archive_sensor scheduled__2024-03-10T12:34:00+00:00 [running]> on host 81bb4583c109
[2024-03-10T12:35:04.268+0000] {taskinstance.py:2510} INFO - Exporting env vars: AIRFLOW_CTX_DAG_OWNER='***' AIRFLOW_CTX_DAG_ID='processing' AIRFLOW_CTX_TASK_ID='archive_sensor' AIRFLOW_CTX_EXECUTION_DATE='2024-03-10T12:34:00+00:00' AIRFLOW_CTX_TRY_NUMBER='1' AIRFLOW_CTX_DAG_RUN_ID='scheduled__2024-03-10T12:34:00+00:00'
[2024-03-10T12:35:04.285+0000] {base.py:83} INFO - Using connection ID 'fs_default' for task execution.
[2024-03-10T12:35:04.286+0000] {filesystem.py:66} INFO - Poking for file /opt/***/Files/Files.zip
[2024-03-10T12:35:09.297+0000] {base.py:83} INFO - Using connection ID 'fs_default' for task execution.
[2024-03-10T12:35:09.299+0000] {filesystem.py:66} INFO - Poking for file /opt/***/Files/Files.zip
[2024-03-10T12:35:14.315+0000] {base.py:83} INFO - Using connection ID 'fs_default' for task execution.
[2024-03-10T12:35:14.385+0000] {filesystem.py:66} INFO - Poking for file /opt/***/Files/Files.zip
[2024-03-10T12:35:19.396+0000] {base.py:83} INFO - Using connection ID 'fs_default' for task execution.
[2024-03-10T12:35:19.397+0000] {filesystem.py:66} INFO - Poking for file /opt/***/Files/Files.zip
[2024-03-10T12:35:24.426+0000] {base.py:83} INFO - Using connection ID 'fs_default' for task execution.
[2024-03-10T12:35:24.445+0000] {filesystem.py:66} INFO - Poking for file /opt/***/Files/Files.zip
[2024-03-10T12:35:29.469+0000] {base.py:83} INFO - Using connection ID 'fs_default' for task execution.
[2024-03-10T12:35:29.471+0000] {filesystem.py:66} INFO - Poking for file /opt/***/Files/Files.zip
[2024-03-10T12:35:34.491+0000] {base.py:83} INFO - Using connection ID 'fs_default' for task execution.
[2024-03-10T12:35:34.492+0000] {filesystem.py:66} INFO - Poking for file /opt/***/Files/Files.zip
[2024-03-10T12:35:39.504+0000] {base.py:83} INFO - Using connection ID 'fs_default' for task execution.
[2024-03-10T12:35:39.506+0000] {filesystem.py:66} INFO - Poking for file /opt/***/Files/Files.zip
[2024-03-10T12:35:44.518+0000] {base.py:83} INFO - Using connection ID 'fs_default' for task execution.
[2024-03-10T12:35:44.519+0000] {filesystem.py:66} INFO - Poking for file /opt/***/Files/Files.zip
[2024-03-10T12:35:49.533+0000] {base.py:83} INFO - Using connection ID 'fs_default' for task execution.
[2024-03-10T12:35:49.534+0000] {filesystem.py:66} INFO - Poking for file /opt/***/Files/Files.zip
[2024-03-10T12:35:54.547+0000] {base.py:83} INFO - Using connection ID 'fs_default' for task execution.
[2024-03-10T12:35:54.548+0000] {filesystem.py:66} INFO - Poking for file /opt/***/Files/Files.zip
[2024-03-10T12:35:59.560+0000] {base.py:83} INFO - Using connection ID 'fs_default' for task execution.
[2024-03-10T12:35:59.561+0000] {filesystem.py:66} INFO - Poking for file /opt/***/Files/Files.zip
[2024-03-10T12:36:04.573+0000] {base.py:83} INFO - Using connection ID 'fs_default' for task execution.
[2024-03-10T12:36:04.588+0000] {filesystem.py:66} INFO - Poking for file /opt/***/Files/Files.zip
[2024-03-10T12:36:09.600+0000] {base.py:83} INFO - Using connection ID 'fs_default' for task execution.
[2024-03-10T12:36:09.601+0000] {filesystem.py:66} INFO - Poking for file /opt/***/Files/Files.zip
[2024-03-10T12:36:14.613+0000] {base.py:83} INFO - Using connection ID 'fs_default' for task execution.
[2024-03-10T12:36:14.614+0000] {filesystem.py:66} INFO - Poking for file /opt/***/Files/Files.zip
[2024-03-10T12:36:19.626+0000] {base.py:83} INFO - Using connection ID 'fs_default' for task execution.
[2024-03-10T12:36:19.755+0000] {filesystem.py:66} INFO - Poking for file /opt/***/Files/Files.zip
[2024-03-10T12:36:24.787+0000] {base.py:83} INFO - Using connection ID 'fs_default' for task execution.
[2024-03-10T12:36:24.797+0000] {filesystem.py:66} INFO - Poking for file /opt/***/Files/Files.zip
[2024-03-10T12:36:29.823+0000] {base.py:83} INFO - Using connection ID 'fs_default' for task execution.
[2024-03-10T12:36:29.825+0000] {filesystem.py:66} INFO - Poking for file /opt/***/Files/Files.zip
[2024-03-10T12:36:34.844+0000] {base.py:83} INFO - Using connection ID 'fs_default' for task execution.
[2024-03-10T12:36:34.846+0000] {filesystem.py:66} INFO - Poking for file /opt/***/Files/Files.zip
[2024-03-10T12:36:39.860+0000] {base.py:83} INFO - Using connection ID 'fs_default' for task execution.
[2024-03-10T12:36:39.861+0000] {filesystem.py:66} INFO - Poking for file /opt/***/Files/Files.zip
[2024-03-10T12:36:44.875+0000] {base.py:83} INFO - Using connection ID 'fs_default' for task execution.
[2024-03-10T12:36:44.876+0000] {filesystem.py:66} INFO - Poking for file /opt/***/Files/Files.zip
[2024-03-10T12:36:49.891+0000] {base.py:83} INFO - Using connection ID 'fs_default' for task execution.
[2024-03-10T12:36:49.892+0000] {filesystem.py:66} INFO - Poking for file /opt/***/Files/Files.zip
[2024-03-10T12:36:54.905+0000] {base.py:83} INFO - Using connection ID 'fs_default' for task execution.
[2024-03-10T12:36:54.918+0000] {filesystem.py:66} INFO - Poking for file /opt/***/Files/Files.zip
[2024-03-10T12:36:59.930+0000] {base.py:83} INFO - Using connection ID 'fs_default' for task execution.
[2024-03-10T12:36:59.932+0000] {filesystem.py:66} INFO - Poking for file /opt/***/Files/Files.zip
[2024-03-10T12:37:04.949+0000] {base.py:83} INFO - Using connection ID 'fs_default' for task execution.
[2024-03-10T12:37:04.951+0000] {filesystem.py:66} INFO - Poking for file /opt/***/Files/Files.zip
[2024-03-10T12:37:09.974+0000] {base.py:83} INFO - Using connection ID 'fs_default' for task execution.
[2024-03-10T12:37:09.976+0000] {filesystem.py:66} INFO - Poking for file /opt/***/Files/Files.zip
[2024-03-10T12:37:14.993+0000] {base.py:83} INFO - Using connection ID 'fs_default' for task execution.
[2024-03-10T12:37:14.994+0000] {filesystem.py:66} INFO - Poking for file /opt/***/Files/Files.zip
[2024-03-10T12:37:20.007+0000] {base.py:83} INFO - Using connection ID 'fs_default' for task execution.
[2024-03-10T12:37:20.008+0000] {filesystem.py:66} INFO - Poking for file /opt/***/Files/Files.zip
[2024-03-10T12:37:25.019+0000] {base.py:83} INFO - Using connection ID 'fs_default' for task execution.
[2024-03-10T12:37:25.020+0000] {filesystem.py:66} INFO - Poking for file /opt/***/Files/Files.zip
[2024-03-10T12:37:30.032+0000] {base.py:83} INFO - Using connection ID 'fs_default' for task execution.
[2024-03-10T12:37:30.033+0000] {filesystem.py:66} INFO - Poking for file /opt/***/Files/Files.zip
[2024-03-10T12:37:35.045+0000] {base.py:83} INFO - Using connection ID 'fs_default' for task execution.
[2024-03-10T12:37:35.050+0000] {filesystem.py:66} INFO - Poking for file /opt/***/Files/Files.zip
[2024-03-10T12:37:40.061+0000] {base.py:83} INFO - Using connection ID 'fs_default' for task execution.
[2024-03-10T12:37:40.062+0000] {filesystem.py:66} INFO - Poking for file /opt/***/Files/Files.zip
[2024-03-10T12:37:45.074+0000] {base.py:83} INFO - Using connection ID 'fs_default' for task execution.
[2024-03-10T12:37:45.076+0000] {filesystem.py:66} INFO - Poking for file /opt/***/Files/Files.zip
[2024-03-10T12:37:50.089+0000] {base.py:83} INFO - Using connection ID 'fs_default' for task execution.
[2024-03-10T12:37:50.091+0000] {filesystem.py:66} INFO - Poking for file /opt/***/Files/Files.zip
[2024-03-10T12:37:55.111+0000] {base.py:83} INFO - Using connection ID 'fs_default' for task execution.
[2024-03-10T12:37:55.113+0000] {filesystem.py:66} INFO - Poking for file /opt/***/Files/Files.zip
[2024-03-10T12:38:00.129+0000] {base.py:83} INFO - Using connection ID 'fs_default' for task execution.
[2024-03-10T12:38:00.130+0000] {filesystem.py:66} INFO - Poking for file /opt/***/Files/Files.zip
[2024-03-10T12:38:05.142+0000] {base.py:83} INFO - Using connection ID 'fs_default' for task execution.
[2024-03-10T12:38:05.144+0000] {filesystem.py:66} INFO - Poking for file /opt/***/Files/Files.zip
[2024-03-10T12:38:10.159+0000] {base.py:83} INFO - Using connection ID 'fs_default' for task execution.
[2024-03-10T12:38:10.161+0000] {filesystem.py:66} INFO - Poking for file /opt/***/Files/Files.zip
[2024-03-10T12:38:15.173+0000] {base.py:83} INFO - Using connection ID 'fs_default' for task execution.
[2024-03-10T12:38:15.175+0000] {filesystem.py:66} INFO - Poking for file /opt/***/Files/Files.zip
[2024-03-10T12:38:20.191+0000] {base.py:83} INFO - Using connection ID 'fs_default' for task execution.
[2024-03-10T12:38:20.192+0000] {filesystem.py:66} INFO - Poking for file /opt/***/Files/Files.zip
[2024-03-10T12:38:25.215+0000] {base.py:83} INFO - Using connection ID 'fs_default' for task execution.
[2024-03-10T12:38:25.217+0000] {filesystem.py:66} INFO - Poking for file /opt/***/Files/Files.zip
[2024-03-10T12:38:30.245+0000] {base.py:83} INFO - Using connection ID 'fs_default' for task execution.
[2024-03-10T12:38:30.247+0000] {filesystem.py:66} INFO - Poking for file /opt/***/Files/Files.zip
[2024-03-10T12:38:35.259+0000] {base.py:83} INFO - Using connection ID 'fs_default' for task execution.
[2024-03-10T12:38:35.261+0000] {filesystem.py:66} INFO - Poking for file /opt/***/Files/Files.zip
[2024-03-10T12:38:40.272+0000] {base.py:83} INFO - Using connection ID 'fs_default' for task execution.
[2024-03-10T12:38:40.274+0000] {filesystem.py:66} INFO - Poking for file /opt/***/Files/Files.zip
[2024-03-10T12:38:45.286+0000] {base.py:83} INFO - Using connection ID 'fs_default' for task execution.
[2024-03-10T12:38:45.287+0000] {filesystem.py:66} INFO - Poking for file /opt/***/Files/Files.zip
[2024-03-10T12:38:46.860+0000] {local_task_job_runner.py:302} WARNING - State of this instance has been externally set to failed. Terminating instance.
[2024-03-10T12:38:46.871+0000] {process_utils.py:131} INFO - Sending 15 to group 313. PIDs of all processes in the group: [313]
[2024-03-10T12:38:46.872+0000] {process_utils.py:86} INFO - Sending the signal 15 to group 313
[2024-03-10T12:38:46.875+0000] {taskinstance.py:2480} ERROR - Received SIGTERM. Terminating subprocesses.
[2024-03-10T12:38:46.925+0000] {process_utils.py:79} INFO - Process psutil.Process(pid=313, status='terminated', exitcode=0, started='12:35:03') (313) terminated with exit code 0
