[2024-03-10T14:17:56.257+0000] {taskinstance.py:1979} INFO - Dependencies all met for dep_context=non-requeueable deps ti=<TaskInstance: processing.Create_merge_datasets_6 manual__2024-03-10T14:17:48.862093+00:00 [queued]>
[2024-03-10T14:17:56.267+0000] {taskinstance.py:1979} INFO - Dependencies all met for dep_context=requeueable deps ti=<TaskInstance: processing.Create_merge_datasets_6 manual__2024-03-10T14:17:48.862093+00:00 [queued]>
[2024-03-10T14:17:56.267+0000] {taskinstance.py:2193} INFO - Starting attempt 1 of 1
[2024-03-10T14:17:56.283+0000] {taskinstance.py:2214} INFO - Executing <Task(PythonOperator): Create_merge_datasets_6> on 2024-03-10 14:17:48.862093+00:00
[2024-03-10T14:17:56.291+0000] {standard_task_runner.py:60} INFO - Started process 2703 to run task
[2024-03-10T14:17:56.299+0000] {standard_task_runner.py:87} INFO - Running: ['***', 'tasks', 'run', 'processing', 'Create_merge_datasets_6', 'manual__2024-03-10T14:17:48.862093+00:00', '--job-id', '104', '--raw', '--subdir', 'DAGS_FOLDER/process_data.py', '--cfg-path', '/tmp/tmpb3xub1w2']
[2024-03-10T14:17:56.302+0000] {standard_task_runner.py:88} INFO - Job 104: Subtask Create_merge_datasets_6
[2024-03-10T14:17:56.323+0000] {logging_mixin.py:188} WARNING - /home/***/.local/lib/python3.11/site-packages/***/settings.py:194 DeprecationWarning: The sql_alchemy_conn option in [core] has been moved to the sql_alchemy_conn option in [database] - the old setting has been used, but please update your config.
[2024-03-10T14:17:56.367+0000] {task_command.py:423} INFO - Running <TaskInstance: processing.Create_merge_datasets_6 manual__2024-03-10T14:17:48.862093+00:00 [running]> on host 81bb4583c109
[2024-03-10T14:17:56.454+0000] {taskinstance.py:2510} INFO - Exporting env vars: AIRFLOW_CTX_DAG_OWNER='***' AIRFLOW_CTX_DAG_ID='processing' AIRFLOW_CTX_TASK_ID='Create_merge_datasets_6' AIRFLOW_CTX_EXECUTION_DATE='2024-03-10T14:17:48.862093+00:00' AIRFLOW_CTX_TRY_NUMBER='1' AIRFLOW_CTX_DAG_RUN_ID='manual__2024-03-10T14:17:48.862093+00:00'
[2024-03-10T14:17:56.533+0000] {logging_mixin.py:188} WARNING - /opt/***/dags/process_data.py:47 DtypeWarning: Columns (21,23) have mixed types. Specify dtype option on import or set low_memory=False.
[2024-03-10T14:17:56.764+0000] {logging_mixin.py:188} WARNING - /opt/***/dags/process_data.py:47 DtypeWarning: Columns (23) have mixed types. Specify dtype option on import or set low_memory=False.
[2024-03-10T14:17:57.272+0000] {logging_mixin.py:188} WARNING - /opt/***/dags/process_data.py:47 DtypeWarning: Columns (10) have mixed types. Specify dtype option on import or set low_memory=False.
[2024-03-10T14:17:57.447+0000] {logging_mixin.py:188} WARNING - /opt/***/dags/process_data.py:47 DtypeWarning: Columns (17) have mixed types. Specify dtype option on import or set low_memory=False.
[2024-03-10T14:17:58.082+0000] {logging_mixin.py:188} WARNING - /opt/***/dags/process_data.py:47 DtypeWarning: Columns (10,23) have mixed types. Specify dtype option on import or set low_memory=False.
[2024-03-10T14:17:58.715+0000] {logging_mixin.py:188} WARNING - /opt/***/dags/process_data.py:47 DtypeWarning: Columns (10,23) have mixed types. Specify dtype option on import or set low_memory=False.
[2024-03-10T14:17:59.264+0000] {logging_mixin.py:188} WARNING - /opt/***/dags/process_data.py:47 DtypeWarning: Columns (10) have mixed types. Specify dtype option on import or set low_memory=False.
[2024-03-10T14:17:59.375+0000] {logging_mixin.py:188} WARNING - /opt/***/dags/process_data.py:47 DtypeWarning: Columns (10) have mixed types. Specify dtype option on import or set low_memory=False.
[2024-03-10T14:18:00.263+0000] {python.py:202} INFO - Done. Returned value was: None
[2024-03-10T14:18:00.279+0000] {taskinstance.py:1149} INFO - Marking task as SUCCESS. dag_id=processing, task_id=Create_merge_datasets_6, execution_date=20240310T141748, start_date=20240310T141756, end_date=20240310T141800
[2024-03-10T14:18:00.328+0000] {local_task_job_runner.py:234} INFO - Task exited with return code 0
[2024-03-10T14:18:00.354+0000] {taskinstance.py:3309} INFO - 0 downstream tasks scheduled from follow-on schedule check
