[2024-03-10T16:31:28.971+0000] {taskinstance.py:1979} INFO - Dependencies all met for dep_context=non-requeueable deps ti=<TaskInstance: processing.Create_merge_datasets_4 manual__2024-03-10T16:31:12.687789+00:00 [queued]>
[2024-03-10T16:31:28.988+0000] {taskinstance.py:1979} INFO - Dependencies all met for dep_context=requeueable deps ti=<TaskInstance: processing.Create_merge_datasets_4 manual__2024-03-10T16:31:12.687789+00:00 [queued]>
[2024-03-10T16:31:28.989+0000] {taskinstance.py:2193} INFO - Starting attempt 1 of 1
[2024-03-10T16:31:29.014+0000] {taskinstance.py:2214} INFO - Executing <Task(PythonOperator): Create_merge_datasets_4> on 2024-03-10 16:31:12.687789+00:00
[2024-03-10T16:31:29.025+0000] {standard_task_runner.py:60} INFO - Started process 781 to run task
[2024-03-10T16:31:29.034+0000] {standard_task_runner.py:87} INFO - Running: ['***', 'tasks', 'run', 'processing', 'Create_merge_datasets_4', 'manual__2024-03-10T16:31:12.687789+00:00', '--job-id', '47', '--raw', '--subdir', 'DAGS_FOLDER/process_data.py', '--cfg-path', '/tmp/tmpro8d0czb']
[2024-03-10T16:31:29.038+0000] {standard_task_runner.py:88} INFO - Job 47: Subtask Create_merge_datasets_4
[2024-03-10T16:31:29.067+0000] {logging_mixin.py:188} WARNING - /home/***/.local/lib/python3.11/site-packages/***/settings.py:194 DeprecationWarning: The sql_alchemy_conn option in [core] has been moved to the sql_alchemy_conn option in [database] - the old setting has been used, but please update your config.
[2024-03-10T16:31:29.141+0000] {task_command.py:423} INFO - Running <TaskInstance: processing.Create_merge_datasets_4 manual__2024-03-10T16:31:12.687789+00:00 [running]> on host 65d624ba7e11
[2024-03-10T16:31:29.267+0000] {taskinstance.py:2510} INFO - Exporting env vars: AIRFLOW_CTX_DAG_OWNER='***' AIRFLOW_CTX_DAG_ID='processing' AIRFLOW_CTX_TASK_ID='Create_merge_datasets_4' AIRFLOW_CTX_EXECUTION_DATE='2024-03-10T16:31:12.687789+00:00' AIRFLOW_CTX_TRY_NUMBER='1' AIRFLOW_CTX_DAG_RUN_ID='manual__2024-03-10T16:31:12.687789+00:00'
[2024-03-10T16:31:29.358+0000] {logging_mixin.py:188} WARNING - /opt/***/dags/process_data.py:53 UserWarning: Could not infer format, so each element will be parsed individually, falling back to `dateutil`. To ensure parsing is consistent and as-expected, please specify a format.
[2024-03-10T16:31:29.366+0000] {taskinstance.py:2728} ERROR - Task failed with exception
Traceback (most recent call last):
  File "/home/airflow/.local/lib/python3.11/site-packages/airflow/models/taskinstance.py", line 444, in _execute_task
    result = _execute_callable(context=context, **execute_callable_kwargs)
             ^^^^^^^^^^^^^^^^^^^^^^^^^^^^^^^^^^^^^^^^^^^^^^^^^^^^^^^^^^^^^
  File "/home/airflow/.local/lib/python3.11/site-packages/airflow/models/taskinstance.py", line 414, in _execute_callable
    return execute_callable(context=context, **execute_callable_kwargs)
           ^^^^^^^^^^^^^^^^^^^^^^^^^^^^^^^^^^^^^^^^^^^^^^^^^^^^^^^^^^^^
  File "/home/airflow/.local/lib/python3.11/site-packages/airflow/operators/python.py", line 200, in execute
    return_value = self.execute_callable()
                   ^^^^^^^^^^^^^^^^^^^^^^^
  File "/home/airflow/.local/lib/python3.11/site-packages/airflow/operators/python.py", line 217, in execute_callable
    return self.python_callable(*self.op_args, **self.op_kwargs)
           ^^^^^^^^^^^^^^^^^^^^^^^^^^^^^^^^^^^^^^^^^^^^^^^^^^^^^
  File "/opt/airflow/dags/process_data.py", line 56, in get_avg_csv
    df = df.groupby(df['DATE'].dt.month).mean()
                    ^^^^^^^^^^^^^
  File "/home/airflow/.local/lib/python3.11/site-packages/pandas/core/generic.py", line 6204, in __getattr__
    return object.__getattribute__(self, name)
           ^^^^^^^^^^^^^^^^^^^^^^^^^^^^^^^^^^^
  File "/home/airflow/.local/lib/python3.11/site-packages/pandas/core/accessor.py", line 224, in __get__
    accessor_obj = self._accessor(obj)
                   ^^^^^^^^^^^^^^^^^^^
  File "/home/airflow/.local/lib/python3.11/site-packages/pandas/core/indexes/accessors.py", line 608, in __new__
    raise AttributeError("Can only use .dt accessor with datetimelike values")
AttributeError: Can only use .dt accessor with datetimelike values
[2024-03-10T16:31:29.408+0000] {taskinstance.py:1149} INFO - Marking task as FAILED. dag_id=processing, task_id=Create_merge_datasets_4, execution_date=20240310T163112, start_date=20240310T163128, end_date=20240310T163129
[2024-03-10T16:31:29.427+0000] {standard_task_runner.py:107} ERROR - Failed to execute job 47 for task Create_merge_datasets_4 (Can only use .dt accessor with datetimelike values; 781)
[2024-03-10T16:31:29.448+0000] {local_task_job_runner.py:234} INFO - Task exited with return code 1
[2024-03-10T16:31:29.489+0000] {taskinstance.py:3309} INFO - 0 downstream tasks scheduled from follow-on schedule check
