[2024-03-03T03:17:32.060+0000] {taskinstance.py:1979} INFO - Dependencies all met for dep_context=non-requeueable deps ti=<TaskInstance: fetch_data_files.get_files_2 scheduled__2016-03-15T00:00:00+00:00 [queued]>
[2024-03-03T03:17:32.076+0000] {taskinstance.py:1979} INFO - Dependencies all met for dep_context=requeueable deps ti=<TaskInstance: fetch_data_files.get_files_2 scheduled__2016-03-15T00:00:00+00:00 [queued]>
[2024-03-03T03:17:32.077+0000] {taskinstance.py:2193} INFO - Starting attempt 1 of 1
[2024-03-03T03:17:32.105+0000] {taskinstance.py:2214} INFO - Executing <Task(PythonOperator): get_files_2> on 2016-03-15 00:00:00+00:00
[2024-03-03T03:17:32.116+0000] {standard_task_runner.py:60} INFO - Started process 1182 to run task
[2024-03-03T03:17:32.127+0000] {standard_task_runner.py:87} INFO - Running: ['***', 'tasks', 'run', 'fetch_data_files', 'get_files_2', 'scheduled__2016-03-15T00:00:00+00:00', '--job-id', '462', '--raw', '--subdir', 'DAGS_FOLDER/dummy_dag.py', '--cfg-path', '/tmp/tmp_18i44ns']
[2024-03-03T03:17:32.133+0000] {standard_task_runner.py:88} INFO - Job 462: Subtask get_files_2
[2024-03-03T03:17:32.168+0000] {logging_mixin.py:188} WARNING - /home/***/.local/lib/python3.11/site-packages/***/settings.py:194 DeprecationWarning: The sql_alchemy_conn option in [core] has been moved to the sql_alchemy_conn option in [database] - the old setting has been used, but please update your config.
[2024-03-03T03:17:32.249+0000] {task_command.py:423} INFO - Running <TaskInstance: fetch_data_files.get_files_2 scheduled__2016-03-15T00:00:00+00:00 [running]> on host eb03c8b8b5fd
[2024-03-03T03:17:32.381+0000] {taskinstance.py:2510} INFO - Exporting env vars: AIRFLOW_CTX_DAG_OWNER='***' AIRFLOW_CTX_DAG_ID='fetch_data_files' AIRFLOW_CTX_TASK_ID='get_files_2' AIRFLOW_CTX_EXECUTION_DATE='2016-03-15T00:00:00+00:00' AIRFLOW_CTX_TRY_NUMBER='1' AIRFLOW_CTX_DAG_RUN_ID='scheduled__2016-03-15T00:00:00+00:00'
[2024-03-03T03:17:33.886+0000] {taskinstance.py:2728} ERROR - Task failed with exception
Traceback (most recent call last):
  File "/home/airflow/.local/lib/python3.11/site-packages/airflow/models/taskinstance.py", line 444, in _execute_task
    result = _execute_callable(context=context, **execute_callable_kwargs)
             ^^^^^^^^^^^^^^^^^^^^^^^^^^^^^^^^^^^^^^^^^^^^^^^^^^^^^^^^^^^^^
  File "/home/airflow/.local/lib/python3.11/site-packages/airflow/models/taskinstance.py", line 414, in _execute_callable
    return execute_callable(context=context, **execute_callable_kwargs)
           ^^^^^^^^^^^^^^^^^^^^^^^^^^^^^^^^^^^^^^^^^^^^^^^^^^^^^^^^^^^^
  File "/home/airflow/.local/lib/python3.11/site-packages/airflow/operators/python.py", line 200, in execute
    return_value = self.execute_callable()
                   ^^^^^^^^^^^^^^^^^^^^^^^
  File "/home/airflow/.local/lib/python3.11/site-packages/airflow/operators/python.py", line 217, in execute_callable
    return self.python_callable(*self.op_args, **self.op_kwargs)
           ^^^^^^^^^^^^^^^^^^^^^^^^^^^^^^^^^^^^^^^^^^^^^^^^^^^^^
  File "/opt/airflow/dags/dummy_dag.py", line 29, in download_years_list
    page = urlopen(url)
           ^^^^^^^^^^^^
  File "/usr/local/lib/python3.11/urllib/request.py", line 216, in urlopen
    return opener.open(url, data, timeout)
           ^^^^^^^^^^^^^^^^^^^^^^^^^^^^^^^
  File "/usr/local/lib/python3.11/urllib/request.py", line 525, in open
    response = meth(req, response)
               ^^^^^^^^^^^^^^^^^^^
  File "/usr/local/lib/python3.11/urllib/request.py", line 634, in http_response
    response = self.parent.error(
               ^^^^^^^^^^^^^^^^^^
  File "/usr/local/lib/python3.11/urllib/request.py", line 563, in error
    return self._call_chain(*args)
           ^^^^^^^^^^^^^^^^^^^^^^^
  File "/usr/local/lib/python3.11/urllib/request.py", line 496, in _call_chain
    result = func(*args)
             ^^^^^^^^^^^
  File "/usr/local/lib/python3.11/urllib/request.py", line 643, in http_error_default
    raise HTTPError(req.full_url, code, msg, hdrs, fp)
urllib.error.HTTPError: HTTP Error 404: Not Found
[2024-03-03T03:17:33.914+0000] {taskinstance.py:1149} INFO - Marking task as FAILED. dag_id=fetch_data_files, task_id=get_files_2, execution_date=20160315T000000, start_date=20240303T031732, end_date=20240303T031733
[2024-03-03T03:17:33.928+0000] {standard_task_runner.py:107} ERROR - Failed to execute job 462 for task get_files_2 (HTTP Error 404: Not Found; 1182)
[2024-03-03T03:17:33.943+0000] {local_task_job_runner.py:234} INFO - Task exited with return code 1
[2024-03-03T03:17:33.964+0000] {taskinstance.py:3309} INFO - 0 downstream tasks scheduled from follow-on schedule check
[2024-03-03T03:33:33.143+0000] {taskinstance.py:1979} INFO - Dependencies all met for dep_context=non-requeueable deps ti=<TaskInstance: fetch_data_files.get_files_2 scheduled__2016-03-15T00:00:00+00:00 [queued]>
[2024-03-03T03:33:33.164+0000] {taskinstance.py:1979} INFO - Dependencies all met for dep_context=requeueable deps ti=<TaskInstance: fetch_data_files.get_files_2 scheduled__2016-03-15T00:00:00+00:00 [queued]>
[2024-03-03T03:33:33.166+0000] {taskinstance.py:2193} INFO - Starting attempt 1 of 1
[2024-03-03T03:33:33.204+0000] {taskinstance.py:2214} INFO - Executing <Task(PythonOperator): get_files_2> on 2016-03-15 00:00:00+00:00
[2024-03-03T03:33:33.216+0000] {standard_task_runner.py:60} INFO - Started process 1260 to run task
[2024-03-03T03:33:33.223+0000] {standard_task_runner.py:87} INFO - Running: ['***', 'tasks', 'run', 'fetch_data_files', 'get_files_2', 'scheduled__2016-03-15T00:00:00+00:00', '--job-id', '470', '--raw', '--subdir', 'DAGS_FOLDER/dummy_dag.py', '--cfg-path', '/tmp/tmprfyuiv2n']
[2024-03-03T03:33:33.229+0000] {standard_task_runner.py:88} INFO - Job 470: Subtask get_files_2
[2024-03-03T03:33:33.267+0000] {logging_mixin.py:188} WARNING - /home/***/.local/lib/python3.11/site-packages/***/settings.py:194 DeprecationWarning: The sql_alchemy_conn option in [core] has been moved to the sql_alchemy_conn option in [database] - the old setting has been used, but please update your config.
[2024-03-03T03:33:33.363+0000] {task_command.py:423} INFO - Running <TaskInstance: fetch_data_files.get_files_2 scheduled__2016-03-15T00:00:00+00:00 [running]> on host 716a53fa82e1
[2024-03-03T03:33:33.538+0000] {taskinstance.py:2510} INFO - Exporting env vars: AIRFLOW_CTX_DAG_OWNER='***' AIRFLOW_CTX_DAG_ID='fetch_data_files' AIRFLOW_CTX_TASK_ID='get_files_2' AIRFLOW_CTX_EXECUTION_DATE='2016-03-15T00:00:00+00:00' AIRFLOW_CTX_TRY_NUMBER='1' AIRFLOW_CTX_DAG_RUN_ID='scheduled__2016-03-15T00:00:00+00:00'
[2024-03-03T03:33:37.594+0000] {python.py:202} INFO - Done. Returned value was: None
[2024-03-03T03:33:37.608+0000] {taskinstance.py:1149} INFO - Marking task as SUCCESS. dag_id=fetch_data_files, task_id=get_files_2, execution_date=20160315T000000, start_date=20240303T033333, end_date=20240303T033337
[2024-03-03T03:33:37.662+0000] {local_task_job_runner.py:234} INFO - Task exited with return code 0
[2024-03-03T03:33:37.684+0000] {taskinstance.py:3309} INFO - 0 downstream tasks scheduled from follow-on schedule check
