[2024-03-10T16:37:28.987+0000] {taskinstance.py:1979} INFO - Dependencies all met for dep_context=non-requeueable deps ti=<TaskInstance: processing.Create_images_2 manual__2024-03-10T16:37:02.532167+00:00 [queued]>
[2024-03-10T16:37:29.000+0000] {taskinstance.py:1979} INFO - Dependencies all met for dep_context=requeueable deps ti=<TaskInstance: processing.Create_images_2 manual__2024-03-10T16:37:02.532167+00:00 [queued]>
[2024-03-10T16:37:29.001+0000] {taskinstance.py:2193} INFO - Starting attempt 1 of 1
[2024-03-10T16:37:29.018+0000] {taskinstance.py:2214} INFO - Executing <Task(PythonOperator): Create_images_2> on 2024-03-10 16:37:02.532167+00:00
[2024-03-10T16:37:29.028+0000] {standard_task_runner.py:60} INFO - Started process 1112 to run task
[2024-03-10T16:37:29.034+0000] {standard_task_runner.py:87} INFO - Running: ['***', 'tasks', 'run', 'processing', 'Create_images_2', 'manual__2024-03-10T16:37:02.532167+00:00', '--job-id', '79', '--raw', '--subdir', 'DAGS_FOLDER/process_data.py', '--cfg-path', '/tmp/tmpclfu8y7l']
[2024-03-10T16:37:29.038+0000] {standard_task_runner.py:88} INFO - Job 79: Subtask Create_images_2
[2024-03-10T16:37:29.064+0000] {logging_mixin.py:188} WARNING - /home/***/.local/lib/python3.11/site-packages/***/settings.py:194 DeprecationWarning: The sql_alchemy_conn option in [core] has been moved to the sql_alchemy_conn option in [database] - the old setting has been used, but please update your config.
[2024-03-10T16:37:29.123+0000] {task_command.py:423} INFO - Running <TaskInstance: processing.Create_images_2 manual__2024-03-10T16:37:02.532167+00:00 [running]> on host 65d624ba7e11
[2024-03-10T16:37:29.231+0000] {taskinstance.py:2510} INFO - Exporting env vars: AIRFLOW_CTX_DAG_OWNER='***' AIRFLOW_CTX_DAG_ID='processing' AIRFLOW_CTX_TASK_ID='Create_images_2' AIRFLOW_CTX_EXECUTION_DATE='2024-03-10T16:37:02.532167+00:00' AIRFLOW_CTX_TRY_NUMBER='1' AIRFLOW_CTX_DAG_RUN_ID='manual__2024-03-10T16:37:02.532167+00:00'
[2024-03-10T16:37:35.277+0000] {logging_mixin.py:188} WARNING - /opt/***/dags/process_data.py:128 RuntimeWarning: More than 20 figures have been opened. Figures created through the pyplot interface (`matplotlib.pyplot.figure`) are retained until explicitly closed and may consume too much memory. (To control this warning, see the rcParam `figure.max_open_warning`). Consider using `matplotlib.pyplot.close()`.
[2024-03-10T16:38:23.533+0000] {taskinstance.py:2728} ERROR - Task failed with exception
Traceback (most recent call last):
  File "/home/airflow/.local/lib/python3.11/site-packages/airflow/models/taskinstance.py", line 444, in _execute_task
    result = _execute_callable(context=context, **execute_callable_kwargs)
             ^^^^^^^^^^^^^^^^^^^^^^^^^^^^^^^^^^^^^^^^^^^^^^^^^^^^^^^^^^^^^
  File "/home/airflow/.local/lib/python3.11/site-packages/airflow/models/taskinstance.py", line 414, in _execute_callable
    return execute_callable(context=context, **execute_callable_kwargs)
           ^^^^^^^^^^^^^^^^^^^^^^^^^^^^^^^^^^^^^^^^^^^^^^^^^^^^^^^^^^^^
  File "/home/airflow/.local/lib/python3.11/site-packages/airflow/operators/python.py", line 200, in execute
    return_value = self.execute_callable()
                   ^^^^^^^^^^^^^^^^^^^^^^^
  File "/home/airflow/.local/lib/python3.11/site-packages/airflow/operators/python.py", line 217, in execute_callable
    return self.python_callable(*self.op_args, **self.op_kwargs)
           ^^^^^^^^^^^^^^^^^^^^^^^^^^^^^^^^^^^^^^^^^^^^^^^^^^^^^
  File "/opt/airflow/dags/process_data.py", line 131, in map_maker
    gdf.plot(ax=ax, c = gdf[col], cmap = 'magma', vmin = min_range, vmax = max_range)
  File "/home/airflow/.local/lib/python3.11/site-packages/geopandas/plotting.py", line 979, in __call__
    return plot_dataframe(data, *args, **kwargs)
           ^^^^^^^^^^^^^^^^^^^^^^^^^^^^^^^^^^^^^
  File "/home/airflow/.local/lib/python3.11/site-packages/geopandas/plotting.py", line 690, in plot_dataframe
    ax.set_aspect(1 / np.cos(y_coord * np.pi / 180))
  File "/home/airflow/.local/lib/python3.11/site-packages/matplotlib/axes/_base.py", line 1664, in set_aspect
    raise ValueError("aspect must be finite and positive ")
ValueError: aspect must be finite and positive 
[2024-03-10T16:38:23.555+0000] {taskinstance.py:1149} INFO - Marking task as FAILED. dag_id=processing, task_id=Create_images_2, execution_date=20240310T163702, start_date=20240310T163728, end_date=20240310T163823
[2024-03-10T16:38:23.576+0000] {standard_task_runner.py:107} ERROR - Failed to execute job 79 for task Create_images_2 (aspect must be finite and positive ; 1112)
[2024-03-10T16:38:23.683+0000] {local_task_job_runner.py:234} INFO - Task exited with return code 1
[2024-03-10T16:38:23.707+0000] {taskinstance.py:3309} INFO - 0 downstream tasks scheduled from follow-on schedule check
