[2024-03-03T02:41:52.249+0000] {taskinstance.py:1979} INFO - Dependencies all met for dep_context=non-requeueable deps ti=<TaskInstance: fetch_data_files.get_files scheduled__2017-03-10T00:00:00+00:00 [queued]>
[2024-03-03T02:41:52.259+0000] {taskinstance.py:1979} INFO - Dependencies all met for dep_context=requeueable deps ti=<TaskInstance: fetch_data_files.get_files scheduled__2017-03-10T00:00:00+00:00 [queued]>
[2024-03-03T02:41:52.260+0000] {taskinstance.py:2193} INFO - Starting attempt 1 of 1
[2024-03-03T02:41:52.284+0000] {taskinstance.py:2214} INFO - Executing <Task(PythonOperator): get_files> on 2017-03-10 00:00:00+00:00
[2024-03-03T02:41:52.298+0000] {standard_task_runner.py:60} INFO - Started process 1293 to run task
[2024-03-03T02:41:52.302+0000] {standard_task_runner.py:87} INFO - Running: ['***', 'tasks', 'run', 'fetch_data_files', 'get_files', 'scheduled__2017-03-10T00:00:00+00:00', '--job-id', '3428', '--raw', '--subdir', 'DAGS_FOLDER/dummy_dag.py', '--cfg-path', '/tmp/tmp_a9b78o1']
[2024-03-03T02:41:52.306+0000] {standard_task_runner.py:88} INFO - Job 3428: Subtask get_files
[2024-03-03T02:41:52.332+0000] {logging_mixin.py:188} WARNING - /home/***/.local/lib/python3.11/site-packages/***/settings.py:194 DeprecationWarning: The sql_alchemy_conn option in [core] has been moved to the sql_alchemy_conn option in [database] - the old setting has been used, but please update your config.
[2024-03-03T02:41:52.393+0000] {task_command.py:423} INFO - Running <TaskInstance: fetch_data_files.get_files scheduled__2017-03-10T00:00:00+00:00 [running]> on host 887b52fd1a6d
[2024-03-03T02:41:52.526+0000] {taskinstance.py:2510} INFO - Exporting env vars: AIRFLOW_CTX_DAG_OWNER='***' AIRFLOW_CTX_DAG_ID='fetch_data_files' AIRFLOW_CTX_TASK_ID='get_files' AIRFLOW_CTX_EXECUTION_DATE='2017-03-10T00:00:00+00:00' AIRFLOW_CTX_TRY_NUMBER='1' AIRFLOW_CTX_DAG_RUN_ID='scheduled__2017-03-10T00:00:00+00:00'
[2024-03-03T02:42:07.093+0000] {logging_mixin.py:188} WARNING - /usr/local/lib/python3.11/zipfile.py:1558 UserWarning: Duplicate name: '1901\\02950099999.csv'
[2024-03-03T02:42:34.241+0000] {logging_mixin.py:188} WARNING - /usr/local/lib/python3.11/zipfile.py:1558 UserWarning: Duplicate name: '1901\\22707099999.csv'
[2024-03-03T02:43:37.757+0000] {taskinstance.py:2728} ERROR - Task failed with exception
Traceback (most recent call last):
  File "/home/airflow/.local/lib/python3.11/site-packages/airflow/models/taskinstance.py", line 444, in _execute_task
    result = _execute_callable(context=context, **execute_callable_kwargs)
             ^^^^^^^^^^^^^^^^^^^^^^^^^^^^^^^^^^^^^^^^^^^^^^^^^^^^^^^^^^^^^
  File "/home/airflow/.local/lib/python3.11/site-packages/airflow/models/taskinstance.py", line 414, in _execute_callable
    return execute_callable(context=context, **execute_callable_kwargs)
           ^^^^^^^^^^^^^^^^^^^^^^^^^^^^^^^^^^^^^^^^^^^^^^^^^^^^^^^^^^^^
  File "/home/airflow/.local/lib/python3.11/site-packages/airflow/operators/python.py", line 200, in execute
    return_value = self.execute_callable()
                   ^^^^^^^^^^^^^^^^^^^^^^^
  File "/home/airflow/.local/lib/python3.11/site-packages/airflow/operators/python.py", line 217, in execute_callable
    return self.python_callable(*self.op_args, **self.op_kwargs)
           ^^^^^^^^^^^^^^^^^^^^^^^^^^^^^^^^^^^^^^^^^^^^^^^^^^^^^
  File "/opt/airflow/dags/dummy_dag.py", line 44, in download_years_list
    zip.write(f'/opt/airflow/Files/{x[i]}',f'{l}\\{x[i]}', zipfile.ZIP_DEFLATED)
  File "/usr/local/lib/python3.11/zipfile.py", line 1787, in write
    zinfo = ZipInfo.from_file(filename, arcname,
            ^^^^^^^^^^^^^^^^^^^^^^^^^^^^^^^^^^^^
  File "/usr/local/lib/python3.11/zipfile.py", line 534, in from_file
    st = os.stat(filename)
         ^^^^^^^^^^^^^^^^^
FileNotFoundError: [Errno 2] No such file or directory: '/opt/airflow/Files/02950099999.csv'
[2024-03-03T02:43:37.780+0000] {taskinstance.py:1149} INFO - Marking task as FAILED. dag_id=fetch_data_files, task_id=get_files, execution_date=20170310T000000, start_date=20240303T024152, end_date=20240303T024337
[2024-03-03T02:43:37.798+0000] {standard_task_runner.py:107} ERROR - Failed to execute job 3428 for task get_files ([Errno 2] No such file or directory: '/opt/airflow/Files/02950099999.csv'; 1293)
[2024-03-03T02:43:37.848+0000] {local_task_job_runner.py:234} INFO - Task exited with return code 1
[2024-03-03T02:43:37.871+0000] {taskinstance.py:3309} INFO - 0 downstream tasks scheduled from follow-on schedule check
