[2024-03-10T16:37:20.060+0000] {taskinstance.py:1979} INFO - Dependencies all met for dep_context=non-requeueable deps ti=<TaskInstance: processing.Create_merge_datasets_6 manual__2024-03-10T16:37:02.532167+00:00 [queued]>
[2024-03-10T16:37:20.071+0000] {taskinstance.py:1979} INFO - Dependencies all met for dep_context=requeueable deps ti=<TaskInstance: processing.Create_merge_datasets_6 manual__2024-03-10T16:37:02.532167+00:00 [queued]>
[2024-03-10T16:37:20.072+0000] {taskinstance.py:2193} INFO - Starting attempt 1 of 1
[2024-03-10T16:37:20.091+0000] {taskinstance.py:2214} INFO - Executing <Task(PythonOperator): Create_merge_datasets_6> on 2024-03-10 16:37:02.532167+00:00
[2024-03-10T16:37:20.105+0000] {standard_task_runner.py:60} INFO - Started process 1090 to run task
[2024-03-10T16:37:20.111+0000] {standard_task_runner.py:87} INFO - Running: ['***', 'tasks', 'run', 'processing', 'Create_merge_datasets_6', 'manual__2024-03-10T16:37:02.532167+00:00', '--job-id', '72', '--raw', '--subdir', 'DAGS_FOLDER/process_data.py', '--cfg-path', '/tmp/tmp1hco5m1e']
[2024-03-10T16:37:20.117+0000] {standard_task_runner.py:88} INFO - Job 72: Subtask Create_merge_datasets_6
[2024-03-10T16:37:20.151+0000] {logging_mixin.py:188} WARNING - /home/***/.local/lib/python3.11/site-packages/***/settings.py:194 DeprecationWarning: The sql_alchemy_conn option in [core] has been moved to the sql_alchemy_conn option in [database] - the old setting has been used, but please update your config.
[2024-03-10T16:37:20.231+0000] {task_command.py:423} INFO - Running <TaskInstance: processing.Create_merge_datasets_6 manual__2024-03-10T16:37:02.532167+00:00 [running]> on host 65d624ba7e11
[2024-03-10T16:37:20.343+0000] {taskinstance.py:2510} INFO - Exporting env vars: AIRFLOW_CTX_DAG_OWNER='***' AIRFLOW_CTX_DAG_ID='processing' AIRFLOW_CTX_TASK_ID='Create_merge_datasets_6' AIRFLOW_CTX_EXECUTION_DATE='2024-03-10T16:37:02.532167+00:00' AIRFLOW_CTX_TRY_NUMBER='1' AIRFLOW_CTX_DAG_RUN_ID='manual__2024-03-10T16:37:02.532167+00:00'
[2024-03-10T16:37:20.430+0000] {logging_mixin.py:188} WARNING - /opt/***/dags/process_data.py:53 DtypeWarning: Columns (23) have mixed types. Specify dtype option on import or set low_memory=False.
[2024-03-10T16:37:20.700+0000] {logging_mixin.py:188} WARNING - /opt/***/dags/process_data.py:53 DtypeWarning: Columns (23) have mixed types. Specify dtype option on import or set low_memory=False.
[2024-03-10T16:37:21.427+0000] {logging_mixin.py:188} WARNING - /opt/***/dags/process_data.py:53 DtypeWarning: Columns (10) have mixed types. Specify dtype option on import or set low_memory=False.
[2024-03-10T16:37:21.673+0000] {logging_mixin.py:188} WARNING - /opt/***/dags/process_data.py:53 DtypeWarning: Columns (17) have mixed types. Specify dtype option on import or set low_memory=False.
[2024-03-10T16:37:22.602+0000] {logging_mixin.py:188} WARNING - /opt/***/dags/process_data.py:53 DtypeWarning: Columns (10,23) have mixed types. Specify dtype option on import or set low_memory=False.
[2024-03-10T16:37:23.150+0000] {logging_mixin.py:188} WARNING - /opt/***/dags/process_data.py:53 DtypeWarning: Columns (10,23) have mixed types. Specify dtype option on import or set low_memory=False.
[2024-03-10T16:37:24.140+0000] {logging_mixin.py:188} WARNING - /opt/***/dags/process_data.py:53 DtypeWarning: Columns (10) have mixed types. Specify dtype option on import or set low_memory=False.
[2024-03-10T16:37:24.487+0000] {logging_mixin.py:188} WARNING - /opt/***/dags/process_data.py:53 DtypeWarning: Columns (10) have mixed types. Specify dtype option on import or set low_memory=False.
[2024-03-10T16:37:25.452+0000] {python.py:202} INFO - Done. Returned value was: None
[2024-03-10T16:37:25.471+0000] {taskinstance.py:1149} INFO - Marking task as SUCCESS. dag_id=processing, task_id=Create_merge_datasets_6, execution_date=20240310T163702, start_date=20240310T163720, end_date=20240310T163725
[2024-03-10T16:37:25.540+0000] {local_task_job_runner.py:234} INFO - Task exited with return code 0
[2024-03-10T16:37:25.579+0000] {taskinstance.py:3309} INFO - 0 downstream tasks scheduled from follow-on schedule check
