[2024-03-10T12:33:07.821+0000] {taskinstance.py:1979} INFO - Dependencies all met for dep_context=non-requeueable deps ti=<TaskInstance: processing.archive_sensor scheduled__2024-03-10T12:32:00+00:00 [queued]>
[2024-03-10T12:33:07.834+0000] {taskinstance.py:1979} INFO - Dependencies all met for dep_context=requeueable deps ti=<TaskInstance: processing.archive_sensor scheduled__2024-03-10T12:32:00+00:00 [queued]>
[2024-03-10T12:33:07.835+0000] {taskinstance.py:2193} INFO - Starting attempt 1 of 1
[2024-03-10T12:33:07.853+0000] {taskinstance.py:2214} INFO - Executing <Task(FileSensor): archive_sensor> on 2024-03-10 12:32:00+00:00
[2024-03-10T12:33:07.864+0000] {standard_task_runner.py:60} INFO - Started process 249 to run task
[2024-03-10T12:33:07.879+0000] {standard_task_runner.py:87} INFO - Running: ['***', 'tasks', 'run', 'processing', 'archive_sensor', 'scheduled__2024-03-10T12:32:00+00:00', '--job-id', '37', '--raw', '--subdir', 'DAGS_FOLDER/process_data.py', '--cfg-path', '/tmp/tmp7j21urla']
[2024-03-10T12:33:07.890+0000] {standard_task_runner.py:88} INFO - Job 37: Subtask archive_sensor
[2024-03-10T12:33:07.931+0000] {logging_mixin.py:188} WARNING - /home/***/.local/lib/python3.11/site-packages/***/settings.py:194 DeprecationWarning: The sql_alchemy_conn option in [core] has been moved to the sql_alchemy_conn option in [database] - the old setting has been used, but please update your config.
[2024-03-10T12:33:08.072+0000] {task_command.py:423} INFO - Running <TaskInstance: processing.archive_sensor scheduled__2024-03-10T12:32:00+00:00 [running]> on host 81bb4583c109
[2024-03-10T12:33:08.242+0000] {taskinstance.py:2510} INFO - Exporting env vars: AIRFLOW_CTX_DAG_OWNER='***' AIRFLOW_CTX_DAG_ID='processing' AIRFLOW_CTX_TASK_ID='archive_sensor' AIRFLOW_CTX_EXECUTION_DATE='2024-03-10T12:32:00+00:00' AIRFLOW_CTX_TRY_NUMBER='1' AIRFLOW_CTX_DAG_RUN_ID='scheduled__2024-03-10T12:32:00+00:00'
[2024-03-10T12:33:08.262+0000] {base.py:83} INFO - Using connection ID 'fs_default' for task execution.
[2024-03-10T12:33:08.264+0000] {filesystem.py:66} INFO - Poking for file /opt/***/Files/Files.zip
[2024-03-10T12:33:13.276+0000] {base.py:83} INFO - Using connection ID 'fs_default' for task execution.
[2024-03-10T12:33:13.277+0000] {filesystem.py:66} INFO - Poking for file /opt/***/Files/Files.zip
[2024-03-10T12:33:18.287+0000] {base.py:83} INFO - Using connection ID 'fs_default' for task execution.
[2024-03-10T12:33:18.433+0000] {filesystem.py:66} INFO - Poking for file /opt/***/Files/Files.zip
[2024-03-10T12:33:23.487+0000] {base.py:83} INFO - Using connection ID 'fs_default' for task execution.
[2024-03-10T12:33:23.488+0000] {filesystem.py:66} INFO - Poking for file /opt/***/Files/Files.zip
[2024-03-10T12:33:28.529+0000] {base.py:83} INFO - Using connection ID 'fs_default' for task execution.
[2024-03-10T12:33:28.531+0000] {filesystem.py:66} INFO - Poking for file /opt/***/Files/Files.zip
[2024-03-10T12:33:33.555+0000] {base.py:83} INFO - Using connection ID 'fs_default' for task execution.
[2024-03-10T12:33:33.557+0000] {filesystem.py:66} INFO - Poking for file /opt/***/Files/Files.zip
[2024-03-10T12:33:38.591+0000] {base.py:83} INFO - Using connection ID 'fs_default' for task execution.
[2024-03-10T12:33:38.596+0000] {filesystem.py:66} INFO - Poking for file /opt/***/Files/Files.zip
[2024-03-10T12:33:43.616+0000] {base.py:83} INFO - Using connection ID 'fs_default' for task execution.
[2024-03-10T12:33:43.617+0000] {filesystem.py:66} INFO - Poking for file /opt/***/Files/Files.zip
[2024-03-10T12:33:48.643+0000] {base.py:83} INFO - Using connection ID 'fs_default' for task execution.
[2024-03-10T12:33:48.645+0000] {filesystem.py:66} INFO - Poking for file /opt/***/Files/Files.zip
[2024-03-10T12:33:53.834+0000] {base.py:83} INFO - Using connection ID 'fs_default' for task execution.
[2024-03-10T12:33:54.092+0000] {filesystem.py:66} INFO - Poking for file /opt/***/Files/Files.zip
[2024-03-10T12:33:59.187+0000] {base.py:83} INFO - Using connection ID 'fs_default' for task execution.
[2024-03-10T12:33:59.211+0000] {filesystem.py:66} INFO - Poking for file /opt/***/Files/Files.zip
[2024-03-10T12:34:04.287+0000] {base.py:83} INFO - Using connection ID 'fs_default' for task execution.
[2024-03-10T12:34:04.290+0000] {filesystem.py:66} INFO - Poking for file /opt/***/Files/Files.zip
[2024-03-10T12:34:09.319+0000] {base.py:83} INFO - Using connection ID 'fs_default' for task execution.
[2024-03-10T12:34:09.324+0000] {filesystem.py:66} INFO - Poking for file /opt/***/Files/Files.zip
[2024-03-10T12:34:14.378+0000] {base.py:83} INFO - Using connection ID 'fs_default' for task execution.
[2024-03-10T12:34:14.380+0000] {filesystem.py:66} INFO - Poking for file /opt/***/Files/Files.zip
[2024-03-10T12:34:19.426+0000] {base.py:83} INFO - Using connection ID 'fs_default' for task execution.
[2024-03-10T12:34:19.431+0000] {filesystem.py:66} INFO - Poking for file /opt/***/Files/Files.zip
[2024-03-10T12:34:24.446+0000] {base.py:83} INFO - Using connection ID 'fs_default' for task execution.
[2024-03-10T12:34:24.448+0000] {filesystem.py:66} INFO - Poking for file /opt/***/Files/Files.zip
[2024-03-10T12:34:29.458+0000] {base.py:83} INFO - Using connection ID 'fs_default' for task execution.
[2024-03-10T12:34:29.459+0000] {filesystem.py:66} INFO - Poking for file /opt/***/Files/Files.zip
[2024-03-10T12:34:34.470+0000] {base.py:83} INFO - Using connection ID 'fs_default' for task execution.
[2024-03-10T12:34:34.472+0000] {filesystem.py:66} INFO - Poking for file /opt/***/Files/Files.zip
[2024-03-10T12:34:39.489+0000] {base.py:83} INFO - Using connection ID 'fs_default' for task execution.
[2024-03-10T12:34:39.490+0000] {filesystem.py:66} INFO - Poking for file /opt/***/Files/Files.zip
[2024-03-10T12:34:44.507+0000] {base.py:83} INFO - Using connection ID 'fs_default' for task execution.
[2024-03-10T12:34:44.510+0000] {filesystem.py:66} INFO - Poking for file /opt/***/Files/Files.zip
[2024-03-10T12:34:49.565+0000] {base.py:83} INFO - Using connection ID 'fs_default' for task execution.
[2024-03-10T12:34:49.576+0000] {filesystem.py:66} INFO - Poking for file /opt/***/Files/Files.zip
[2024-03-10T12:34:54.846+0000] {base.py:83} INFO - Using connection ID 'fs_default' for task execution.
[2024-03-10T12:34:54.847+0000] {filesystem.py:66} INFO - Poking for file /opt/***/Files/Files.zip
[2024-03-10T12:34:59.862+0000] {base.py:83} INFO - Using connection ID 'fs_default' for task execution.
[2024-03-10T12:34:59.865+0000] {filesystem.py:66} INFO - Poking for file /opt/***/Files/Files.zip
[2024-03-10T12:35:04.882+0000] {base.py:83} INFO - Using connection ID 'fs_default' for task execution.
[2024-03-10T12:35:04.886+0000] {filesystem.py:66} INFO - Poking for file /opt/***/Files/Files.zip
[2024-03-10T12:35:09.897+0000] {base.py:83} INFO - Using connection ID 'fs_default' for task execution.
[2024-03-10T12:35:09.900+0000] {filesystem.py:66} INFO - Poking for file /opt/***/Files/Files.zip
[2024-03-10T12:35:14.914+0000] {base.py:83} INFO - Using connection ID 'fs_default' for task execution.
[2024-03-10T12:35:14.917+0000] {filesystem.py:66} INFO - Poking for file /opt/***/Files/Files.zip
[2024-03-10T12:35:19.940+0000] {base.py:83} INFO - Using connection ID 'fs_default' for task execution.
[2024-03-10T12:35:19.943+0000] {filesystem.py:66} INFO - Poking for file /opt/***/Files/Files.zip
[2024-03-10T12:35:24.960+0000] {base.py:83} INFO - Using connection ID 'fs_default' for task execution.
[2024-03-10T12:35:24.966+0000] {filesystem.py:66} INFO - Poking for file /opt/***/Files/Files.zip
[2024-03-10T12:35:30.007+0000] {base.py:83} INFO - Using connection ID 'fs_default' for task execution.
[2024-03-10T12:35:30.008+0000] {filesystem.py:66} INFO - Poking for file /opt/***/Files/Files.zip
[2024-03-10T12:35:35.022+0000] {base.py:83} INFO - Using connection ID 'fs_default' for task execution.
[2024-03-10T12:35:35.023+0000] {filesystem.py:66} INFO - Poking for file /opt/***/Files/Files.zip
[2024-03-10T12:35:40.047+0000] {base.py:83} INFO - Using connection ID 'fs_default' for task execution.
[2024-03-10T12:35:40.049+0000] {filesystem.py:66} INFO - Poking for file /opt/***/Files/Files.zip
[2024-03-10T12:35:45.087+0000] {base.py:83} INFO - Using connection ID 'fs_default' for task execution.
[2024-03-10T12:35:45.090+0000] {filesystem.py:66} INFO - Poking for file /opt/***/Files/Files.zip
[2024-03-10T12:35:50.108+0000] {base.py:83} INFO - Using connection ID 'fs_default' for task execution.
[2024-03-10T12:35:50.110+0000] {filesystem.py:66} INFO - Poking for file /opt/***/Files/Files.zip
[2024-03-10T12:35:55.141+0000] {base.py:83} INFO - Using connection ID 'fs_default' for task execution.
[2024-03-10T12:35:55.147+0000] {filesystem.py:66} INFO - Poking for file /opt/***/Files/Files.zip
[2024-03-10T12:36:00.167+0000] {base.py:83} INFO - Using connection ID 'fs_default' for task execution.
[2024-03-10T12:36:00.168+0000] {filesystem.py:66} INFO - Poking for file /opt/***/Files/Files.zip
[2024-03-10T12:36:05.198+0000] {base.py:83} INFO - Using connection ID 'fs_default' for task execution.
[2024-03-10T12:36:05.212+0000] {filesystem.py:66} INFO - Poking for file /opt/***/Files/Files.zip
[2024-03-10T12:36:10.240+0000] {base.py:83} INFO - Using connection ID 'fs_default' for task execution.
[2024-03-10T12:36:10.241+0000] {filesystem.py:66} INFO - Poking for file /opt/***/Files/Files.zip
[2024-03-10T12:36:15.258+0000] {base.py:83} INFO - Using connection ID 'fs_default' for task execution.
[2024-03-10T12:36:15.259+0000] {filesystem.py:66} INFO - Poking for file /opt/***/Files/Files.zip
[2024-03-10T12:36:20.272+0000] {base.py:83} INFO - Using connection ID 'fs_default' for task execution.
[2024-03-10T12:36:20.776+0000] {filesystem.py:66} INFO - Poking for file /opt/***/Files/Files.zip
[2024-03-10T12:36:26.077+0000] {base.py:83} INFO - Using connection ID 'fs_default' for task execution.
[2024-03-10T12:36:26.084+0000] {filesystem.py:66} INFO - Poking for file /opt/***/Files/Files.zip
[2024-03-10T12:36:31.109+0000] {base.py:83} INFO - Using connection ID 'fs_default' for task execution.
[2024-03-10T12:36:31.137+0000] {filesystem.py:66} INFO - Poking for file /opt/***/Files/Files.zip
[2024-03-10T12:36:36.160+0000] {base.py:83} INFO - Using connection ID 'fs_default' for task execution.
[2024-03-10T12:36:36.161+0000] {filesystem.py:66} INFO - Poking for file /opt/***/Files/Files.zip
[2024-03-10T12:36:41.181+0000] {base.py:83} INFO - Using connection ID 'fs_default' for task execution.
[2024-03-10T12:36:41.182+0000] {filesystem.py:66} INFO - Poking for file /opt/***/Files/Files.zip
[2024-03-10T12:36:46.196+0000] {base.py:83} INFO - Using connection ID 'fs_default' for task execution.
[2024-03-10T12:36:46.199+0000] {filesystem.py:66} INFO - Poking for file /opt/***/Files/Files.zip
[2024-03-10T12:36:51.212+0000] {base.py:83} INFO - Using connection ID 'fs_default' for task execution.
[2024-03-10T12:36:51.213+0000] {filesystem.py:66} INFO - Poking for file /opt/***/Files/Files.zip
[2024-03-10T12:36:56.226+0000] {base.py:83} INFO - Using connection ID 'fs_default' for task execution.
[2024-03-10T12:36:56.227+0000] {filesystem.py:66} INFO - Poking for file /opt/***/Files/Files.zip
[2024-03-10T12:37:01.240+0000] {base.py:83} INFO - Using connection ID 'fs_default' for task execution.
[2024-03-10T12:37:01.241+0000] {filesystem.py:66} INFO - Poking for file /opt/***/Files/Files.zip
[2024-03-10T12:37:06.255+0000] {base.py:83} INFO - Using connection ID 'fs_default' for task execution.
[2024-03-10T12:37:06.257+0000] {filesystem.py:66} INFO - Poking for file /opt/***/Files/Files.zip
[2024-03-10T12:37:11.272+0000] {base.py:83} INFO - Using connection ID 'fs_default' for task execution.
[2024-03-10T12:37:11.274+0000] {filesystem.py:66} INFO - Poking for file /opt/***/Files/Files.zip
[2024-03-10T12:37:16.288+0000] {base.py:83} INFO - Using connection ID 'fs_default' for task execution.
[2024-03-10T12:37:16.288+0000] {filesystem.py:66} INFO - Poking for file /opt/***/Files/Files.zip
[2024-03-10T12:37:21.304+0000] {base.py:83} INFO - Using connection ID 'fs_default' for task execution.
[2024-03-10T12:37:21.308+0000] {filesystem.py:66} INFO - Poking for file /opt/***/Files/Files.zip
[2024-03-10T12:37:26.321+0000] {base.py:83} INFO - Using connection ID 'fs_default' for task execution.
[2024-03-10T12:37:26.323+0000] {filesystem.py:66} INFO - Poking for file /opt/***/Files/Files.zip
[2024-03-10T12:37:31.366+0000] {base.py:83} INFO - Using connection ID 'fs_default' for task execution.
[2024-03-10T12:37:31.541+0000] {filesystem.py:66} INFO - Poking for file /opt/***/Files/Files.zip
[2024-03-10T12:37:36.672+0000] {base.py:83} INFO - Using connection ID 'fs_default' for task execution.
[2024-03-10T12:37:36.675+0000] {filesystem.py:66} INFO - Poking for file /opt/***/Files/Files.zip
[2024-03-10T12:37:41.689+0000] {base.py:83} INFO - Using connection ID 'fs_default' for task execution.
[2024-03-10T12:37:41.690+0000] {filesystem.py:66} INFO - Poking for file /opt/***/Files/Files.zip
[2024-03-10T12:37:46.702+0000] {base.py:83} INFO - Using connection ID 'fs_default' for task execution.
[2024-03-10T12:37:46.703+0000] {filesystem.py:66} INFO - Poking for file /opt/***/Files/Files.zip
[2024-03-10T12:37:51.718+0000] {base.py:83} INFO - Using connection ID 'fs_default' for task execution.
[2024-03-10T12:37:51.719+0000] {filesystem.py:66} INFO - Poking for file /opt/***/Files/Files.zip
[2024-03-10T12:37:56.736+0000] {base.py:83} INFO - Using connection ID 'fs_default' for task execution.
[2024-03-10T12:37:56.737+0000] {filesystem.py:66} INFO - Poking for file /opt/***/Files/Files.zip
[2024-03-10T12:38:01.760+0000] {base.py:83} INFO - Using connection ID 'fs_default' for task execution.
[2024-03-10T12:38:01.761+0000] {filesystem.py:66} INFO - Poking for file /opt/***/Files/Files.zip
[2024-03-10T12:38:06.780+0000] {base.py:83} INFO - Using connection ID 'fs_default' for task execution.
[2024-03-10T12:38:06.787+0000] {filesystem.py:66} INFO - Poking for file /opt/***/Files/Files.zip
[2024-03-10T12:38:11.805+0000] {base.py:83} INFO - Using connection ID 'fs_default' for task execution.
[2024-03-10T12:38:11.808+0000] {filesystem.py:66} INFO - Poking for file /opt/***/Files/Files.zip
[2024-03-10T12:38:16.837+0000] {base.py:83} INFO - Using connection ID 'fs_default' for task execution.
[2024-03-10T12:38:16.839+0000] {filesystem.py:66} INFO - Poking for file /opt/***/Files/Files.zip
[2024-03-10T12:38:21.856+0000] {base.py:83} INFO - Using connection ID 'fs_default' for task execution.
[2024-03-10T12:38:21.858+0000] {filesystem.py:66} INFO - Poking for file /opt/***/Files/Files.zip
[2024-03-10T12:38:26.883+0000] {base.py:83} INFO - Using connection ID 'fs_default' for task execution.
[2024-03-10T12:38:26.884+0000] {filesystem.py:66} INFO - Poking for file /opt/***/Files/Files.zip
[2024-03-10T12:38:31.913+0000] {base.py:83} INFO - Using connection ID 'fs_default' for task execution.
[2024-03-10T12:38:31.914+0000] {filesystem.py:66} INFO - Poking for file /opt/***/Files/Files.zip
[2024-03-10T12:38:36.927+0000] {base.py:83} INFO - Using connection ID 'fs_default' for task execution.
[2024-03-10T12:38:36.928+0000] {filesystem.py:66} INFO - Poking for file /opt/***/Files/Files.zip
[2024-03-10T12:38:41.940+0000] {base.py:83} INFO - Using connection ID 'fs_default' for task execution.
[2024-03-10T12:38:41.946+0000] {filesystem.py:66} INFO - Poking for file /opt/***/Files/Files.zip
[2024-03-10T12:38:46.962+0000] {base.py:83} INFO - Using connection ID 'fs_default' for task execution.
[2024-03-10T12:38:46.964+0000] {filesystem.py:66} INFO - Poking for file /opt/***/Files/Files.zip
[2024-03-10T12:38:48.137+0000] {local_task_job_runner.py:302} WARNING - State of this instance has been externally set to failed. Terminating instance.
[2024-03-10T12:38:48.174+0000] {process_utils.py:131} INFO - Sending 15 to group 249. PIDs of all processes in the group: [249]
[2024-03-10T12:38:48.176+0000] {process_utils.py:86} INFO - Sending the signal 15 to group 249
[2024-03-10T12:38:48.178+0000] {taskinstance.py:2480} ERROR - Received SIGTERM. Terminating subprocesses.
[2024-03-10T12:38:48.351+0000] {process_utils.py:79} INFO - Process psutil.Process(pid=249, status='terminated', exitcode=0, started='12:33:07') (249) terminated with exit code 0
