[2024-03-10T12:33:08.132+0000] {taskinstance.py:1979} INFO - Dependencies all met for dep_context=non-requeueable deps ti=<TaskInstance: processing.archive_sensor manual__2024-03-10T12:33:05.210496+00:00 [queued]>
[2024-03-10T12:33:08.147+0000] {taskinstance.py:1979} INFO - Dependencies all met for dep_context=requeueable deps ti=<TaskInstance: processing.archive_sensor manual__2024-03-10T12:33:05.210496+00:00 [queued]>
[2024-03-10T12:33:08.149+0000] {taskinstance.py:2193} INFO - Starting attempt 1 of 1
[2024-03-10T12:33:08.171+0000] {taskinstance.py:2214} INFO - Executing <Task(FileSensor): archive_sensor> on 2024-03-10 12:33:05.210496+00:00
[2024-03-10T12:33:08.179+0000] {standard_task_runner.py:60} INFO - Started process 251 to run task
[2024-03-10T12:33:08.195+0000] {standard_task_runner.py:87} INFO - Running: ['***', 'tasks', 'run', 'processing', 'archive_sensor', 'manual__2024-03-10T12:33:05.210496+00:00', '--job-id', '39', '--raw', '--subdir', 'DAGS_FOLDER/process_data.py', '--cfg-path', '/tmp/tmpjwagtjyq']
[2024-03-10T12:33:08.201+0000] {standard_task_runner.py:88} INFO - Job 39: Subtask archive_sensor
[2024-03-10T12:33:08.237+0000] {logging_mixin.py:188} WARNING - /home/***/.local/lib/python3.11/site-packages/***/settings.py:194 DeprecationWarning: The sql_alchemy_conn option in [core] has been moved to the sql_alchemy_conn option in [database] - the old setting has been used, but please update your config.
[2024-03-10T12:33:08.322+0000] {task_command.py:423} INFO - Running <TaskInstance: processing.archive_sensor manual__2024-03-10T12:33:05.210496+00:00 [running]> on host 81bb4583c109
[2024-03-10T12:33:08.455+0000] {taskinstance.py:2510} INFO - Exporting env vars: AIRFLOW_CTX_DAG_OWNER='***' AIRFLOW_CTX_DAG_ID='processing' AIRFLOW_CTX_TASK_ID='archive_sensor' AIRFLOW_CTX_EXECUTION_DATE='2024-03-10T12:33:05.210496+00:00' AIRFLOW_CTX_TRY_NUMBER='1' AIRFLOW_CTX_DAG_RUN_ID='manual__2024-03-10T12:33:05.210496+00:00'
[2024-03-10T12:33:08.472+0000] {base.py:83} INFO - Using connection ID 'fs_default' for task execution.
[2024-03-10T12:33:08.544+0000] {filesystem.py:66} INFO - Poking for file /opt/***/Files/Files.zip
[2024-03-10T12:33:13.559+0000] {base.py:83} INFO - Using connection ID 'fs_default' for task execution.
[2024-03-10T12:33:13.560+0000] {filesystem.py:66} INFO - Poking for file /opt/***/Files/Files.zip
[2024-03-10T12:33:18.577+0000] {base.py:83} INFO - Using connection ID 'fs_default' for task execution.
[2024-03-10T12:33:18.578+0000] {filesystem.py:66} INFO - Poking for file /opt/***/Files/Files.zip
[2024-03-10T12:33:23.563+0000] {base.py:83} INFO - Using connection ID 'fs_default' for task execution.
[2024-03-10T12:33:23.564+0000] {filesystem.py:66} INFO - Poking for file /opt/***/Files/Files.zip
[2024-03-10T12:33:28.584+0000] {base.py:83} INFO - Using connection ID 'fs_default' for task execution.
[2024-03-10T12:33:28.586+0000] {filesystem.py:66} INFO - Poking for file /opt/***/Files/Files.zip
[2024-03-10T12:33:33.608+0000] {base.py:83} INFO - Using connection ID 'fs_default' for task execution.
[2024-03-10T12:33:33.609+0000] {filesystem.py:66} INFO - Poking for file /opt/***/Files/Files.zip
[2024-03-10T12:33:38.633+0000] {base.py:83} INFO - Using connection ID 'fs_default' for task execution.
[2024-03-10T12:33:38.643+0000] {filesystem.py:66} INFO - Poking for file /opt/***/Files/Files.zip
[2024-03-10T12:33:43.689+0000] {base.py:83} INFO - Using connection ID 'fs_default' for task execution.
[2024-03-10T12:33:43.701+0000] {filesystem.py:66} INFO - Poking for file /opt/***/Files/Files.zip
[2024-03-10T12:33:48.735+0000] {base.py:83} INFO - Using connection ID 'fs_default' for task execution.
[2024-03-10T12:33:48.738+0000] {filesystem.py:66} INFO - Poking for file /opt/***/Files/Files.zip
[2024-03-10T12:33:53.848+0000] {base.py:83} INFO - Using connection ID 'fs_default' for task execution.
[2024-03-10T12:33:54.092+0000] {filesystem.py:66} INFO - Poking for file /opt/***/Files/Files.zip
[2024-03-10T12:33:59.174+0000] {base.py:83} INFO - Using connection ID 'fs_default' for task execution.
[2024-03-10T12:33:59.206+0000] {filesystem.py:66} INFO - Poking for file /opt/***/Files/Files.zip
[2024-03-10T12:34:04.297+0000] {base.py:83} INFO - Using connection ID 'fs_default' for task execution.
[2024-03-10T12:34:04.300+0000] {filesystem.py:66} INFO - Poking for file /opt/***/Files/Files.zip
[2024-03-10T12:34:09.332+0000] {base.py:83} INFO - Using connection ID 'fs_default' for task execution.
[2024-03-10T12:34:09.334+0000] {filesystem.py:66} INFO - Poking for file /opt/***/Files/Files.zip
[2024-03-10T12:34:14.446+0000] {base.py:83} INFO - Using connection ID 'fs_default' for task execution.
[2024-03-10T12:34:14.451+0000] {filesystem.py:66} INFO - Poking for file /opt/***/Files/Files.zip
[2024-03-10T12:34:19.465+0000] {base.py:83} INFO - Using connection ID 'fs_default' for task execution.
[2024-03-10T12:34:19.466+0000] {filesystem.py:66} INFO - Poking for file /opt/***/Files/Files.zip
[2024-03-10T12:34:24.479+0000] {base.py:83} INFO - Using connection ID 'fs_default' for task execution.
[2024-03-10T12:34:24.481+0000] {filesystem.py:66} INFO - Poking for file /opt/***/Files/Files.zip
[2024-03-10T12:34:29.492+0000] {base.py:83} INFO - Using connection ID 'fs_default' for task execution.
[2024-03-10T12:34:29.493+0000] {filesystem.py:66} INFO - Poking for file /opt/***/Files/Files.zip
[2024-03-10T12:34:34.505+0000] {base.py:83} INFO - Using connection ID 'fs_default' for task execution.
[2024-03-10T12:34:34.508+0000] {filesystem.py:66} INFO - Poking for file /opt/***/Files/Files.zip
[2024-03-10T12:34:39.523+0000] {base.py:83} INFO - Using connection ID 'fs_default' for task execution.
[2024-03-10T12:34:39.524+0000] {filesystem.py:66} INFO - Poking for file /opt/***/Files/Files.zip
[2024-03-10T12:34:44.536+0000] {base.py:83} INFO - Using connection ID 'fs_default' for task execution.
[2024-03-10T12:34:44.539+0000] {filesystem.py:66} INFO - Poking for file /opt/***/Files/Files.zip
[2024-03-10T12:34:49.569+0000] {base.py:83} INFO - Using connection ID 'fs_default' for task execution.
[2024-03-10T12:34:49.655+0000] {filesystem.py:66} INFO - Poking for file /opt/***/Files/Files.zip
[2024-03-10T12:34:54.846+0000] {base.py:83} INFO - Using connection ID 'fs_default' for task execution.
[2024-03-10T12:34:54.848+0000] {filesystem.py:66} INFO - Poking for file /opt/***/Files/Files.zip
[2024-03-10T12:34:59.869+0000] {base.py:83} INFO - Using connection ID 'fs_default' for task execution.
[2024-03-10T12:34:59.871+0000] {filesystem.py:66} INFO - Poking for file /opt/***/Files/Files.zip
[2024-03-10T12:35:04.884+0000] {base.py:83} INFO - Using connection ID 'fs_default' for task execution.
[2024-03-10T12:35:04.885+0000] {filesystem.py:66} INFO - Poking for file /opt/***/Files/Files.zip
[2024-03-10T12:35:09.898+0000] {base.py:83} INFO - Using connection ID 'fs_default' for task execution.
[2024-03-10T12:35:09.902+0000] {filesystem.py:66} INFO - Poking for file /opt/***/Files/Files.zip
[2024-03-10T12:35:14.918+0000] {base.py:83} INFO - Using connection ID 'fs_default' for task execution.
[2024-03-10T12:35:14.919+0000] {filesystem.py:66} INFO - Poking for file /opt/***/Files/Files.zip
[2024-03-10T12:35:19.941+0000] {base.py:83} INFO - Using connection ID 'fs_default' for task execution.
[2024-03-10T12:35:19.946+0000] {filesystem.py:66} INFO - Poking for file /opt/***/Files/Files.zip
[2024-03-10T12:35:24.967+0000] {base.py:83} INFO - Using connection ID 'fs_default' for task execution.
[2024-03-10T12:35:24.968+0000] {filesystem.py:66} INFO - Poking for file /opt/***/Files/Files.zip
[2024-03-10T12:35:30.003+0000] {base.py:83} INFO - Using connection ID 'fs_default' for task execution.
[2024-03-10T12:35:30.005+0000] {filesystem.py:66} INFO - Poking for file /opt/***/Files/Files.zip
[2024-03-10T12:35:35.021+0000] {base.py:83} INFO - Using connection ID 'fs_default' for task execution.
[2024-03-10T12:35:35.022+0000] {filesystem.py:66} INFO - Poking for file /opt/***/Files/Files.zip
[2024-03-10T12:35:40.045+0000] {base.py:83} INFO - Using connection ID 'fs_default' for task execution.
[2024-03-10T12:35:40.048+0000] {filesystem.py:66} INFO - Poking for file /opt/***/Files/Files.zip
[2024-03-10T12:35:45.077+0000] {base.py:83} INFO - Using connection ID 'fs_default' for task execution.
[2024-03-10T12:35:45.080+0000] {filesystem.py:66} INFO - Poking for file /opt/***/Files/Files.zip
[2024-03-10T12:35:50.106+0000] {base.py:83} INFO - Using connection ID 'fs_default' for task execution.
[2024-03-10T12:35:50.107+0000] {filesystem.py:66} INFO - Poking for file /opt/***/Files/Files.zip
[2024-03-10T12:35:55.132+0000] {base.py:83} INFO - Using connection ID 'fs_default' for task execution.
[2024-03-10T12:35:55.135+0000] {filesystem.py:66} INFO - Poking for file /opt/***/Files/Files.zip
[2024-03-10T12:36:00.156+0000] {base.py:83} INFO - Using connection ID 'fs_default' for task execution.
[2024-03-10T12:36:00.160+0000] {filesystem.py:66} INFO - Poking for file /opt/***/Files/Files.zip
[2024-03-10T12:36:05.172+0000] {base.py:83} INFO - Using connection ID 'fs_default' for task execution.
[2024-03-10T12:36:05.211+0000] {filesystem.py:66} INFO - Poking for file /opt/***/Files/Files.zip
[2024-03-10T12:36:10.232+0000] {base.py:83} INFO - Using connection ID 'fs_default' for task execution.
[2024-03-10T12:36:10.233+0000] {filesystem.py:66} INFO - Poking for file /opt/***/Files/Files.zip
[2024-03-10T12:36:15.248+0000] {base.py:83} INFO - Using connection ID 'fs_default' for task execution.
[2024-03-10T12:36:15.249+0000] {filesystem.py:66} INFO - Poking for file /opt/***/Files/Files.zip
[2024-03-10T12:36:20.262+0000] {base.py:83} INFO - Using connection ID 'fs_default' for task execution.
[2024-03-10T12:36:20.776+0000] {filesystem.py:66} INFO - Poking for file /opt/***/Files/Files.zip
[2024-03-10T12:36:26.078+0000] {base.py:83} INFO - Using connection ID 'fs_default' for task execution.
[2024-03-10T12:36:26.084+0000] {filesystem.py:66} INFO - Poking for file /opt/***/Files/Files.zip
[2024-03-10T12:36:31.109+0000] {base.py:83} INFO - Using connection ID 'fs_default' for task execution.
[2024-03-10T12:36:31.135+0000] {filesystem.py:66} INFO - Poking for file /opt/***/Files/Files.zip
[2024-03-10T12:36:36.161+0000] {base.py:83} INFO - Using connection ID 'fs_default' for task execution.
[2024-03-10T12:36:36.163+0000] {filesystem.py:66} INFO - Poking for file /opt/***/Files/Files.zip
[2024-03-10T12:36:41.181+0000] {base.py:83} INFO - Using connection ID 'fs_default' for task execution.
[2024-03-10T12:36:41.182+0000] {filesystem.py:66} INFO - Poking for file /opt/***/Files/Files.zip
[2024-03-10T12:36:46.214+0000] {base.py:83} INFO - Using connection ID 'fs_default' for task execution.
[2024-03-10T12:36:46.219+0000] {filesystem.py:66} INFO - Poking for file /opt/***/Files/Files.zip
[2024-03-10T12:36:51.232+0000] {base.py:83} INFO - Using connection ID 'fs_default' for task execution.
[2024-03-10T12:36:51.233+0000] {filesystem.py:66} INFO - Poking for file /opt/***/Files/Files.zip
[2024-03-10T12:36:56.250+0000] {base.py:83} INFO - Using connection ID 'fs_default' for task execution.
[2024-03-10T12:36:56.251+0000] {filesystem.py:66} INFO - Poking for file /opt/***/Files/Files.zip
[2024-03-10T12:37:01.262+0000] {base.py:83} INFO - Using connection ID 'fs_default' for task execution.
[2024-03-10T12:37:01.263+0000] {filesystem.py:66} INFO - Poking for file /opt/***/Files/Files.zip
[2024-03-10T12:37:06.277+0000] {base.py:83} INFO - Using connection ID 'fs_default' for task execution.
[2024-03-10T12:37:06.278+0000] {filesystem.py:66} INFO - Poking for file /opt/***/Files/Files.zip
[2024-03-10T12:37:11.292+0000] {base.py:83} INFO - Using connection ID 'fs_default' for task execution.
[2024-03-10T12:37:11.293+0000] {filesystem.py:66} INFO - Poking for file /opt/***/Files/Files.zip
[2024-03-10T12:37:16.309+0000] {base.py:83} INFO - Using connection ID 'fs_default' for task execution.
[2024-03-10T12:37:16.310+0000] {filesystem.py:66} INFO - Poking for file /opt/***/Files/Files.zip
[2024-03-10T12:37:21.323+0000] {base.py:83} INFO - Using connection ID 'fs_default' for task execution.
[2024-03-10T12:37:21.327+0000] {filesystem.py:66} INFO - Poking for file /opt/***/Files/Files.zip
[2024-03-10T12:37:26.338+0000] {base.py:83} INFO - Using connection ID 'fs_default' for task execution.
[2024-03-10T12:37:26.338+0000] {filesystem.py:66} INFO - Poking for file /opt/***/Files/Files.zip
[2024-03-10T12:37:31.366+0000] {base.py:83} INFO - Using connection ID 'fs_default' for task execution.
[2024-03-10T12:37:31.538+0000] {filesystem.py:66} INFO - Poking for file /opt/***/Files/Files.zip
[2024-03-10T12:37:36.672+0000] {base.py:83} INFO - Using connection ID 'fs_default' for task execution.
[2024-03-10T12:37:36.675+0000] {filesystem.py:66} INFO - Poking for file /opt/***/Files/Files.zip
[2024-03-10T12:37:41.689+0000] {base.py:83} INFO - Using connection ID 'fs_default' for task execution.
[2024-03-10T12:37:41.690+0000] {filesystem.py:66} INFO - Poking for file /opt/***/Files/Files.zip
[2024-03-10T12:37:46.706+0000] {base.py:83} INFO - Using connection ID 'fs_default' for task execution.
[2024-03-10T12:37:46.707+0000] {filesystem.py:66} INFO - Poking for file /opt/***/Files/Files.zip
[2024-03-10T12:37:51.719+0000] {base.py:83} INFO - Using connection ID 'fs_default' for task execution.
[2024-03-10T12:37:51.720+0000] {filesystem.py:66} INFO - Poking for file /opt/***/Files/Files.zip
[2024-03-10T12:37:56.736+0000] {base.py:83} INFO - Using connection ID 'fs_default' for task execution.
[2024-03-10T12:37:56.742+0000] {filesystem.py:66} INFO - Poking for file /opt/***/Files/Files.zip
[2024-03-10T12:38:01.778+0000] {base.py:83} INFO - Using connection ID 'fs_default' for task execution.
[2024-03-10T12:38:01.780+0000] {filesystem.py:66} INFO - Poking for file /opt/***/Files/Files.zip
[2024-03-10T12:38:06.797+0000] {base.py:83} INFO - Using connection ID 'fs_default' for task execution.
[2024-03-10T12:38:06.799+0000] {filesystem.py:66} INFO - Poking for file /opt/***/Files/Files.zip
[2024-03-10T12:38:11.813+0000] {base.py:83} INFO - Using connection ID 'fs_default' for task execution.
[2024-03-10T12:38:11.814+0000] {filesystem.py:66} INFO - Poking for file /opt/***/Files/Files.zip
[2024-03-10T12:38:16.832+0000] {base.py:83} INFO - Using connection ID 'fs_default' for task execution.
[2024-03-10T12:38:16.835+0000] {filesystem.py:66} INFO - Poking for file /opt/***/Files/Files.zip
[2024-03-10T12:38:21.853+0000] {base.py:83} INFO - Using connection ID 'fs_default' for task execution.
[2024-03-10T12:38:21.854+0000] {filesystem.py:66} INFO - Poking for file /opt/***/Files/Files.zip
[2024-03-10T12:38:26.872+0000] {base.py:83} INFO - Using connection ID 'fs_default' for task execution.
[2024-03-10T12:38:26.874+0000] {filesystem.py:66} INFO - Poking for file /opt/***/Files/Files.zip
[2024-03-10T12:38:31.893+0000] {base.py:83} INFO - Using connection ID 'fs_default' for task execution.
[2024-03-10T12:38:31.905+0000] {filesystem.py:66} INFO - Poking for file /opt/***/Files/Files.zip
[2024-03-10T12:38:36.918+0000] {base.py:83} INFO - Using connection ID 'fs_default' for task execution.
[2024-03-10T12:38:36.919+0000] {filesystem.py:66} INFO - Poking for file /opt/***/Files/Files.zip
[2024-03-10T12:38:41.930+0000] {base.py:83} INFO - Using connection ID 'fs_default' for task execution.
[2024-03-10T12:38:41.945+0000] {filesystem.py:66} INFO - Poking for file /opt/***/Files/Files.zip
[2024-03-10T12:38:45.090+0000] {local_task_job_runner.py:302} WARNING - State of this instance has been externally set to failed. Terminating instance.
[2024-03-10T12:38:45.170+0000] {process_utils.py:131} INFO - Sending 15 to group 251. PIDs of all processes in the group: [251]
[2024-03-10T12:38:45.173+0000] {process_utils.py:86} INFO - Sending the signal 15 to group 251
[2024-03-10T12:38:45.175+0000] {taskinstance.py:2480} ERROR - Received SIGTERM. Terminating subprocesses.
[2024-03-10T12:38:45.308+0000] {process_utils.py:79} INFO - Process psutil.Process(pid=251, status='terminated', exitcode=0, started='12:33:07') (251) terminated with exit code 0
