[2024-03-10T12:38:01.015+0000] {taskinstance.py:1979} INFO - Dependencies all met for dep_context=non-requeueable deps ti=<TaskInstance: processing.archive_sensor manual__2024-03-10T12:37:59.218526+00:00 [queued]>
[2024-03-10T12:38:01.034+0000] {taskinstance.py:1979} INFO - Dependencies all met for dep_context=requeueable deps ti=<TaskInstance: processing.archive_sensor manual__2024-03-10T12:37:59.218526+00:00 [queued]>
[2024-03-10T12:38:01.036+0000] {taskinstance.py:2193} INFO - Starting attempt 1 of 1
[2024-03-10T12:38:01.057+0000] {taskinstance.py:2214} INFO - Executing <Task(FileSensor): archive_sensor> on 2024-03-10 12:37:59.218526+00:00
[2024-03-10T12:38:01.068+0000] {standard_task_runner.py:60} INFO - Started process 388 to run task
[2024-03-10T12:38:01.074+0000] {standard_task_runner.py:87} INFO - Running: ['***', 'tasks', 'run', 'processing', 'archive_sensor', 'manual__2024-03-10T12:37:59.218526+00:00', '--job-id', '50', '--raw', '--subdir', 'DAGS_FOLDER/process_data.py', '--cfg-path', '/tmp/tmpt0f_chxf']
[2024-03-10T12:38:01.080+0000] {standard_task_runner.py:88} INFO - Job 50: Subtask archive_sensor
[2024-03-10T12:38:01.107+0000] {logging_mixin.py:188} WARNING - /home/***/.local/lib/python3.11/site-packages/***/settings.py:194 DeprecationWarning: The sql_alchemy_conn option in [core] has been moved to the sql_alchemy_conn option in [database] - the old setting has been used, but please update your config.
[2024-03-10T12:38:01.169+0000] {task_command.py:423} INFO - Running <TaskInstance: processing.archive_sensor manual__2024-03-10T12:37:59.218526+00:00 [running]> on host 81bb4583c109
[2024-03-10T12:38:01.303+0000] {taskinstance.py:2510} INFO - Exporting env vars: AIRFLOW_CTX_DAG_OWNER='***' AIRFLOW_CTX_DAG_ID='processing' AIRFLOW_CTX_TASK_ID='archive_sensor' AIRFLOW_CTX_EXECUTION_DATE='2024-03-10T12:37:59.218526+00:00' AIRFLOW_CTX_TRY_NUMBER='1' AIRFLOW_CTX_DAG_RUN_ID='manual__2024-03-10T12:37:59.218526+00:00'
[2024-03-10T12:38:01.323+0000] {base.py:83} INFO - Using connection ID 'fs_default' for task execution.
[2024-03-10T12:38:01.324+0000] {filesystem.py:66} INFO - Poking for file /opt/***/Files/Files.zip
[2024-03-10T12:38:06.339+0000] {base.py:83} INFO - Using connection ID 'fs_default' for task execution.
[2024-03-10T12:38:06.341+0000] {filesystem.py:66} INFO - Poking for file /opt/***/Files/Files.zip
[2024-03-10T12:38:11.358+0000] {base.py:83} INFO - Using connection ID 'fs_default' for task execution.
[2024-03-10T12:38:11.360+0000] {filesystem.py:66} INFO - Poking for file /opt/***/Files/Files.zip
[2024-03-10T12:38:16.372+0000] {base.py:83} INFO - Using connection ID 'fs_default' for task execution.
[2024-03-10T12:38:16.373+0000] {filesystem.py:66} INFO - Poking for file /opt/***/Files/Files.zip
[2024-03-10T12:38:21.387+0000] {base.py:83} INFO - Using connection ID 'fs_default' for task execution.
[2024-03-10T12:38:21.389+0000] {filesystem.py:66} INFO - Poking for file /opt/***/Files/Files.zip
[2024-03-10T12:38:26.406+0000] {base.py:83} INFO - Using connection ID 'fs_default' for task execution.
[2024-03-10T12:38:26.440+0000] {filesystem.py:66} INFO - Poking for file /opt/***/Files/Files.zip
[2024-03-10T12:38:31.453+0000] {base.py:83} INFO - Using connection ID 'fs_default' for task execution.
[2024-03-10T12:38:31.455+0000] {filesystem.py:66} INFO - Poking for file /opt/***/Files/Files.zip
[2024-03-10T12:38:36.468+0000] {base.py:83} INFO - Using connection ID 'fs_default' for task execution.
[2024-03-10T12:38:36.469+0000] {filesystem.py:66} INFO - Poking for file /opt/***/Files/Files.zip
[2024-03-10T12:38:41.481+0000] {base.py:83} INFO - Using connection ID 'fs_default' for task execution.
[2024-03-10T12:38:41.558+0000] {filesystem.py:66} INFO - Poking for file /opt/***/Files/Files.zip
[2024-03-10T12:38:46.598+0000] {local_task_job_runner.py:302} WARNING - State of this instance has been externally set to failed. Terminating instance.
[2024-03-10T12:38:46.602+0000] {process_utils.py:131} INFO - Sending 15 to group 388. PIDs of all processes in the group: [388]
[2024-03-10T12:38:46.603+0000] {process_utils.py:86} INFO - Sending the signal 15 to group 388
[2024-03-10T12:38:46.604+0000] {taskinstance.py:2480} ERROR - Received SIGTERM. Terminating subprocesses.
[2024-03-10T12:38:46.656+0000] {process_utils.py:79} INFO - Process psutil.Process(pid=388, status='terminated', exitcode=0, started='12:38:00') (388) terminated with exit code 0
