[2024-03-10T12:38:55.880+0000] {taskinstance.py:1979} INFO - Dependencies all met for dep_context=non-requeueable deps ti=<TaskInstance: processing.archive_sensor manual__2024-03-10T12:38:53.555022+00:00 [queued]>
[2024-03-10T12:38:55.890+0000] {taskinstance.py:1979} INFO - Dependencies all met for dep_context=requeueable deps ti=<TaskInstance: processing.archive_sensor manual__2024-03-10T12:38:53.555022+00:00 [queued]>
[2024-03-10T12:38:55.890+0000] {taskinstance.py:2193} INFO - Starting attempt 1 of 1
[2024-03-10T12:38:55.905+0000] {taskinstance.py:2214} INFO - Executing <Task(FileSensor): archive_sensor> on 2024-03-10 12:38:53.555022+00:00
[2024-03-10T12:38:55.913+0000] {standard_task_runner.py:60} INFO - Started process 413 to run task
[2024-03-10T12:38:55.917+0000] {standard_task_runner.py:87} INFO - Running: ['***', 'tasks', 'run', 'processing', 'archive_sensor', 'manual__2024-03-10T12:38:53.555022+00:00', '--job-id', '51', '--raw', '--subdir', 'DAGS_FOLDER/process_data.py', '--cfg-path', '/tmp/tmp7x1eds7b']
[2024-03-10T12:38:55.919+0000] {standard_task_runner.py:88} INFO - Job 51: Subtask archive_sensor
[2024-03-10T12:38:55.939+0000] {logging_mixin.py:188} WARNING - /home/***/.local/lib/python3.11/site-packages/***/settings.py:194 DeprecationWarning: The sql_alchemy_conn option in [core] has been moved to the sql_alchemy_conn option in [database] - the old setting has been used, but please update your config.
[2024-03-10T12:38:55.991+0000] {task_command.py:423} INFO - Running <TaskInstance: processing.archive_sensor manual__2024-03-10T12:38:53.555022+00:00 [running]> on host 81bb4583c109
[2024-03-10T12:38:56.091+0000] {taskinstance.py:2510} INFO - Exporting env vars: AIRFLOW_CTX_DAG_OWNER='***' AIRFLOW_CTX_DAG_ID='processing' AIRFLOW_CTX_TASK_ID='archive_sensor' AIRFLOW_CTX_EXECUTION_DATE='2024-03-10T12:38:53.555022+00:00' AIRFLOW_CTX_TRY_NUMBER='1' AIRFLOW_CTX_DAG_RUN_ID='manual__2024-03-10T12:38:53.555022+00:00'
[2024-03-10T12:38:56.108+0000] {base.py:83} INFO - Using connection ID 'fs_default' for task execution.
[2024-03-10T12:38:56.110+0000] {filesystem.py:66} INFO - Poking for file /opt/***/Files/Files.zip
[2024-03-10T12:39:01.124+0000] {base.py:83} INFO - Using connection ID 'fs_default' for task execution.
[2024-03-10T12:39:01.125+0000] {filesystem.py:66} INFO - Poking for file /opt/***/Files/Files.zip
[2024-03-10T12:39:06.140+0000] {base.py:83} INFO - Using connection ID 'fs_default' for task execution.
[2024-03-10T12:39:06.142+0000] {filesystem.py:66} INFO - Poking for file /opt/***/Files/Files.zip
[2024-03-10T12:39:11.164+0000] {base.py:83} INFO - Using connection ID 'fs_default' for task execution.
[2024-03-10T12:39:11.166+0000] {filesystem.py:66} INFO - Poking for file /opt/***/Files/Files.zip
[2024-03-10T12:39:16.177+0000] {base.py:83} INFO - Using connection ID 'fs_default' for task execution.
[2024-03-10T12:39:16.178+0000] {filesystem.py:66} INFO - Poking for file /opt/***/Files/Files.zip
[2024-03-10T12:39:21.190+0000] {base.py:83} INFO - Using connection ID 'fs_default' for task execution.
[2024-03-10T12:39:21.192+0000] {filesystem.py:66} INFO - Poking for file /opt/***/Files/Files.zip
[2024-03-10T12:39:26.207+0000] {base.py:83} INFO - Using connection ID 'fs_default' for task execution.
[2024-03-10T12:39:26.209+0000] {filesystem.py:66} INFO - Poking for file /opt/***/Files/Files.zip
[2024-03-10T12:39:31.223+0000] {base.py:83} INFO - Using connection ID 'fs_default' for task execution.
[2024-03-10T12:39:31.226+0000] {filesystem.py:66} INFO - Poking for file /opt/***/Files/Files.zip
[2024-03-10T12:39:36.253+0000] {base.py:83} INFO - Using connection ID 'fs_default' for task execution.
[2024-03-10T12:39:36.254+0000] {filesystem.py:66} INFO - Poking for file /opt/***/Files/Files.zip
[2024-03-10T12:39:41.266+0000] {base.py:83} INFO - Using connection ID 'fs_default' for task execution.
[2024-03-10T12:39:41.268+0000] {filesystem.py:66} INFO - Poking for file /opt/***/Files/Files.zip
[2024-03-10T12:39:46.281+0000] {base.py:83} INFO - Using connection ID 'fs_default' for task execution.
[2024-03-10T12:39:46.282+0000] {filesystem.py:66} INFO - Poking for file /opt/***/Files/Files.zip
[2024-03-10T12:39:51.296+0000] {base.py:83} INFO - Using connection ID 'fs_default' for task execution.
[2024-03-10T12:39:51.298+0000] {filesystem.py:66} INFO - Poking for file /opt/***/Files/Files.zip
[2024-03-10T12:39:56.317+0000] {base.py:83} INFO - Using connection ID 'fs_default' for task execution.
[2024-03-10T12:39:56.318+0000] {filesystem.py:66} INFO - Poking for file /opt/***/Files/Files.zip
[2024-03-10T12:40:01.335+0000] {base.py:83} INFO - Using connection ID 'fs_default' for task execution.
[2024-03-10T12:40:01.337+0000] {filesystem.py:66} INFO - Poking for file /opt/***/Files/Files.zip
[2024-03-10T12:40:06.351+0000] {base.py:83} INFO - Using connection ID 'fs_default' for task execution.
[2024-03-10T12:40:06.353+0000] {filesystem.py:66} INFO - Poking for file /opt/***/Files/Files.zip
[2024-03-10T12:40:11.366+0000] {base.py:83} INFO - Using connection ID 'fs_default' for task execution.
[2024-03-10T12:40:11.368+0000] {filesystem.py:66} INFO - Poking for file /opt/***/Files/Files.zip
[2024-03-10T12:40:16.381+0000] {base.py:83} INFO - Using connection ID 'fs_default' for task execution.
[2024-03-10T12:40:16.382+0000] {filesystem.py:66} INFO - Poking for file /opt/***/Files/Files.zip
[2024-03-10T12:40:21.400+0000] {base.py:83} INFO - Using connection ID 'fs_default' for task execution.
[2024-03-10T12:40:21.401+0000] {filesystem.py:66} INFO - Poking for file /opt/***/Files/Files.zip
[2024-03-10T12:40:26.411+0000] {base.py:83} INFO - Using connection ID 'fs_default' for task execution.
[2024-03-10T12:40:26.415+0000] {filesystem.py:66} INFO - Poking for file /opt/***/Files/Files.zip
[2024-03-10T12:40:31.432+0000] {base.py:83} INFO - Using connection ID 'fs_default' for task execution.
[2024-03-10T12:40:31.433+0000] {filesystem.py:66} INFO - Poking for file /opt/***/Files/Files.zip
[2024-03-10T12:40:36.444+0000] {base.py:83} INFO - Using connection ID 'fs_default' for task execution.
[2024-03-10T12:40:36.445+0000] {filesystem.py:66} INFO - Poking for file /opt/***/Files/Files.zip
[2024-03-10T12:40:41.465+0000] {base.py:83} INFO - Using connection ID 'fs_default' for task execution.
[2024-03-10T12:40:41.467+0000] {filesystem.py:66} INFO - Poking for file /opt/***/Files/Files.zip
[2024-03-10T12:40:46.483+0000] {base.py:83} INFO - Using connection ID 'fs_default' for task execution.
[2024-03-10T12:40:46.485+0000] {filesystem.py:66} INFO - Poking for file /opt/***/Files/Files.zip
[2024-03-10T12:40:51.499+0000] {base.py:83} INFO - Using connection ID 'fs_default' for task execution.
[2024-03-10T12:40:51.500+0000] {filesystem.py:66} INFO - Poking for file /opt/***/Files/Files.zip
[2024-03-10T12:40:56.511+0000] {base.py:83} INFO - Using connection ID 'fs_default' for task execution.
[2024-03-10T12:40:56.513+0000] {filesystem.py:66} INFO - Poking for file /opt/***/Files/Files.zip
[2024-03-10T12:41:01.524+0000] {base.py:83} INFO - Using connection ID 'fs_default' for task execution.
[2024-03-10T12:41:01.525+0000] {filesystem.py:66} INFO - Poking for file /opt/***/Files/Files.zip
[2024-03-10T12:41:06.544+0000] {base.py:83} INFO - Using connection ID 'fs_default' for task execution.
[2024-03-10T12:41:06.546+0000] {filesystem.py:66} INFO - Poking for file /opt/***/Files/Files.zip
[2024-03-10T12:41:11.559+0000] {base.py:83} INFO - Using connection ID 'fs_default' for task execution.
[2024-03-10T12:41:11.560+0000] {filesystem.py:66} INFO - Poking for file /opt/***/Files/Files.zip
[2024-03-10T12:41:16.572+0000] {base.py:83} INFO - Using connection ID 'fs_default' for task execution.
[2024-03-10T12:41:16.573+0000] {filesystem.py:66} INFO - Poking for file /opt/***/Files/Files.zip
[2024-03-10T12:41:21.586+0000] {base.py:83} INFO - Using connection ID 'fs_default' for task execution.
[2024-03-10T12:41:21.587+0000] {filesystem.py:66} INFO - Poking for file /opt/***/Files/Files.zip
[2024-03-10T12:41:26.607+0000] {base.py:83} INFO - Using connection ID 'fs_default' for task execution.
[2024-03-10T12:41:26.609+0000] {filesystem.py:66} INFO - Poking for file /opt/***/Files/Files.zip
[2024-03-10T12:41:31.630+0000] {base.py:83} INFO - Using connection ID 'fs_default' for task execution.
[2024-03-10T12:41:31.632+0000] {filesystem.py:66} INFO - Poking for file /opt/***/Files/Files.zip
[2024-03-10T12:41:36.646+0000] {base.py:83} INFO - Using connection ID 'fs_default' for task execution.
[2024-03-10T12:41:36.648+0000] {filesystem.py:66} INFO - Poking for file /opt/***/Files/Files.zip
[2024-03-10T12:41:41.660+0000] {base.py:83} INFO - Using connection ID 'fs_default' for task execution.
[2024-03-10T12:41:41.661+0000] {filesystem.py:66} INFO - Poking for file /opt/***/Files/Files.zip
[2024-03-10T12:41:46.678+0000] {base.py:83} INFO - Using connection ID 'fs_default' for task execution.
[2024-03-10T12:41:46.681+0000] {filesystem.py:66} INFO - Poking for file /opt/***/Files/Files.zip
[2024-03-10T12:41:51.693+0000] {base.py:83} INFO - Using connection ID 'fs_default' for task execution.
[2024-03-10T12:41:51.694+0000] {filesystem.py:66} INFO - Poking for file /opt/***/Files/Files.zip
[2024-03-10T12:41:56.707+0000] {base.py:83} INFO - Using connection ID 'fs_default' for task execution.
[2024-03-10T12:41:56.710+0000] {filesystem.py:66} INFO - Poking for file /opt/***/Files/Files.zip
[2024-03-10T12:42:01.727+0000] {base.py:83} INFO - Using connection ID 'fs_default' for task execution.
[2024-03-10T12:42:01.729+0000] {filesystem.py:66} INFO - Poking for file /opt/***/Files/Files.zip
[2024-03-10T12:42:06.741+0000] {base.py:83} INFO - Using connection ID 'fs_default' for task execution.
[2024-03-10T12:42:06.742+0000] {filesystem.py:66} INFO - Poking for file /opt/***/Files/Files.zip
[2024-03-10T12:42:11.772+0000] {base.py:83} INFO - Using connection ID 'fs_default' for task execution.
[2024-03-10T12:42:11.775+0000] {filesystem.py:66} INFO - Poking for file /opt/***/Files/Files.zip
[2024-03-10T12:42:16.791+0000] {base.py:83} INFO - Using connection ID 'fs_default' for task execution.
[2024-03-10T12:42:16.792+0000] {filesystem.py:66} INFO - Poking for file /opt/***/Files/Files.zip
[2024-03-10T12:42:21.810+0000] {base.py:83} INFO - Using connection ID 'fs_default' for task execution.
[2024-03-10T12:42:21.811+0000] {filesystem.py:66} INFO - Poking for file /opt/***/Files/Files.zip
[2024-03-10T12:42:26.824+0000] {base.py:83} INFO - Using connection ID 'fs_default' for task execution.
[2024-03-10T12:42:26.825+0000] {filesystem.py:66} INFO - Poking for file /opt/***/Files/Files.zip
[2024-03-10T12:42:31.840+0000] {base.py:83} INFO - Using connection ID 'fs_default' for task execution.
[2024-03-10T12:42:31.841+0000] {filesystem.py:66} INFO - Poking for file /opt/***/Files/Files.zip
[2024-03-10T12:42:36.859+0000] {base.py:83} INFO - Using connection ID 'fs_default' for task execution.
[2024-03-10T12:42:36.885+0000] {filesystem.py:66} INFO - Poking for file /opt/***/Files/Files.zip
[2024-03-10T12:42:41.910+0000] {base.py:83} INFO - Using connection ID 'fs_default' for task execution.
[2024-03-10T12:42:41.911+0000] {filesystem.py:66} INFO - Poking for file /opt/***/Files/Files.zip
[2024-03-10T12:42:46.926+0000] {base.py:83} INFO - Using connection ID 'fs_default' for task execution.
[2024-03-10T12:42:46.928+0000] {filesystem.py:66} INFO - Poking for file /opt/***/Files/Files.zip
[2024-03-10T12:42:51.940+0000] {base.py:83} INFO - Using connection ID 'fs_default' for task execution.
[2024-03-10T12:42:51.941+0000] {filesystem.py:66} INFO - Poking for file /opt/***/Files/Files.zip
[2024-03-10T12:42:56.957+0000] {base.py:83} INFO - Using connection ID 'fs_default' for task execution.
[2024-03-10T12:42:56.959+0000] {filesystem.py:66} INFO - Poking for file /opt/***/Files/Files.zip
[2024-03-10T12:43:01.969+0000] {base.py:83} INFO - Using connection ID 'fs_default' for task execution.
[2024-03-10T12:43:01.970+0000] {filesystem.py:66} INFO - Poking for file /opt/***/Files/Files.zip
[2024-03-10T12:43:06.983+0000] {base.py:83} INFO - Using connection ID 'fs_default' for task execution.
[2024-03-10T12:43:06.984+0000] {filesystem.py:66} INFO - Poking for file /opt/***/Files/Files.zip
[2024-03-10T12:43:12.000+0000] {base.py:83} INFO - Using connection ID 'fs_default' for task execution.
[2024-03-10T12:43:12.001+0000] {filesystem.py:66} INFO - Poking for file /opt/***/Files/Files.zip
[2024-03-10T12:43:17.012+0000] {base.py:83} INFO - Using connection ID 'fs_default' for task execution.
[2024-03-10T12:43:17.013+0000] {filesystem.py:66} INFO - Poking for file /opt/***/Files/Files.zip
[2024-03-10T12:43:22.030+0000] {base.py:83} INFO - Using connection ID 'fs_default' for task execution.
[2024-03-10T12:43:22.031+0000] {filesystem.py:66} INFO - Poking for file /opt/***/Files/Files.zip
[2024-03-10T12:43:27.049+0000] {base.py:83} INFO - Using connection ID 'fs_default' for task execution.
[2024-03-10T12:43:27.051+0000] {filesystem.py:66} INFO - Poking for file /opt/***/Files/Files.zip
[2024-03-10T12:43:32.068+0000] {base.py:83} INFO - Using connection ID 'fs_default' for task execution.
[2024-03-10T12:43:32.069+0000] {filesystem.py:66} INFO - Poking for file /opt/***/Files/Files.zip
[2024-03-10T12:43:37.079+0000] {base.py:83} INFO - Using connection ID 'fs_default' for task execution.
[2024-03-10T12:43:37.083+0000] {filesystem.py:66} INFO - Poking for file /opt/***/Files/Files.zip
[2024-03-10T12:43:42.125+0000] {base.py:83} INFO - Using connection ID 'fs_default' for task execution.
[2024-03-10T12:43:42.126+0000] {filesystem.py:66} INFO - Poking for file /opt/***/Files/Files.zip
[2024-03-10T12:43:47.135+0000] {base.py:83} INFO - Using connection ID 'fs_default' for task execution.
[2024-03-10T12:43:47.136+0000] {filesystem.py:66} INFO - Poking for file /opt/***/Files/Files.zip
[2024-03-10T12:43:52.152+0000] {base.py:83} INFO - Using connection ID 'fs_default' for task execution.
[2024-03-10T12:43:52.154+0000] {filesystem.py:66} INFO - Poking for file /opt/***/Files/Files.zip
[2024-03-10T12:43:57.166+0000] {base.py:83} INFO - Using connection ID 'fs_default' for task execution.
[2024-03-10T12:43:57.167+0000] {filesystem.py:66} INFO - Poking for file /opt/***/Files/Files.zip
[2024-03-10T12:44:02.175+0000] {base.py:83} INFO - Using connection ID 'fs_default' for task execution.
[2024-03-10T12:44:02.177+0000] {filesystem.py:66} INFO - Poking for file /opt/***/Files/Files.zip
[2024-03-10T12:44:07.189+0000] {base.py:83} INFO - Using connection ID 'fs_default' for task execution.
[2024-03-10T12:44:07.190+0000] {filesystem.py:66} INFO - Poking for file /opt/***/Files/Files.zip
[2024-03-10T12:44:12.204+0000] {base.py:83} INFO - Using connection ID 'fs_default' for task execution.
[2024-03-10T12:44:12.205+0000] {filesystem.py:66} INFO - Poking for file /opt/***/Files/Files.zip
[2024-03-10T12:44:17.220+0000] {base.py:83} INFO - Using connection ID 'fs_default' for task execution.
[2024-03-10T12:44:17.221+0000] {filesystem.py:66} INFO - Poking for file /opt/***/Files/Files.zip
[2024-03-10T12:44:22.237+0000] {base.py:83} INFO - Using connection ID 'fs_default' for task execution.
[2024-03-10T12:44:22.239+0000] {filesystem.py:66} INFO - Poking for file /opt/***/Files/Files.zip
[2024-03-10T12:44:27.252+0000] {base.py:83} INFO - Using connection ID 'fs_default' for task execution.
[2024-03-10T12:44:27.254+0000] {filesystem.py:66} INFO - Poking for file /opt/***/Files/Files.zip
[2024-03-10T12:44:32.270+0000] {base.py:83} INFO - Using connection ID 'fs_default' for task execution.
[2024-03-10T12:44:32.271+0000] {filesystem.py:66} INFO - Poking for file /opt/***/Files/Files.zip
[2024-03-10T12:44:37.286+0000] {base.py:83} INFO - Using connection ID 'fs_default' for task execution.
[2024-03-10T12:44:37.290+0000] {filesystem.py:66} INFO - Poking for file /opt/***/Files/Files.zip
[2024-03-10T12:44:42.300+0000] {base.py:83} INFO - Using connection ID 'fs_default' for task execution.
[2024-03-10T12:44:42.303+0000] {filesystem.py:66} INFO - Poking for file /opt/***/Files/Files.zip
[2024-03-10T12:44:47.321+0000] {base.py:83} INFO - Using connection ID 'fs_default' for task execution.
[2024-03-10T12:44:47.322+0000] {filesystem.py:66} INFO - Poking for file /opt/***/Files/Files.zip
[2024-03-10T12:44:52.333+0000] {base.py:83} INFO - Using connection ID 'fs_default' for task execution.
[2024-03-10T12:44:52.334+0000] {filesystem.py:66} INFO - Poking for file /opt/***/Files/Files.zip
[2024-03-10T12:44:57.351+0000] {base.py:83} INFO - Using connection ID 'fs_default' for task execution.
[2024-03-10T12:44:57.353+0000] {filesystem.py:66} INFO - Poking for file /opt/***/Files/Files.zip
[2024-03-10T12:45:02.374+0000] {base.py:83} INFO - Using connection ID 'fs_default' for task execution.
[2024-03-10T12:45:02.376+0000] {filesystem.py:66} INFO - Poking for file /opt/***/Files/Files.zip
[2024-03-10T12:45:07.407+0000] {base.py:83} INFO - Using connection ID 'fs_default' for task execution.
[2024-03-10T12:45:07.411+0000] {filesystem.py:66} INFO - Poking for file /opt/***/Files/Files.zip
[2024-03-10T12:45:12.430+0000] {base.py:83} INFO - Using connection ID 'fs_default' for task execution.
[2024-03-10T12:45:12.431+0000] {filesystem.py:66} INFO - Poking for file /opt/***/Files/Files.zip
[2024-03-10T12:45:17.448+0000] {base.py:83} INFO - Using connection ID 'fs_default' for task execution.
[2024-03-10T12:45:17.450+0000] {filesystem.py:66} INFO - Poking for file /opt/***/Files/Files.zip
[2024-03-10T12:45:22.469+0000] {base.py:83} INFO - Using connection ID 'fs_default' for task execution.
[2024-03-10T12:45:22.475+0000] {filesystem.py:66} INFO - Poking for file /opt/***/Files/Files.zip
[2024-03-10T12:45:27.485+0000] {base.py:83} INFO - Using connection ID 'fs_default' for task execution.
[2024-03-10T12:45:27.487+0000] {filesystem.py:66} INFO - Poking for file /opt/***/Files/Files.zip
[2024-03-10T12:45:32.505+0000] {base.py:83} INFO - Using connection ID 'fs_default' for task execution.
[2024-03-10T12:45:32.506+0000] {filesystem.py:66} INFO - Poking for file /opt/***/Files/Files.zip
[2024-03-10T12:45:37.515+0000] {base.py:83} INFO - Using connection ID 'fs_default' for task execution.
[2024-03-10T12:45:37.516+0000] {filesystem.py:66} INFO - Poking for file /opt/***/Files/Files.zip
[2024-03-10T12:45:42.530+0000] {base.py:83} INFO - Using connection ID 'fs_default' for task execution.
[2024-03-10T12:45:42.531+0000] {filesystem.py:66} INFO - Poking for file /opt/***/Files/Files.zip
[2024-03-10T12:45:47.548+0000] {base.py:83} INFO - Using connection ID 'fs_default' for task execution.
[2024-03-10T12:45:47.550+0000] {filesystem.py:66} INFO - Poking for file /opt/***/Files/Files.zip
[2024-03-10T12:45:52.561+0000] {base.py:83} INFO - Using connection ID 'fs_default' for task execution.
[2024-03-10T12:45:52.562+0000] {filesystem.py:66} INFO - Poking for file /opt/***/Files/Files.zip
[2024-03-10T12:45:57.578+0000] {base.py:83} INFO - Using connection ID 'fs_default' for task execution.
[2024-03-10T12:45:57.580+0000] {filesystem.py:66} INFO - Poking for file /opt/***/Files/Files.zip
[2024-03-10T12:46:02.598+0000] {base.py:83} INFO - Using connection ID 'fs_default' for task execution.
[2024-03-10T12:46:02.600+0000] {filesystem.py:66} INFO - Poking for file /opt/***/Files/Files.zip
[2024-03-10T12:46:07.617+0000] {base.py:83} INFO - Using connection ID 'fs_default' for task execution.
[2024-03-10T12:46:07.619+0000] {filesystem.py:66} INFO - Poking for file /opt/***/Files/Files.zip
[2024-03-10T12:46:12.631+0000] {base.py:83} INFO - Using connection ID 'fs_default' for task execution.
[2024-03-10T12:46:12.633+0000] {filesystem.py:66} INFO - Poking for file /opt/***/Files/Files.zip
[2024-03-10T12:46:17.643+0000] {base.py:83} INFO - Using connection ID 'fs_default' for task execution.
[2024-03-10T12:46:17.644+0000] {filesystem.py:66} INFO - Poking for file /opt/***/Files/Files.zip
[2024-03-10T12:46:22.653+0000] {base.py:83} INFO - Using connection ID 'fs_default' for task execution.
[2024-03-10T12:46:22.657+0000] {filesystem.py:66} INFO - Poking for file /opt/***/Files/Files.zip
[2024-03-10T12:46:27.675+0000] {base.py:83} INFO - Using connection ID 'fs_default' for task execution.
[2024-03-10T12:46:27.677+0000] {filesystem.py:66} INFO - Poking for file /opt/***/Files/Files.zip
[2024-03-10T12:46:32.686+0000] {base.py:83} INFO - Using connection ID 'fs_default' for task execution.
[2024-03-10T12:46:32.687+0000] {filesystem.py:66} INFO - Poking for file /opt/***/Files/Files.zip
[2024-03-10T12:46:37.702+0000] {base.py:83} INFO - Using connection ID 'fs_default' for task execution.
[2024-03-10T12:46:37.703+0000] {filesystem.py:66} INFO - Poking for file /opt/***/Files/Files.zip
[2024-03-10T12:46:42.717+0000] {base.py:83} INFO - Using connection ID 'fs_default' for task execution.
[2024-03-10T12:46:42.719+0000] {filesystem.py:66} INFO - Poking for file /opt/***/Files/Files.zip
[2024-03-10T12:46:47.729+0000] {base.py:83} INFO - Using connection ID 'fs_default' for task execution.
[2024-03-10T12:46:47.730+0000] {filesystem.py:66} INFO - Poking for file /opt/***/Files/Files.zip
[2024-03-10T12:46:52.739+0000] {base.py:83} INFO - Using connection ID 'fs_default' for task execution.
[2024-03-10T12:46:52.742+0000] {filesystem.py:66} INFO - Poking for file /opt/***/Files/Files.zip
[2024-03-10T12:46:57.760+0000] {base.py:83} INFO - Using connection ID 'fs_default' for task execution.
[2024-03-10T12:46:57.761+0000] {filesystem.py:66} INFO - Poking for file /opt/***/Files/Files.zip
[2024-03-10T12:47:02.781+0000] {base.py:83} INFO - Using connection ID 'fs_default' for task execution.
[2024-03-10T12:47:02.783+0000] {filesystem.py:66} INFO - Poking for file /opt/***/Files/Files.zip
[2024-03-10T12:47:07.801+0000] {base.py:83} INFO - Using connection ID 'fs_default' for task execution.
[2024-03-10T12:47:07.803+0000] {filesystem.py:66} INFO - Poking for file /opt/***/Files/Files.zip
[2024-03-10T12:47:12.822+0000] {base.py:83} INFO - Using connection ID 'fs_default' for task execution.
[2024-03-10T12:47:12.824+0000] {filesystem.py:66} INFO - Poking for file /opt/***/Files/Files.zip
[2024-03-10T12:47:17.843+0000] {base.py:83} INFO - Using connection ID 'fs_default' for task execution.
[2024-03-10T12:47:17.844+0000] {filesystem.py:66} INFO - Poking for file /opt/***/Files/Files.zip
[2024-03-10T12:47:22.861+0000] {base.py:83} INFO - Using connection ID 'fs_default' for task execution.
[2024-03-10T12:47:22.864+0000] {filesystem.py:66} INFO - Poking for file /opt/***/Files/Files.zip
[2024-03-10T12:47:27.871+0000] {base.py:83} INFO - Using connection ID 'fs_default' for task execution.
[2024-03-10T12:47:27.887+0000] {filesystem.py:66} INFO - Poking for file /opt/***/Files/Files.zip
[2024-03-10T12:47:32.904+0000] {base.py:83} INFO - Using connection ID 'fs_default' for task execution.
[2024-03-10T12:47:32.905+0000] {filesystem.py:66} INFO - Poking for file /opt/***/Files/Files.zip
[2024-03-10T12:47:37.916+0000] {base.py:83} INFO - Using connection ID 'fs_default' for task execution.
[2024-03-10T12:47:37.917+0000] {filesystem.py:66} INFO - Poking for file /opt/***/Files/Files.zip
[2024-03-10T12:47:42.932+0000] {base.py:83} INFO - Using connection ID 'fs_default' for task execution.
[2024-03-10T12:47:42.935+0000] {filesystem.py:66} INFO - Poking for file /opt/***/Files/Files.zip
[2024-03-10T12:47:47.952+0000] {base.py:83} INFO - Using connection ID 'fs_default' for task execution.
[2024-03-10T12:47:47.953+0000] {filesystem.py:66} INFO - Poking for file /opt/***/Files/Files.zip
[2024-03-10T12:47:52.969+0000] {base.py:83} INFO - Using connection ID 'fs_default' for task execution.
[2024-03-10T12:47:52.970+0000] {filesystem.py:66} INFO - Poking for file /opt/***/Files/Files.zip
[2024-03-10T12:47:57.992+0000] {base.py:83} INFO - Using connection ID 'fs_default' for task execution.
[2024-03-10T12:47:57.993+0000] {filesystem.py:66} INFO - Poking for file /opt/***/Files/Files.zip
[2024-03-10T12:48:03.011+0000] {base.py:83} INFO - Using connection ID 'fs_default' for task execution.
[2024-03-10T12:48:03.012+0000] {filesystem.py:66} INFO - Poking for file /opt/***/Files/Files.zip
[2024-03-10T12:48:08.028+0000] {base.py:83} INFO - Using connection ID 'fs_default' for task execution.
[2024-03-10T12:48:08.029+0000] {filesystem.py:66} INFO - Poking for file /opt/***/Files/Files.zip
[2024-03-10T12:48:13.048+0000] {base.py:83} INFO - Using connection ID 'fs_default' for task execution.
[2024-03-10T12:48:13.049+0000] {filesystem.py:66} INFO - Poking for file /opt/***/Files/Files.zip
[2024-03-10T12:48:18.065+0000] {base.py:83} INFO - Using connection ID 'fs_default' for task execution.
[2024-03-10T12:48:18.066+0000] {filesystem.py:66} INFO - Poking for file /opt/***/Files/Files.zip
[2024-03-10T12:48:23.078+0000] {base.py:83} INFO - Using connection ID 'fs_default' for task execution.
[2024-03-10T12:48:23.079+0000] {filesystem.py:66} INFO - Poking for file /opt/***/Files/Files.zip
[2024-03-10T12:48:28.093+0000] {base.py:83} INFO - Using connection ID 'fs_default' for task execution.
[2024-03-10T12:48:28.095+0000] {filesystem.py:66} INFO - Poking for file /opt/***/Files/Files.zip
[2024-03-10T12:48:33.112+0000] {base.py:83} INFO - Using connection ID 'fs_default' for task execution.
[2024-03-10T12:48:33.114+0000] {filesystem.py:66} INFO - Poking for file /opt/***/Files/Files.zip
[2024-03-10T12:48:38.126+0000] {base.py:83} INFO - Using connection ID 'fs_default' for task execution.
[2024-03-10T12:48:38.127+0000] {filesystem.py:66} INFO - Poking for file /opt/***/Files/Files.zip
[2024-03-10T12:48:43.144+0000] {base.py:83} INFO - Using connection ID 'fs_default' for task execution.
[2024-03-10T12:48:43.146+0000] {filesystem.py:66} INFO - Poking for file /opt/***/Files/Files.zip
[2024-03-10T12:48:48.164+0000] {base.py:83} INFO - Using connection ID 'fs_default' for task execution.
[2024-03-10T12:48:48.165+0000] {filesystem.py:66} INFO - Poking for file /opt/***/Files/Files.zip
[2024-03-10T12:48:53.182+0000] {base.py:83} INFO - Using connection ID 'fs_default' for task execution.
[2024-03-10T12:48:53.184+0000] {filesystem.py:66} INFO - Poking for file /opt/***/Files/Files.zip
[2024-03-10T12:48:58.200+0000] {base.py:83} INFO - Using connection ID 'fs_default' for task execution.
[2024-03-10T12:48:58.203+0000] {filesystem.py:66} INFO - Poking for file /opt/***/Files/Files.zip
[2024-03-10T12:49:03.218+0000] {base.py:83} INFO - Using connection ID 'fs_default' for task execution.
[2024-03-10T12:49:03.219+0000] {filesystem.py:66} INFO - Poking for file /opt/***/Files/Files.zip
[2024-03-10T12:49:08.237+0000] {base.py:83} INFO - Using connection ID 'fs_default' for task execution.
[2024-03-10T12:49:08.239+0000] {filesystem.py:66} INFO - Poking for file /opt/***/Files/Files.zip
[2024-03-10T12:49:13.257+0000] {base.py:83} INFO - Using connection ID 'fs_default' for task execution.
[2024-03-10T12:49:13.258+0000] {filesystem.py:66} INFO - Poking for file /opt/***/Files/Files.zip
[2024-03-10T12:49:18.275+0000] {base.py:83} INFO - Using connection ID 'fs_default' for task execution.
[2024-03-10T12:49:18.276+0000] {filesystem.py:66} INFO - Poking for file /opt/***/Files/Files.zip
[2024-03-10T12:49:23.294+0000] {base.py:83} INFO - Using connection ID 'fs_default' for task execution.
[2024-03-10T12:49:23.295+0000] {filesystem.py:66} INFO - Poking for file /opt/***/Files/Files.zip
[2024-03-10T12:49:28.308+0000] {base.py:83} INFO - Using connection ID 'fs_default' for task execution.
[2024-03-10T12:49:28.309+0000] {filesystem.py:66} INFO - Poking for file /opt/***/Files/Files.zip
[2024-03-10T12:49:33.326+0000] {base.py:83} INFO - Using connection ID 'fs_default' for task execution.
[2024-03-10T12:49:33.328+0000] {filesystem.py:66} INFO - Poking for file /opt/***/Files/Files.zip
[2024-03-10T12:49:38.345+0000] {base.py:83} INFO - Using connection ID 'fs_default' for task execution.
[2024-03-10T12:49:38.347+0000] {filesystem.py:66} INFO - Poking for file /opt/***/Files/Files.zip
[2024-03-10T12:49:43.357+0000] {base.py:83} INFO - Using connection ID 'fs_default' for task execution.
[2024-03-10T12:49:43.358+0000] {filesystem.py:66} INFO - Poking for file /opt/***/Files/Files.zip
[2024-03-10T12:49:48.377+0000] {base.py:83} INFO - Using connection ID 'fs_default' for task execution.
[2024-03-10T12:49:48.382+0000] {filesystem.py:66} INFO - Poking for file /opt/***/Files/Files.zip
[2024-03-10T12:49:53.396+0000] {base.py:83} INFO - Using connection ID 'fs_default' for task execution.
[2024-03-10T12:49:53.397+0000] {filesystem.py:66} INFO - Poking for file /opt/***/Files/Files.zip
[2024-03-10T12:49:58.415+0000] {base.py:83} INFO - Using connection ID 'fs_default' for task execution.
[2024-03-10T12:49:58.416+0000] {filesystem.py:66} INFO - Poking for file /opt/***/Files/Files.zip
[2024-03-10T12:50:03.433+0000] {base.py:83} INFO - Using connection ID 'fs_default' for task execution.
[2024-03-10T12:50:03.447+0000] {filesystem.py:66} INFO - Poking for file /opt/***/Files/Files.zip
[2024-03-10T12:50:08.464+0000] {base.py:83} INFO - Using connection ID 'fs_default' for task execution.
[2024-03-10T12:50:08.467+0000] {filesystem.py:66} INFO - Poking for file /opt/***/Files/Files.zip
[2024-03-10T12:50:13.490+0000] {base.py:83} INFO - Using connection ID 'fs_default' for task execution.
[2024-03-10T12:50:13.495+0000] {filesystem.py:66} INFO - Poking for file /opt/***/Files/Files.zip
[2024-03-10T12:50:18.511+0000] {base.py:83} INFO - Using connection ID 'fs_default' for task execution.
[2024-03-10T12:50:18.513+0000] {filesystem.py:66} INFO - Poking for file /opt/***/Files/Files.zip
[2024-03-10T12:50:23.524+0000] {base.py:83} INFO - Using connection ID 'fs_default' for task execution.
[2024-03-10T12:50:23.525+0000] {filesystem.py:66} INFO - Poking for file /opt/***/Files/Files.zip
[2024-03-10T12:50:28.543+0000] {base.py:83} INFO - Using connection ID 'fs_default' for task execution.
[2024-03-10T12:50:28.545+0000] {filesystem.py:66} INFO - Poking for file /opt/***/Files/Files.zip
[2024-03-10T12:50:33.560+0000] {base.py:83} INFO - Using connection ID 'fs_default' for task execution.
[2024-03-10T12:50:33.562+0000] {filesystem.py:66} INFO - Poking for file /opt/***/Files/Files.zip
[2024-03-10T12:50:38.572+0000] {base.py:83} INFO - Using connection ID 'fs_default' for task execution.
[2024-03-10T12:50:38.594+0000] {filesystem.py:66} INFO - Poking for file /opt/***/Files/Files.zip
[2024-03-10T12:50:43.607+0000] {base.py:83} INFO - Using connection ID 'fs_default' for task execution.
[2024-03-10T12:50:43.608+0000] {filesystem.py:66} INFO - Poking for file /opt/***/Files/Files.zip
[2024-03-10T12:50:48.625+0000] {base.py:83} INFO - Using connection ID 'fs_default' for task execution.
[2024-03-10T12:50:48.626+0000] {filesystem.py:66} INFO - Poking for file /opt/***/Files/Files.zip
[2024-03-10T12:50:53.643+0000] {base.py:83} INFO - Using connection ID 'fs_default' for task execution.
[2024-03-10T12:50:53.644+0000] {filesystem.py:66} INFO - Poking for file /opt/***/Files/Files.zip
[2024-03-10T12:50:58.657+0000] {base.py:83} INFO - Using connection ID 'fs_default' for task execution.
[2024-03-10T12:50:58.670+0000] {filesystem.py:66} INFO - Poking for file /opt/***/Files/Files.zip
[2024-03-10T12:51:03.687+0000] {base.py:83} INFO - Using connection ID 'fs_default' for task execution.
[2024-03-10T12:51:03.690+0000] {filesystem.py:66} INFO - Poking for file /opt/***/Files/Files.zip
[2024-03-10T12:51:08.706+0000] {base.py:83} INFO - Using connection ID 'fs_default' for task execution.
[2024-03-10T12:51:08.707+0000] {filesystem.py:66} INFO - Poking for file /opt/***/Files/Files.zip
[2024-03-10T12:51:13.716+0000] {base.py:83} INFO - Using connection ID 'fs_default' for task execution.
[2024-03-10T12:51:13.717+0000] {filesystem.py:66} INFO - Poking for file /opt/***/Files/Files.zip
[2024-03-10T12:51:18.732+0000] {base.py:83} INFO - Using connection ID 'fs_default' for task execution.
[2024-03-10T12:51:18.733+0000] {filesystem.py:66} INFO - Poking for file /opt/***/Files/Files.zip
[2024-03-10T12:51:23.752+0000] {base.py:83} INFO - Using connection ID 'fs_default' for task execution.
[2024-03-10T12:51:23.757+0000] {filesystem.py:66} INFO - Poking for file /opt/***/Files/Files.zip
[2024-03-10T12:51:28.768+0000] {base.py:83} INFO - Using connection ID 'fs_default' for task execution.
[2024-03-10T12:51:28.768+0000] {filesystem.py:66} INFO - Poking for file /opt/***/Files/Files.zip
[2024-03-10T12:51:33.787+0000] {base.py:83} INFO - Using connection ID 'fs_default' for task execution.
[2024-03-10T12:51:33.789+0000] {filesystem.py:66} INFO - Poking for file /opt/***/Files/Files.zip
[2024-03-10T12:51:38.802+0000] {base.py:83} INFO - Using connection ID 'fs_default' for task execution.
[2024-03-10T12:51:38.803+0000] {filesystem.py:66} INFO - Poking for file /opt/***/Files/Files.zip
[2024-03-10T12:51:43.818+0000] {base.py:83} INFO - Using connection ID 'fs_default' for task execution.
[2024-03-10T12:51:43.819+0000] {filesystem.py:66} INFO - Poking for file /opt/***/Files/Files.zip
[2024-03-10T12:51:48.835+0000] {base.py:83} INFO - Using connection ID 'fs_default' for task execution.
[2024-03-10T12:51:48.837+0000] {filesystem.py:66} INFO - Poking for file /opt/***/Files/Files.zip
[2024-03-10T12:51:53.846+0000] {base.py:83} INFO - Using connection ID 'fs_default' for task execution.
[2024-03-10T12:51:53.846+0000] {filesystem.py:66} INFO - Poking for file /opt/***/Files/Files.zip
[2024-03-10T12:51:58.860+0000] {base.py:83} INFO - Using connection ID 'fs_default' for task execution.
[2024-03-10T12:51:58.862+0000] {filesystem.py:66} INFO - Poking for file /opt/***/Files/Files.zip
[2024-03-10T12:52:03.878+0000] {base.py:83} INFO - Using connection ID 'fs_default' for task execution.
[2024-03-10T12:52:03.880+0000] {filesystem.py:66} INFO - Poking for file /opt/***/Files/Files.zip
[2024-03-10T12:52:08.898+0000] {base.py:83} INFO - Using connection ID 'fs_default' for task execution.
[2024-03-10T12:52:08.899+0000] {filesystem.py:66} INFO - Poking for file /opt/***/Files/Files.zip
[2024-03-10T12:52:13.915+0000] {base.py:83} INFO - Using connection ID 'fs_default' for task execution.
[2024-03-10T12:52:13.917+0000] {filesystem.py:66} INFO - Poking for file /opt/***/Files/Files.zip
[2024-03-10T12:52:18.928+0000] {base.py:83} INFO - Using connection ID 'fs_default' for task execution.
[2024-03-10T12:52:18.929+0000] {filesystem.py:66} INFO - Poking for file /opt/***/Files/Files.zip
[2024-03-10T12:52:23.948+0000] {base.py:83} INFO - Using connection ID 'fs_default' for task execution.
[2024-03-10T12:52:23.949+0000] {filesystem.py:66} INFO - Poking for file /opt/***/Files/Files.zip
[2024-03-10T12:52:28.959+0000] {base.py:83} INFO - Using connection ID 'fs_default' for task execution.
[2024-03-10T12:52:28.960+0000] {filesystem.py:66} INFO - Poking for file /opt/***/Files/Files.zip
[2024-03-10T12:52:33.977+0000] {base.py:83} INFO - Using connection ID 'fs_default' for task execution.
[2024-03-10T12:52:33.979+0000] {filesystem.py:66} INFO - Poking for file /opt/***/Files/Files.zip
[2024-03-10T12:52:38.992+0000] {base.py:83} INFO - Using connection ID 'fs_default' for task execution.
[2024-03-10T12:52:38.993+0000] {filesystem.py:66} INFO - Poking for file /opt/***/Files/Files.zip
[2024-03-10T12:52:44.010+0000] {base.py:83} INFO - Using connection ID 'fs_default' for task execution.
[2024-03-10T12:52:44.011+0000] {filesystem.py:66} INFO - Poking for file /opt/***/Files/Files.zip
[2024-03-10T12:52:49.029+0000] {base.py:83} INFO - Using connection ID 'fs_default' for task execution.
[2024-03-10T12:52:49.030+0000] {filesystem.py:66} INFO - Poking for file /opt/***/Files/Files.zip
[2024-03-10T12:52:54.048+0000] {base.py:83} INFO - Using connection ID 'fs_default' for task execution.
[2024-03-10T12:52:54.050+0000] {filesystem.py:66} INFO - Poking for file /opt/***/Files/Files.zip
[2024-03-10T12:52:59.065+0000] {base.py:83} INFO - Using connection ID 'fs_default' for task execution.
[2024-03-10T12:52:59.067+0000] {filesystem.py:66} INFO - Poking for file /opt/***/Files/Files.zip
[2024-03-10T12:53:04.079+0000] {base.py:83} INFO - Using connection ID 'fs_default' for task execution.
[2024-03-10T12:53:04.080+0000] {filesystem.py:66} INFO - Poking for file /opt/***/Files/Files.zip
[2024-03-10T12:53:09.090+0000] {base.py:83} INFO - Using connection ID 'fs_default' for task execution.
[2024-03-10T12:53:09.091+0000] {filesystem.py:66} INFO - Poking for file /opt/***/Files/Files.zip
[2024-03-10T12:53:14.105+0000] {base.py:83} INFO - Using connection ID 'fs_default' for task execution.
[2024-03-10T12:53:14.107+0000] {filesystem.py:66} INFO - Poking for file /opt/***/Files/Files.zip
[2024-03-10T12:53:19.125+0000] {base.py:83} INFO - Using connection ID 'fs_default' for task execution.
[2024-03-10T12:53:19.126+0000] {filesystem.py:66} INFO - Poking for file /opt/***/Files/Files.zip
[2024-03-10T12:53:24.138+0000] {base.py:83} INFO - Using connection ID 'fs_default' for task execution.
[2024-03-10T12:53:24.139+0000] {filesystem.py:66} INFO - Poking for file /opt/***/Files/Files.zip
[2024-03-10T12:53:29.148+0000] {base.py:83} INFO - Using connection ID 'fs_default' for task execution.
[2024-03-10T12:53:29.150+0000] {filesystem.py:66} INFO - Poking for file /opt/***/Files/Files.zip
[2024-03-10T12:53:34.169+0000] {base.py:83} INFO - Using connection ID 'fs_default' for task execution.
[2024-03-10T12:53:34.170+0000] {filesystem.py:66} INFO - Poking for file /opt/***/Files/Files.zip
[2024-03-10T12:53:39.189+0000] {base.py:83} INFO - Using connection ID 'fs_default' for task execution.
[2024-03-10T12:53:39.191+0000] {filesystem.py:66} INFO - Poking for file /opt/***/Files/Files.zip
[2024-03-10T12:53:44.211+0000] {base.py:83} INFO - Using connection ID 'fs_default' for task execution.
[2024-03-10T12:53:44.213+0000] {filesystem.py:66} INFO - Poking for file /opt/***/Files/Files.zip
[2024-03-10T12:53:49.222+0000] {base.py:83} INFO - Using connection ID 'fs_default' for task execution.
[2024-03-10T12:53:49.223+0000] {filesystem.py:66} INFO - Poking for file /opt/***/Files/Files.zip
[2024-03-10T12:53:54.236+0000] {base.py:83} INFO - Using connection ID 'fs_default' for task execution.
[2024-03-10T12:53:54.237+0000] {filesystem.py:66} INFO - Poking for file /opt/***/Files/Files.zip
[2024-03-10T12:53:59.246+0000] {base.py:83} INFO - Using connection ID 'fs_default' for task execution.
[2024-03-10T12:53:59.247+0000] {filesystem.py:66} INFO - Poking for file /opt/***/Files/Files.zip
[2024-03-10T12:54:04.265+0000] {base.py:83} INFO - Using connection ID 'fs_default' for task execution.
[2024-03-10T12:54:04.267+0000] {filesystem.py:66} INFO - Poking for file /opt/***/Files/Files.zip
[2024-03-10T12:54:09.280+0000] {base.py:83} INFO - Using connection ID 'fs_default' for task execution.
[2024-03-10T12:54:09.281+0000] {filesystem.py:66} INFO - Poking for file /opt/***/Files/Files.zip
[2024-03-10T12:54:14.293+0000] {base.py:83} INFO - Using connection ID 'fs_default' for task execution.
[2024-03-10T12:54:14.294+0000] {filesystem.py:66} INFO - Poking for file /opt/***/Files/Files.zip
[2024-03-10T12:54:19.312+0000] {base.py:83} INFO - Using connection ID 'fs_default' for task execution.
[2024-03-10T12:54:19.313+0000] {filesystem.py:66} INFO - Poking for file /opt/***/Files/Files.zip
[2024-03-10T12:54:24.332+0000] {base.py:83} INFO - Using connection ID 'fs_default' for task execution.
[2024-03-10T12:54:24.333+0000] {filesystem.py:66} INFO - Poking for file /opt/***/Files/Files.zip
[2024-03-10T12:54:29.352+0000] {base.py:83} INFO - Using connection ID 'fs_default' for task execution.
[2024-03-10T12:54:29.354+0000] {filesystem.py:66} INFO - Poking for file /opt/***/Files/Files.zip
[2024-03-10T12:54:34.368+0000] {base.py:83} INFO - Using connection ID 'fs_default' for task execution.
[2024-03-10T12:54:34.369+0000] {filesystem.py:66} INFO - Poking for file /opt/***/Files/Files.zip
[2024-03-10T12:54:39.385+0000] {base.py:83} INFO - Using connection ID 'fs_default' for task execution.
[2024-03-10T12:54:39.387+0000] {filesystem.py:66} INFO - Poking for file /opt/***/Files/Files.zip
[2024-03-10T12:54:44.397+0000] {base.py:83} INFO - Using connection ID 'fs_default' for task execution.
[2024-03-10T12:54:44.398+0000] {filesystem.py:66} INFO - Poking for file /opt/***/Files/Files.zip
[2024-03-10T12:54:49.412+0000] {base.py:83} INFO - Using connection ID 'fs_default' for task execution.
[2024-03-10T12:54:49.413+0000] {filesystem.py:66} INFO - Poking for file /opt/***/Files/Files.zip
[2024-03-10T12:54:54.426+0000] {base.py:83} INFO - Using connection ID 'fs_default' for task execution.
[2024-03-10T12:54:54.427+0000] {filesystem.py:66} INFO - Poking for file /opt/***/Files/Files.zip
[2024-03-10T12:54:59.446+0000] {base.py:83} INFO - Using connection ID 'fs_default' for task execution.
[2024-03-10T12:54:59.448+0000] {filesystem.py:66} INFO - Poking for file /opt/***/Files/Files.zip
[2024-03-10T12:55:04.469+0000] {base.py:83} INFO - Using connection ID 'fs_default' for task execution.
[2024-03-10T12:55:04.470+0000] {filesystem.py:66} INFO - Poking for file /opt/***/Files/Files.zip
[2024-03-10T12:55:09.488+0000] {base.py:83} INFO - Using connection ID 'fs_default' for task execution.
[2024-03-10T12:55:09.490+0000] {filesystem.py:66} INFO - Poking for file /opt/***/Files/Files.zip
[2024-03-10T12:55:14.507+0000] {base.py:83} INFO - Using connection ID 'fs_default' for task execution.
[2024-03-10T12:55:14.511+0000] {filesystem.py:66} INFO - Poking for file /opt/***/Files/Files.zip
[2024-03-10T12:55:19.530+0000] {base.py:83} INFO - Using connection ID 'fs_default' for task execution.
[2024-03-10T12:55:19.532+0000] {filesystem.py:66} INFO - Poking for file /opt/***/Files/Files.zip
[2024-03-10T12:55:24.546+0000] {base.py:83} INFO - Using connection ID 'fs_default' for task execution.
[2024-03-10T12:55:24.547+0000] {filesystem.py:66} INFO - Poking for file /opt/***/Files/Files.zip
[2024-03-10T12:55:29.562+0000] {base.py:83} INFO - Using connection ID 'fs_default' for task execution.
[2024-03-10T12:55:29.564+0000] {filesystem.py:66} INFO - Poking for file /opt/***/Files/Files.zip
[2024-03-10T12:55:34.580+0000] {base.py:83} INFO - Using connection ID 'fs_default' for task execution.
[2024-03-10T12:55:34.583+0000] {filesystem.py:66} INFO - Poking for file /opt/***/Files/Files.zip
[2024-03-10T12:55:39.599+0000] {base.py:83} INFO - Using connection ID 'fs_default' for task execution.
[2024-03-10T12:55:39.601+0000] {filesystem.py:66} INFO - Poking for file /opt/***/Files/Files.zip
[2024-03-10T12:55:44.611+0000] {base.py:83} INFO - Using connection ID 'fs_default' for task execution.
[2024-03-10T12:55:44.613+0000] {filesystem.py:66} INFO - Poking for file /opt/***/Files/Files.zip
[2024-03-10T12:55:49.627+0000] {base.py:83} INFO - Using connection ID 'fs_default' for task execution.
[2024-03-10T12:55:49.628+0000] {filesystem.py:66} INFO - Poking for file /opt/***/Files/Files.zip
[2024-03-10T12:55:54.638+0000] {base.py:83} INFO - Using connection ID 'fs_default' for task execution.
[2024-03-10T12:55:54.639+0000] {filesystem.py:66} INFO - Poking for file /opt/***/Files/Files.zip
[2024-03-10T12:55:59.656+0000] {base.py:83} INFO - Using connection ID 'fs_default' for task execution.
[2024-03-10T12:55:59.657+0000] {filesystem.py:66} INFO - Poking for file /opt/***/Files/Files.zip
[2024-03-10T12:56:04.669+0000] {base.py:83} INFO - Using connection ID 'fs_default' for task execution.
[2024-03-10T12:56:04.672+0000] {filesystem.py:66} INFO - Poking for file /opt/***/Files/Files.zip
[2024-03-10T12:56:09.685+0000] {base.py:83} INFO - Using connection ID 'fs_default' for task execution.
[2024-03-10T12:56:09.686+0000] {filesystem.py:66} INFO - Poking for file /opt/***/Files/Files.zip
[2024-03-10T12:56:14.702+0000] {base.py:83} INFO - Using connection ID 'fs_default' for task execution.
[2024-03-10T12:56:14.703+0000] {filesystem.py:66} INFO - Poking for file /opt/***/Files/Files.zip
[2024-03-10T12:56:19.714+0000] {base.py:83} INFO - Using connection ID 'fs_default' for task execution.
[2024-03-10T12:56:19.715+0000] {filesystem.py:66} INFO - Poking for file /opt/***/Files/Files.zip
[2024-03-10T12:56:24.732+0000] {base.py:83} INFO - Using connection ID 'fs_default' for task execution.
[2024-03-10T12:56:24.734+0000] {filesystem.py:66} INFO - Poking for file /opt/***/Files/Files.zip
[2024-03-10T12:56:29.747+0000] {base.py:83} INFO - Using connection ID 'fs_default' for task execution.
[2024-03-10T12:56:29.748+0000] {filesystem.py:66} INFO - Poking for file /opt/***/Files/Files.zip
[2024-03-10T12:56:34.766+0000] {base.py:83} INFO - Using connection ID 'fs_default' for task execution.
[2024-03-10T12:56:34.767+0000] {filesystem.py:66} INFO - Poking for file /opt/***/Files/Files.zip
[2024-03-10T12:56:39.786+0000] {base.py:83} INFO - Using connection ID 'fs_default' for task execution.
[2024-03-10T12:56:39.787+0000] {filesystem.py:66} INFO - Poking for file /opt/***/Files/Files.zip
[2024-03-10T12:56:44.806+0000] {base.py:83} INFO - Using connection ID 'fs_default' for task execution.
[2024-03-10T12:56:44.808+0000] {filesystem.py:66} INFO - Poking for file /opt/***/Files/Files.zip
[2024-03-10T12:56:49.819+0000] {base.py:83} INFO - Using connection ID 'fs_default' for task execution.
[2024-03-10T12:56:49.821+0000] {filesystem.py:66} INFO - Poking for file /opt/***/Files/Files.zip
[2024-03-10T12:56:54.837+0000] {base.py:83} INFO - Using connection ID 'fs_default' for task execution.
[2024-03-10T12:56:54.839+0000] {filesystem.py:66} INFO - Poking for file /opt/***/Files/Files.zip
[2024-03-10T12:56:59.849+0000] {base.py:83} INFO - Using connection ID 'fs_default' for task execution.
[2024-03-10T12:56:59.850+0000] {filesystem.py:66} INFO - Poking for file /opt/***/Files/Files.zip
[2024-03-10T12:57:04.865+0000] {base.py:83} INFO - Using connection ID 'fs_default' for task execution.
[2024-03-10T12:57:04.867+0000] {filesystem.py:66} INFO - Poking for file /opt/***/Files/Files.zip
[2024-03-10T12:57:09.889+0000] {base.py:83} INFO - Using connection ID 'fs_default' for task execution.
[2024-03-10T12:57:09.891+0000] {filesystem.py:66} INFO - Poking for file /opt/***/Files/Files.zip
[2024-03-10T12:57:14.909+0000] {base.py:83} INFO - Using connection ID 'fs_default' for task execution.
[2024-03-10T12:57:14.911+0000] {filesystem.py:66} INFO - Poking for file /opt/***/Files/Files.zip
[2024-03-10T12:57:19.931+0000] {base.py:83} INFO - Using connection ID 'fs_default' for task execution.
[2024-03-10T12:57:19.932+0000] {filesystem.py:66} INFO - Poking for file /opt/***/Files/Files.zip
[2024-03-10T12:57:24.946+0000] {base.py:83} INFO - Using connection ID 'fs_default' for task execution.
[2024-03-10T12:57:24.947+0000] {filesystem.py:66} INFO - Poking for file /opt/***/Files/Files.zip
[2024-03-10T12:57:29.964+0000] {base.py:83} INFO - Using connection ID 'fs_default' for task execution.
[2024-03-10T12:57:29.966+0000] {filesystem.py:66} INFO - Poking for file /opt/***/Files/Files.zip
[2024-03-10T12:57:34.977+0000] {base.py:83} INFO - Using connection ID 'fs_default' for task execution.
[2024-03-10T12:57:34.978+0000] {filesystem.py:66} INFO - Poking for file /opt/***/Files/Files.zip
[2024-03-10T12:57:39.991+0000] {base.py:83} INFO - Using connection ID 'fs_default' for task execution.
[2024-03-10T12:57:39.992+0000] {filesystem.py:66} INFO - Poking for file /opt/***/Files/Files.zip
[2024-03-10T12:57:45.009+0000] {base.py:83} INFO - Using connection ID 'fs_default' for task execution.
[2024-03-10T12:57:45.010+0000] {filesystem.py:66} INFO - Poking for file /opt/***/Files/Files.zip
[2024-03-10T12:57:50.025+0000] {base.py:83} INFO - Using connection ID 'fs_default' for task execution.
[2024-03-10T12:57:50.027+0000] {filesystem.py:66} INFO - Poking for file /opt/***/Files/Files.zip
[2024-03-10T12:57:55.042+0000] {base.py:83} INFO - Using connection ID 'fs_default' for task execution.
[2024-03-10T12:57:55.044+0000] {filesystem.py:66} INFO - Poking for file /opt/***/Files/Files.zip
[2024-03-10T12:58:00.057+0000] {base.py:83} INFO - Using connection ID 'fs_default' for task execution.
[2024-03-10T12:58:00.059+0000] {filesystem.py:66} INFO - Poking for file /opt/***/Files/Files.zip
[2024-03-10T12:58:05.075+0000] {base.py:83} INFO - Using connection ID 'fs_default' for task execution.
[2024-03-10T12:58:05.077+0000] {filesystem.py:66} INFO - Poking for file /opt/***/Files/Files.zip
[2024-03-10T12:58:10.097+0000] {base.py:83} INFO - Using connection ID 'fs_default' for task execution.
[2024-03-10T12:58:10.098+0000] {filesystem.py:66} INFO - Poking for file /opt/***/Files/Files.zip
[2024-03-10T12:58:15.116+0000] {base.py:83} INFO - Using connection ID 'fs_default' for task execution.
[2024-03-10T12:58:15.118+0000] {filesystem.py:66} INFO - Poking for file /opt/***/Files/Files.zip
[2024-03-10T12:58:20.134+0000] {base.py:83} INFO - Using connection ID 'fs_default' for task execution.
[2024-03-10T12:58:20.136+0000] {filesystem.py:66} INFO - Poking for file /opt/***/Files/Files.zip
[2024-03-10T12:58:25.158+0000] {base.py:83} INFO - Using connection ID 'fs_default' for task execution.
[2024-03-10T12:58:25.160+0000] {filesystem.py:66} INFO - Poking for file /opt/***/Files/Files.zip
[2024-03-10T12:58:30.173+0000] {base.py:83} INFO - Using connection ID 'fs_default' for task execution.
[2024-03-10T12:58:30.175+0000] {filesystem.py:66} INFO - Poking for file /opt/***/Files/Files.zip
[2024-03-10T12:58:35.185+0000] {base.py:83} INFO - Using connection ID 'fs_default' for task execution.
[2024-03-10T12:58:35.186+0000] {filesystem.py:66} INFO - Poking for file /opt/***/Files/Files.zip
[2024-03-10T12:58:40.195+0000] {base.py:83} INFO - Using connection ID 'fs_default' for task execution.
[2024-03-10T12:58:40.196+0000] {filesystem.py:66} INFO - Poking for file /opt/***/Files/Files.zip
[2024-03-10T12:58:45.211+0000] {base.py:83} INFO - Using connection ID 'fs_default' for task execution.
[2024-03-10T12:58:45.212+0000] {filesystem.py:66} INFO - Poking for file /opt/***/Files/Files.zip
[2024-03-10T12:58:50.220+0000] {base.py:83} INFO - Using connection ID 'fs_default' for task execution.
[2024-03-10T12:58:50.221+0000] {filesystem.py:66} INFO - Poking for file /opt/***/Files/Files.zip
[2024-03-10T12:58:55.230+0000] {base.py:83} INFO - Using connection ID 'fs_default' for task execution.
[2024-03-10T12:58:55.232+0000] {filesystem.py:66} INFO - Poking for file /opt/***/Files/Files.zip
[2024-03-10T12:59:00.244+0000] {base.py:83} INFO - Using connection ID 'fs_default' for task execution.
[2024-03-10T12:59:00.246+0000] {filesystem.py:66} INFO - Poking for file /opt/***/Files/Files.zip
[2024-03-10T12:59:05.265+0000] {base.py:83} INFO - Using connection ID 'fs_default' for task execution.
[2024-03-10T12:59:05.267+0000] {filesystem.py:66} INFO - Poking for file /opt/***/Files/Files.zip
[2024-03-10T12:59:10.285+0000] {base.py:83} INFO - Using connection ID 'fs_default' for task execution.
[2024-03-10T12:59:10.288+0000] {filesystem.py:66} INFO - Poking for file /opt/***/Files/Files.zip
[2024-03-10T12:59:15.310+0000] {base.py:83} INFO - Using connection ID 'fs_default' for task execution.
[2024-03-10T12:59:15.311+0000] {filesystem.py:66} INFO - Poking for file /opt/***/Files/Files.zip
[2024-03-10T12:59:20.328+0000] {base.py:83} INFO - Using connection ID 'fs_default' for task execution.
[2024-03-10T12:59:20.329+0000] {filesystem.py:66} INFO - Poking for file /opt/***/Files/Files.zip
[2024-03-10T12:59:25.345+0000] {base.py:83} INFO - Using connection ID 'fs_default' for task execution.
[2024-03-10T12:59:25.346+0000] {filesystem.py:66} INFO - Poking for file /opt/***/Files/Files.zip
[2024-03-10T12:59:30.359+0000] {base.py:83} INFO - Using connection ID 'fs_default' for task execution.
[2024-03-10T12:59:30.360+0000] {filesystem.py:66} INFO - Poking for file /opt/***/Files/Files.zip
[2024-03-10T12:59:35.375+0000] {base.py:83} INFO - Using connection ID 'fs_default' for task execution.
[2024-03-10T12:59:35.379+0000] {filesystem.py:66} INFO - Poking for file /opt/***/Files/Files.zip
[2024-03-10T12:59:40.392+0000] {base.py:83} INFO - Using connection ID 'fs_default' for task execution.
[2024-03-10T12:59:40.393+0000] {filesystem.py:66} INFO - Poking for file /opt/***/Files/Files.zip
[2024-03-10T12:59:45.409+0000] {base.py:83} INFO - Using connection ID 'fs_default' for task execution.
[2024-03-10T12:59:45.410+0000] {filesystem.py:66} INFO - Poking for file /opt/***/Files/Files.zip
[2024-03-10T12:59:50.421+0000] {base.py:83} INFO - Using connection ID 'fs_default' for task execution.
[2024-03-10T12:59:50.422+0000] {filesystem.py:66} INFO - Poking for file /opt/***/Files/Files.zip
[2024-03-10T12:59:55.435+0000] {base.py:83} INFO - Using connection ID 'fs_default' for task execution.
[2024-03-10T12:59:55.441+0000] {filesystem.py:66} INFO - Poking for file /opt/***/Files/Files.zip
[2024-03-10T13:00:00.460+0000] {base.py:83} INFO - Using connection ID 'fs_default' for task execution.
[2024-03-10T13:00:00.462+0000] {filesystem.py:66} INFO - Poking for file /opt/***/Files/Files.zip
[2024-03-10T13:00:05.479+0000] {base.py:83} INFO - Using connection ID 'fs_default' for task execution.
[2024-03-10T13:00:05.481+0000] {filesystem.py:66} INFO - Poking for file /opt/***/Files/Files.zip
[2024-03-10T13:00:10.493+0000] {base.py:83} INFO - Using connection ID 'fs_default' for task execution.
[2024-03-10T13:00:10.494+0000] {filesystem.py:66} INFO - Poking for file /opt/***/Files/Files.zip
[2024-03-10T13:00:15.507+0000] {base.py:83} INFO - Using connection ID 'fs_default' for task execution.
[2024-03-10T13:00:15.508+0000] {filesystem.py:66} INFO - Poking for file /opt/***/Files/Files.zip
[2024-03-10T13:00:20.519+0000] {base.py:83} INFO - Using connection ID 'fs_default' for task execution.
[2024-03-10T13:00:20.520+0000] {filesystem.py:66} INFO - Poking for file /opt/***/Files/Files.zip
[2024-03-10T13:00:25.532+0000] {base.py:83} INFO - Using connection ID 'fs_default' for task execution.
[2024-03-10T13:00:25.534+0000] {filesystem.py:66} INFO - Poking for file /opt/***/Files/Files.zip
[2024-03-10T13:00:30.543+0000] {base.py:83} INFO - Using connection ID 'fs_default' for task execution.
[2024-03-10T13:00:30.544+0000] {filesystem.py:66} INFO - Poking for file /opt/***/Files/Files.zip
[2024-03-10T13:00:35.568+0000] {base.py:83} INFO - Using connection ID 'fs_default' for task execution.
[2024-03-10T13:00:35.572+0000] {filesystem.py:66} INFO - Poking for file /opt/***/Files/Files.zip
[2024-03-10T13:00:40.584+0000] {base.py:83} INFO - Using connection ID 'fs_default' for task execution.
[2024-03-10T13:00:40.586+0000] {filesystem.py:66} INFO - Poking for file /opt/***/Files/Files.zip
[2024-03-10T13:00:45.598+0000] {base.py:83} INFO - Using connection ID 'fs_default' for task execution.
[2024-03-10T13:00:45.600+0000] {filesystem.py:66} INFO - Poking for file /opt/***/Files/Files.zip
[2024-03-10T13:00:50.609+0000] {base.py:83} INFO - Using connection ID 'fs_default' for task execution.
[2024-03-10T13:00:50.610+0000] {filesystem.py:66} INFO - Poking for file /opt/***/Files/Files.zip
[2024-03-10T13:00:55.621+0000] {base.py:83} INFO - Using connection ID 'fs_default' for task execution.
[2024-03-10T13:00:55.622+0000] {filesystem.py:66} INFO - Poking for file /opt/***/Files/Files.zip
[2024-03-10T13:01:00.632+0000] {base.py:83} INFO - Using connection ID 'fs_default' for task execution.
[2024-03-10T13:01:00.633+0000] {filesystem.py:66} INFO - Poking for file /opt/***/Files/Files.zip
[2024-03-10T13:01:05.642+0000] {base.py:83} INFO - Using connection ID 'fs_default' for task execution.
[2024-03-10T13:01:05.643+0000] {filesystem.py:66} INFO - Poking for file /opt/***/Files/Files.zip
[2024-03-10T13:01:10.660+0000] {base.py:83} INFO - Using connection ID 'fs_default' for task execution.
[2024-03-10T13:01:10.661+0000] {filesystem.py:66} INFO - Poking for file /opt/***/Files/Files.zip
[2024-03-10T13:01:15.672+0000] {base.py:83} INFO - Using connection ID 'fs_default' for task execution.
[2024-03-10T13:01:15.673+0000] {filesystem.py:66} INFO - Poking for file /opt/***/Files/Files.zip
[2024-03-10T13:01:20.683+0000] {base.py:83} INFO - Using connection ID 'fs_default' for task execution.
[2024-03-10T13:01:20.687+0000] {filesystem.py:66} INFO - Poking for file /opt/***/Files/Files.zip
[2024-03-10T13:01:25.706+0000] {base.py:83} INFO - Using connection ID 'fs_default' for task execution.
[2024-03-10T13:01:25.707+0000] {filesystem.py:66} INFO - Poking for file /opt/***/Files/Files.zip
[2024-03-10T13:01:30.726+0000] {base.py:83} INFO - Using connection ID 'fs_default' for task execution.
[2024-03-10T13:01:30.728+0000] {filesystem.py:66} INFO - Poking for file /opt/***/Files/Files.zip
[2024-03-10T13:01:35.745+0000] {base.py:83} INFO - Using connection ID 'fs_default' for task execution.
[2024-03-10T13:01:35.747+0000] {filesystem.py:66} INFO - Poking for file /opt/***/Files/Files.zip
[2024-03-10T13:01:40.761+0000] {base.py:83} INFO - Using connection ID 'fs_default' for task execution.
[2024-03-10T13:01:40.762+0000] {filesystem.py:66} INFO - Poking for file /opt/***/Files/Files.zip
[2024-03-10T13:01:45.771+0000] {base.py:83} INFO - Using connection ID 'fs_default' for task execution.
[2024-03-10T13:01:45.772+0000] {filesystem.py:66} INFO - Poking for file /opt/***/Files/Files.zip
[2024-03-10T13:01:50.786+0000] {base.py:83} INFO - Using connection ID 'fs_default' for task execution.
[2024-03-10T13:01:50.788+0000] {filesystem.py:66} INFO - Poking for file /opt/***/Files/Files.zip
[2024-03-10T13:01:55.796+0000] {base.py:83} INFO - Using connection ID 'fs_default' for task execution.
[2024-03-10T13:01:55.797+0000] {filesystem.py:66} INFO - Poking for file /opt/***/Files/Files.zip
[2024-03-10T13:02:00.815+0000] {base.py:83} INFO - Using connection ID 'fs_default' for task execution.
[2024-03-10T13:02:00.817+0000] {filesystem.py:66} INFO - Poking for file /opt/***/Files/Files.zip
[2024-03-10T13:02:05.827+0000] {base.py:83} INFO - Using connection ID 'fs_default' for task execution.
[2024-03-10T13:02:05.829+0000] {filesystem.py:66} INFO - Poking for file /opt/***/Files/Files.zip
[2024-03-10T13:02:10.840+0000] {base.py:83} INFO - Using connection ID 'fs_default' for task execution.
[2024-03-10T13:02:10.846+0000] {filesystem.py:66} INFO - Poking for file /opt/***/Files/Files.zip
[2024-03-10T13:02:15.864+0000] {base.py:83} INFO - Using connection ID 'fs_default' for task execution.
[2024-03-10T13:02:15.865+0000] {filesystem.py:66} INFO - Poking for file /opt/***/Files/Files.zip
[2024-03-10T13:02:20.879+0000] {base.py:83} INFO - Using connection ID 'fs_default' for task execution.
[2024-03-10T13:02:20.880+0000] {filesystem.py:66} INFO - Poking for file /opt/***/Files/Files.zip
[2024-03-10T13:02:25.898+0000] {base.py:83} INFO - Using connection ID 'fs_default' for task execution.
[2024-03-10T13:02:25.899+0000] {filesystem.py:66} INFO - Poking for file /opt/***/Files/Files.zip
[2024-03-10T13:02:30.916+0000] {base.py:83} INFO - Using connection ID 'fs_default' for task execution.
[2024-03-10T13:02:30.917+0000] {filesystem.py:66} INFO - Poking for file /opt/***/Files/Files.zip
[2024-03-10T13:02:35.929+0000] {base.py:83} INFO - Using connection ID 'fs_default' for task execution.
[2024-03-10T13:02:35.930+0000] {filesystem.py:66} INFO - Poking for file /opt/***/Files/Files.zip
[2024-03-10T13:02:40.944+0000] {base.py:83} INFO - Using connection ID 'fs_default' for task execution.
[2024-03-10T13:02:40.948+0000] {filesystem.py:66} INFO - Poking for file /opt/***/Files/Files.zip
[2024-03-10T13:02:45.965+0000] {base.py:83} INFO - Using connection ID 'fs_default' for task execution.
[2024-03-10T13:02:45.982+0000] {filesystem.py:66} INFO - Poking for file /opt/***/Files/Files.zip
[2024-03-10T13:02:50.996+0000] {base.py:83} INFO - Using connection ID 'fs_default' for task execution.
[2024-03-10T13:02:50.997+0000] {filesystem.py:66} INFO - Poking for file /opt/***/Files/Files.zip
[2024-03-10T13:02:56.011+0000] {base.py:83} INFO - Using connection ID 'fs_default' for task execution.
[2024-03-10T13:02:56.013+0000] {filesystem.py:66} INFO - Poking for file /opt/***/Files/Files.zip
[2024-03-10T13:03:01.031+0000] {base.py:83} INFO - Using connection ID 'fs_default' for task execution.
[2024-03-10T13:03:01.032+0000] {filesystem.py:66} INFO - Poking for file /opt/***/Files/Files.zip
[2024-03-10T13:03:06.049+0000] {base.py:83} INFO - Using connection ID 'fs_default' for task execution.
[2024-03-10T13:03:06.050+0000] {filesystem.py:66} INFO - Poking for file /opt/***/Files/Files.zip
[2024-03-10T13:03:11.060+0000] {base.py:83} INFO - Using connection ID 'fs_default' for task execution.
[2024-03-10T13:03:11.061+0000] {filesystem.py:66} INFO - Poking for file /opt/***/Files/Files.zip
[2024-03-10T13:03:16.077+0000] {base.py:83} INFO - Using connection ID 'fs_default' for task execution.
[2024-03-10T13:03:16.078+0000] {filesystem.py:66} INFO - Poking for file /opt/***/Files/Files.zip
[2024-03-10T13:03:21.091+0000] {base.py:83} INFO - Using connection ID 'fs_default' for task execution.
[2024-03-10T13:03:21.091+0000] {filesystem.py:66} INFO - Poking for file /opt/***/Files/Files.zip
[2024-03-10T13:03:26.100+0000] {base.py:83} INFO - Using connection ID 'fs_default' for task execution.
[2024-03-10T13:03:26.100+0000] {filesystem.py:66} INFO - Poking for file /opt/***/Files/Files.zip
[2024-03-10T13:03:31.119+0000] {base.py:83} INFO - Using connection ID 'fs_default' for task execution.
[2024-03-10T13:03:31.120+0000] {filesystem.py:66} INFO - Poking for file /opt/***/Files/Files.zip
[2024-03-10T13:03:36.131+0000] {base.py:83} INFO - Using connection ID 'fs_default' for task execution.
[2024-03-10T13:03:36.132+0000] {filesystem.py:66} INFO - Poking for file /opt/***/Files/Files.zip
[2024-03-10T13:03:41.142+0000] {base.py:83} INFO - Using connection ID 'fs_default' for task execution.
[2024-03-10T13:03:41.143+0000] {filesystem.py:66} INFO - Poking for file /opt/***/Files/Files.zip
[2024-03-10T13:03:46.158+0000] {base.py:83} INFO - Using connection ID 'fs_default' for task execution.
[2024-03-10T13:03:46.160+0000] {filesystem.py:66} INFO - Poking for file /opt/***/Files/Files.zip
[2024-03-10T13:03:51.177+0000] {base.py:83} INFO - Using connection ID 'fs_default' for task execution.
[2024-03-10T13:03:51.180+0000] {filesystem.py:66} INFO - Poking for file /opt/***/Files/Files.zip
[2024-03-10T13:03:56.190+0000] {base.py:83} INFO - Using connection ID 'fs_default' for task execution.
[2024-03-10T13:03:56.191+0000] {filesystem.py:66} INFO - Poking for file /opt/***/Files/Files.zip
[2024-03-10T13:04:01.201+0000] {base.py:83} INFO - Using connection ID 'fs_default' for task execution.
[2024-03-10T13:04:01.203+0000] {filesystem.py:66} INFO - Poking for file /opt/***/Files/Files.zip
[2024-03-10T13:04:06.217+0000] {base.py:83} INFO - Using connection ID 'fs_default' for task execution.
[2024-03-10T13:04:06.219+0000] {filesystem.py:66} INFO - Poking for file /opt/***/Files/Files.zip
[2024-03-10T13:04:11.228+0000] {base.py:83} INFO - Using connection ID 'fs_default' for task execution.
[2024-03-10T13:04:11.230+0000] {filesystem.py:66} INFO - Poking for file /opt/***/Files/Files.zip
[2024-03-10T13:04:16.241+0000] {base.py:83} INFO - Using connection ID 'fs_default' for task execution.
[2024-03-10T13:04:16.242+0000] {filesystem.py:66} INFO - Poking for file /opt/***/Files/Files.zip
[2024-03-10T13:04:21.257+0000] {base.py:83} INFO - Using connection ID 'fs_default' for task execution.
[2024-03-10T13:04:21.262+0000] {filesystem.py:66} INFO - Poking for file /opt/***/Files/Files.zip
[2024-03-10T13:04:26.282+0000] {base.py:83} INFO - Using connection ID 'fs_default' for task execution.
[2024-03-10T13:04:26.283+0000] {filesystem.py:66} INFO - Poking for file /opt/***/Files/Files.zip
[2024-03-10T13:04:31.300+0000] {base.py:83} INFO - Using connection ID 'fs_default' for task execution.
[2024-03-10T13:04:31.301+0000] {filesystem.py:66} INFO - Poking for file /opt/***/Files/Files.zip
[2024-03-10T13:04:36.311+0000] {base.py:83} INFO - Using connection ID 'fs_default' for task execution.
[2024-03-10T13:04:36.312+0000] {filesystem.py:66} INFO - Poking for file /opt/***/Files/Files.zip
[2024-03-10T13:04:41.322+0000] {base.py:83} INFO - Using connection ID 'fs_default' for task execution.
[2024-03-10T13:04:41.323+0000] {filesystem.py:66} INFO - Poking for file /opt/***/Files/Files.zip
[2024-03-10T13:04:46.336+0000] {base.py:83} INFO - Using connection ID 'fs_default' for task execution.
[2024-03-10T13:04:46.337+0000] {filesystem.py:66} INFO - Poking for file /opt/***/Files/Files.zip
[2024-03-10T13:04:51.350+0000] {base.py:83} INFO - Using connection ID 'fs_default' for task execution.
[2024-03-10T13:04:51.351+0000] {filesystem.py:66} INFO - Poking for file /opt/***/Files/Files.zip
[2024-03-10T13:04:56.364+0000] {base.py:83} INFO - Using connection ID 'fs_default' for task execution.
[2024-03-10T13:04:56.365+0000] {filesystem.py:66} INFO - Poking for file /opt/***/Files/Files.zip
[2024-03-10T13:05:01.381+0000] {base.py:83} INFO - Using connection ID 'fs_default' for task execution.
[2024-03-10T13:05:01.382+0000] {filesystem.py:66} INFO - Poking for file /opt/***/Files/Files.zip
[2024-03-10T13:05:06.400+0000] {base.py:83} INFO - Using connection ID 'fs_default' for task execution.
[2024-03-10T13:05:06.402+0000] {filesystem.py:66} INFO - Poking for file /opt/***/Files/Files.zip
[2024-03-10T13:05:11.418+0000] {base.py:83} INFO - Using connection ID 'fs_default' for task execution.
[2024-03-10T13:05:11.420+0000] {filesystem.py:66} INFO - Poking for file /opt/***/Files/Files.zip
[2024-03-10T13:05:16.429+0000] {base.py:83} INFO - Using connection ID 'fs_default' for task execution.
[2024-03-10T13:05:16.430+0000] {filesystem.py:66} INFO - Poking for file /opt/***/Files/Files.zip
[2024-03-10T13:05:21.439+0000] {base.py:83} INFO - Using connection ID 'fs_default' for task execution.
[2024-03-10T13:05:21.440+0000] {filesystem.py:66} INFO - Poking for file /opt/***/Files/Files.zip
[2024-03-10T13:05:26.454+0000] {base.py:83} INFO - Using connection ID 'fs_default' for task execution.
[2024-03-10T13:05:26.455+0000] {filesystem.py:66} INFO - Poking for file /opt/***/Files/Files.zip
[2024-03-10T13:05:31.464+0000] {base.py:83} INFO - Using connection ID 'fs_default' for task execution.
[2024-03-10T13:05:31.465+0000] {filesystem.py:66} INFO - Poking for file /opt/***/Files/Files.zip
[2024-03-10T13:05:36.474+0000] {base.py:83} INFO - Using connection ID 'fs_default' for task execution.
[2024-03-10T13:05:36.476+0000] {filesystem.py:66} INFO - Poking for file /opt/***/Files/Files.zip
[2024-03-10T13:05:41.491+0000] {base.py:83} INFO - Using connection ID 'fs_default' for task execution.
[2024-03-10T13:05:41.492+0000] {filesystem.py:66} INFO - Poking for file /opt/***/Files/Files.zip
[2024-03-10T13:05:46.502+0000] {base.py:83} INFO - Using connection ID 'fs_default' for task execution.
[2024-03-10T13:05:46.504+0000] {filesystem.py:66} INFO - Poking for file /opt/***/Files/Files.zip
[2024-03-10T13:05:51.523+0000] {base.py:83} INFO - Using connection ID 'fs_default' for task execution.
[2024-03-10T13:05:51.525+0000] {filesystem.py:66} INFO - Poking for file /opt/***/Files/Files.zip
[2024-03-10T13:05:56.537+0000] {base.py:83} INFO - Using connection ID 'fs_default' for task execution.
[2024-03-10T13:05:56.540+0000] {filesystem.py:66} INFO - Poking for file /opt/***/Files/Files.zip
[2024-03-10T13:06:01.551+0000] {base.py:83} INFO - Using connection ID 'fs_default' for task execution.
[2024-03-10T13:06:01.553+0000] {filesystem.py:66} INFO - Poking for file /opt/***/Files/Files.zip
[2024-03-10T13:06:06.562+0000] {base.py:83} INFO - Using connection ID 'fs_default' for task execution.
[2024-03-10T13:06:06.563+0000] {filesystem.py:66} INFO - Poking for file /opt/***/Files/Files.zip
[2024-03-10T13:06:11.574+0000] {base.py:83} INFO - Using connection ID 'fs_default' for task execution.
[2024-03-10T13:06:11.576+0000] {filesystem.py:66} INFO - Poking for file /opt/***/Files/Files.zip
[2024-03-10T13:06:16.585+0000] {base.py:83} INFO - Using connection ID 'fs_default' for task execution.
[2024-03-10T13:06:16.586+0000] {filesystem.py:66} INFO - Poking for file /opt/***/Files/Files.zip
[2024-03-10T13:06:21.600+0000] {base.py:83} INFO - Using connection ID 'fs_default' for task execution.
[2024-03-10T13:06:21.602+0000] {filesystem.py:66} INFO - Poking for file /opt/***/Files/Files.zip
[2024-03-10T13:06:26.616+0000] {base.py:83} INFO - Using connection ID 'fs_default' for task execution.
[2024-03-10T13:06:26.618+0000] {filesystem.py:66} INFO - Poking for file /opt/***/Files/Files.zip
[2024-03-10T13:06:31.631+0000] {base.py:83} INFO - Using connection ID 'fs_default' for task execution.
[2024-03-10T13:06:31.632+0000] {filesystem.py:66} INFO - Poking for file /opt/***/Files/Files.zip
[2024-03-10T13:06:36.647+0000] {base.py:83} INFO - Using connection ID 'fs_default' for task execution.
[2024-03-10T13:06:36.648+0000] {filesystem.py:66} INFO - Poking for file /opt/***/Files/Files.zip
[2024-03-10T13:06:41.658+0000] {base.py:83} INFO - Using connection ID 'fs_default' for task execution.
[2024-03-10T13:06:41.664+0000] {filesystem.py:66} INFO - Poking for file /opt/***/Files/Files.zip
[2024-03-10T13:06:46.678+0000] {base.py:83} INFO - Using connection ID 'fs_default' for task execution.
[2024-03-10T13:06:46.679+0000] {filesystem.py:66} INFO - Poking for file /opt/***/Files/Files.zip
[2024-03-10T13:06:51.691+0000] {base.py:83} INFO - Using connection ID 'fs_default' for task execution.
[2024-03-10T13:06:51.692+0000] {filesystem.py:66} INFO - Poking for file /opt/***/Files/Files.zip
[2024-03-10T13:06:56.700+0000] {base.py:83} INFO - Using connection ID 'fs_default' for task execution.
[2024-03-10T13:06:56.701+0000] {filesystem.py:66} INFO - Poking for file /opt/***/Files/Files.zip
[2024-03-10T13:07:01.711+0000] {base.py:83} INFO - Using connection ID 'fs_default' for task execution.
[2024-03-10T13:07:01.713+0000] {filesystem.py:66} INFO - Poking for file /opt/***/Files/Files.zip
[2024-03-10T13:07:06.725+0000] {base.py:83} INFO - Using connection ID 'fs_default' for task execution.
[2024-03-10T13:07:06.727+0000] {filesystem.py:66} INFO - Poking for file /opt/***/Files/Files.zip
[2024-03-10T13:07:11.737+0000] {base.py:83} INFO - Using connection ID 'fs_default' for task execution.
[2024-03-10T13:07:11.738+0000] {filesystem.py:66} INFO - Poking for file /opt/***/Files/Files.zip
[2024-03-10T13:07:16.765+0000] {base.py:83} INFO - Using connection ID 'fs_default' for task execution.
[2024-03-10T13:07:16.766+0000] {filesystem.py:66} INFO - Poking for file /opt/***/Files/Files.zip
[2024-03-10T13:07:21.779+0000] {base.py:83} INFO - Using connection ID 'fs_default' for task execution.
[2024-03-10T13:07:21.780+0000] {filesystem.py:66} INFO - Poking for file /opt/***/Files/Files.zip
[2024-03-10T13:07:26.791+0000] {base.py:83} INFO - Using connection ID 'fs_default' for task execution.
[2024-03-10T13:07:26.792+0000] {filesystem.py:66} INFO - Poking for file /opt/***/Files/Files.zip
[2024-03-10T13:07:31.801+0000] {base.py:83} INFO - Using connection ID 'fs_default' for task execution.
[2024-03-10T13:07:31.802+0000] {filesystem.py:66} INFO - Poking for file /opt/***/Files/Files.zip
[2024-03-10T13:07:36.817+0000] {base.py:83} INFO - Using connection ID 'fs_default' for task execution.
[2024-03-10T13:07:36.819+0000] {filesystem.py:66} INFO - Poking for file /opt/***/Files/Files.zip
[2024-03-10T13:07:41.835+0000] {base.py:83} INFO - Using connection ID 'fs_default' for task execution.
[2024-03-10T13:07:41.836+0000] {filesystem.py:66} INFO - Poking for file /opt/***/Files/Files.zip
[2024-03-10T13:07:46.852+0000] {base.py:83} INFO - Using connection ID 'fs_default' for task execution.
[2024-03-10T13:07:46.855+0000] {filesystem.py:66} INFO - Poking for file /opt/***/Files/Files.zip
[2024-03-10T13:07:51.864+0000] {base.py:83} INFO - Using connection ID 'fs_default' for task execution.
[2024-03-10T13:07:51.866+0000] {filesystem.py:66} INFO - Poking for file /opt/***/Files/Files.zip
[2024-03-10T13:07:56.879+0000] {base.py:83} INFO - Using connection ID 'fs_default' for task execution.
[2024-03-10T13:07:56.880+0000] {filesystem.py:66} INFO - Poking for file /opt/***/Files/Files.zip
[2024-03-10T13:08:01.896+0000] {base.py:83} INFO - Using connection ID 'fs_default' for task execution.
[2024-03-10T13:08:01.897+0000] {filesystem.py:66} INFO - Poking for file /opt/***/Files/Files.zip
[2024-03-10T13:08:06.914+0000] {base.py:83} INFO - Using connection ID 'fs_default' for task execution.
[2024-03-10T13:08:06.916+0000] {filesystem.py:66} INFO - Poking for file /opt/***/Files/Files.zip
[2024-03-10T13:08:11.929+0000] {base.py:83} INFO - Using connection ID 'fs_default' for task execution.
[2024-03-10T13:08:11.930+0000] {filesystem.py:66} INFO - Poking for file /opt/***/Files/Files.zip
[2024-03-10T13:08:16.947+0000] {base.py:83} INFO - Using connection ID 'fs_default' for task execution.
[2024-03-10T13:08:16.948+0000] {filesystem.py:66} INFO - Poking for file /opt/***/Files/Files.zip
[2024-03-10T13:08:21.959+0000] {base.py:83} INFO - Using connection ID 'fs_default' for task execution.
[2024-03-10T13:08:21.960+0000] {filesystem.py:66} INFO - Poking for file /opt/***/Files/Files.zip
[2024-03-10T13:08:26.968+0000] {base.py:83} INFO - Using connection ID 'fs_default' for task execution.
[2024-03-10T13:08:26.969+0000] {filesystem.py:66} INFO - Poking for file /opt/***/Files/Files.zip
[2024-03-10T13:08:31.978+0000] {base.py:83} INFO - Using connection ID 'fs_default' for task execution.
[2024-03-10T13:08:31.979+0000] {filesystem.py:66} INFO - Poking for file /opt/***/Files/Files.zip
[2024-03-10T13:08:36.996+0000] {base.py:83} INFO - Using connection ID 'fs_default' for task execution.
[2024-03-10T13:08:36.998+0000] {filesystem.py:66} INFO - Poking for file /opt/***/Files/Files.zip
[2024-03-10T13:08:42.008+0000] {base.py:83} INFO - Using connection ID 'fs_default' for task execution.
[2024-03-10T13:08:42.009+0000] {filesystem.py:66} INFO - Poking for file /opt/***/Files/Files.zip
[2024-03-10T13:08:47.023+0000] {base.py:83} INFO - Using connection ID 'fs_default' for task execution.
[2024-03-10T13:08:47.024+0000] {filesystem.py:66} INFO - Poking for file /opt/***/Files/Files.zip
[2024-03-10T13:08:52.044+0000] {base.py:83} INFO - Using connection ID 'fs_default' for task execution.
[2024-03-10T13:08:52.046+0000] {filesystem.py:66} INFO - Poking for file /opt/***/Files/Files.zip
[2024-03-10T13:08:57.060+0000] {base.py:83} INFO - Using connection ID 'fs_default' for task execution.
[2024-03-10T13:08:57.061+0000] {filesystem.py:66} INFO - Poking for file /opt/***/Files/Files.zip
[2024-03-10T13:09:02.076+0000] {base.py:83} INFO - Using connection ID 'fs_default' for task execution.
[2024-03-10T13:09:02.077+0000] {filesystem.py:66} INFO - Poking for file /opt/***/Files/Files.zip
[2024-03-10T13:09:07.087+0000] {base.py:83} INFO - Using connection ID 'fs_default' for task execution.
[2024-03-10T13:09:07.088+0000] {filesystem.py:66} INFO - Poking for file /opt/***/Files/Files.zip
[2024-03-10T13:09:07.097+0000] {filesystem.py:71} INFO - Found File /opt/***/Files/Files.zip last modified: 20240303050957
[2024-03-10T13:09:07.100+0000] {base.py:295} INFO - Success criteria met. Exiting.
[2024-03-10T13:09:07.151+0000] {taskinstance.py:1149} INFO - Marking task as SUCCESS. dag_id=processing, task_id=archive_sensor, execution_date=20240310T123853, start_date=20240310T123855, end_date=20240310T130907
[2024-03-10T13:09:07.230+0000] {local_task_job_runner.py:234} INFO - Task exited with return code 0
[2024-03-10T13:09:07.336+0000] {taskinstance.py:3309} INFO - 1 downstream tasks scheduled from follow-on schedule check
