[2024-03-10T12:36:02.546+0000] {taskinstance.py:1979} INFO - Dependencies all met for dep_context=non-requeueable deps ti=<TaskInstance: processing.archive_sensor scheduled__2024-03-10T12:35:00+00:00 [queued]>
[2024-03-10T12:36:02.557+0000] {taskinstance.py:1979} INFO - Dependencies all met for dep_context=requeueable deps ti=<TaskInstance: processing.archive_sensor scheduled__2024-03-10T12:35:00+00:00 [queued]>
[2024-03-10T12:36:02.558+0000] {taskinstance.py:2193} INFO - Starting attempt 1 of 1
[2024-03-10T12:36:02.578+0000] {taskinstance.py:2214} INFO - Executing <Task(FileSensor): archive_sensor> on 2024-03-10 12:35:00+00:00
[2024-03-10T12:36:02.589+0000] {standard_task_runner.py:60} INFO - Started process 338 to run task
[2024-03-10T12:36:02.592+0000] {standard_task_runner.py:87} INFO - Running: ['***', 'tasks', 'run', 'processing', 'archive_sensor', 'scheduled__2024-03-10T12:35:00+00:00', '--job-id', '48', '--raw', '--subdir', 'DAGS_FOLDER/process_data.py', '--cfg-path', '/tmp/tmp6v5hknt1']
[2024-03-10T12:36:02.596+0000] {standard_task_runner.py:88} INFO - Job 48: Subtask archive_sensor
[2024-03-10T12:36:02.631+0000] {logging_mixin.py:188} WARNING - /home/***/.local/lib/python3.11/site-packages/***/settings.py:194 DeprecationWarning: The sql_alchemy_conn option in [core] has been moved to the sql_alchemy_conn option in [database] - the old setting has been used, but please update your config.
[2024-03-10T12:36:02.727+0000] {task_command.py:423} INFO - Running <TaskInstance: processing.archive_sensor scheduled__2024-03-10T12:35:00+00:00 [running]> on host 81bb4583c109
[2024-03-10T12:36:02.834+0000] {taskinstance.py:2510} INFO - Exporting env vars: AIRFLOW_CTX_DAG_OWNER='***' AIRFLOW_CTX_DAG_ID='processing' AIRFLOW_CTX_TASK_ID='archive_sensor' AIRFLOW_CTX_EXECUTION_DATE='2024-03-10T12:35:00+00:00' AIRFLOW_CTX_TRY_NUMBER='1' AIRFLOW_CTX_DAG_RUN_ID='scheduled__2024-03-10T12:35:00+00:00'
[2024-03-10T12:36:02.875+0000] {base.py:83} INFO - Using connection ID 'fs_default' for task execution.
[2024-03-10T12:36:02.879+0000] {filesystem.py:66} INFO - Poking for file /opt/***/Files/Files.zip
[2024-03-10T12:36:07.891+0000] {base.py:83} INFO - Using connection ID 'fs_default' for task execution.
[2024-03-10T12:36:07.892+0000] {filesystem.py:66} INFO - Poking for file /opt/***/Files/Files.zip
[2024-03-10T12:36:12.904+0000] {base.py:83} INFO - Using connection ID 'fs_default' for task execution.
[2024-03-10T12:36:12.908+0000] {filesystem.py:66} INFO - Poking for file /opt/***/Files/Files.zip
[2024-03-10T12:36:17.927+0000] {base.py:83} INFO - Using connection ID 'fs_default' for task execution.
[2024-03-10T12:36:17.928+0000] {filesystem.py:66} INFO - Poking for file /opt/***/Files/Files.zip
[2024-03-10T12:36:22.942+0000] {base.py:83} INFO - Using connection ID 'fs_default' for task execution.
[2024-03-10T12:36:22.943+0000] {filesystem.py:66} INFO - Poking for file /opt/***/Files/Files.zip
[2024-03-10T12:36:27.966+0000] {base.py:83} INFO - Using connection ID 'fs_default' for task execution.
[2024-03-10T12:36:27.968+0000] {filesystem.py:66} INFO - Poking for file /opt/***/Files/Files.zip
[2024-03-10T12:36:32.988+0000] {base.py:83} INFO - Using connection ID 'fs_default' for task execution.
[2024-03-10T12:36:32.990+0000] {filesystem.py:66} INFO - Poking for file /opt/***/Files/Files.zip
[2024-03-10T12:36:38.005+0000] {base.py:83} INFO - Using connection ID 'fs_default' for task execution.
[2024-03-10T12:36:38.006+0000] {filesystem.py:66} INFO - Poking for file /opt/***/Files/Files.zip
[2024-03-10T12:36:43.020+0000] {base.py:83} INFO - Using connection ID 'fs_default' for task execution.
[2024-03-10T12:36:43.021+0000] {filesystem.py:66} INFO - Poking for file /opt/***/Files/Files.zip
[2024-03-10T12:36:48.031+0000] {base.py:83} INFO - Using connection ID 'fs_default' for task execution.
[2024-03-10T12:36:48.032+0000] {filesystem.py:66} INFO - Poking for file /opt/***/Files/Files.zip
[2024-03-10T12:36:53.046+0000] {base.py:83} INFO - Using connection ID 'fs_default' for task execution.
[2024-03-10T12:36:53.047+0000] {filesystem.py:66} INFO - Poking for file /opt/***/Files/Files.zip
[2024-03-10T12:36:58.063+0000] {base.py:83} INFO - Using connection ID 'fs_default' for task execution.
[2024-03-10T12:36:58.064+0000] {filesystem.py:66} INFO - Poking for file /opt/***/Files/Files.zip
[2024-03-10T12:37:03.081+0000] {base.py:83} INFO - Using connection ID 'fs_default' for task execution.
[2024-03-10T12:37:03.083+0000] {filesystem.py:66} INFO - Poking for file /opt/***/Files/Files.zip
[2024-03-10T12:37:08.094+0000] {base.py:83} INFO - Using connection ID 'fs_default' for task execution.
[2024-03-10T12:37:08.109+0000] {filesystem.py:66} INFO - Poking for file /opt/***/Files/Files.zip
[2024-03-10T12:37:13.157+0000] {base.py:83} INFO - Using connection ID 'fs_default' for task execution.
[2024-03-10T12:37:13.165+0000] {filesystem.py:66} INFO - Poking for file /opt/***/Files/Files.zip
[2024-03-10T12:37:18.191+0000] {base.py:83} INFO - Using connection ID 'fs_default' for task execution.
[2024-03-10T12:37:18.193+0000] {filesystem.py:66} INFO - Poking for file /opt/***/Files/Files.zip
[2024-03-10T12:37:23.206+0000] {base.py:83} INFO - Using connection ID 'fs_default' for task execution.
[2024-03-10T12:37:23.207+0000] {filesystem.py:66} INFO - Poking for file /opt/***/Files/Files.zip
[2024-03-10T12:37:28.223+0000] {base.py:83} INFO - Using connection ID 'fs_default' for task execution.
[2024-03-10T12:37:28.289+0000] {filesystem.py:66} INFO - Poking for file /opt/***/Files/Files.zip
[2024-03-10T12:37:33.300+0000] {base.py:83} INFO - Using connection ID 'fs_default' for task execution.
[2024-03-10T12:37:33.302+0000] {filesystem.py:66} INFO - Poking for file /opt/***/Files/Files.zip
[2024-03-10T12:37:38.312+0000] {base.py:83} INFO - Using connection ID 'fs_default' for task execution.
[2024-03-10T12:37:38.313+0000] {filesystem.py:66} INFO - Poking for file /opt/***/Files/Files.zip
[2024-03-10T12:37:43.327+0000] {base.py:83} INFO - Using connection ID 'fs_default' for task execution.
[2024-03-10T12:37:43.328+0000] {filesystem.py:66} INFO - Poking for file /opt/***/Files/Files.zip
[2024-03-10T12:37:48.347+0000] {base.py:83} INFO - Using connection ID 'fs_default' for task execution.
[2024-03-10T12:37:48.349+0000] {filesystem.py:66} INFO - Poking for file /opt/***/Files/Files.zip
[2024-03-10T12:37:53.364+0000] {base.py:83} INFO - Using connection ID 'fs_default' for task execution.
[2024-03-10T12:37:53.365+0000] {filesystem.py:66} INFO - Poking for file /opt/***/Files/Files.zip
[2024-03-10T12:37:58.384+0000] {base.py:83} INFO - Using connection ID 'fs_default' for task execution.
[2024-03-10T12:37:58.386+0000] {filesystem.py:66} INFO - Poking for file /opt/***/Files/Files.zip
[2024-03-10T12:38:03.399+0000] {base.py:83} INFO - Using connection ID 'fs_default' for task execution.
[2024-03-10T12:38:03.400+0000] {filesystem.py:66} INFO - Poking for file /opt/***/Files/Files.zip
[2024-03-10T12:38:08.410+0000] {base.py:83} INFO - Using connection ID 'fs_default' for task execution.
[2024-03-10T12:38:08.412+0000] {filesystem.py:66} INFO - Poking for file /opt/***/Files/Files.zip
[2024-03-10T12:38:13.424+0000] {base.py:83} INFO - Using connection ID 'fs_default' for task execution.
[2024-03-10T12:38:13.426+0000] {filesystem.py:66} INFO - Poking for file /opt/***/Files/Files.zip
[2024-03-10T12:38:18.439+0000] {base.py:83} INFO - Using connection ID 'fs_default' for task execution.
[2024-03-10T12:38:18.441+0000] {filesystem.py:66} INFO - Poking for file /opt/***/Files/Files.zip
[2024-03-10T12:38:23.456+0000] {base.py:83} INFO - Using connection ID 'fs_default' for task execution.
[2024-03-10T12:38:23.457+0000] {filesystem.py:66} INFO - Poking for file /opt/***/Files/Files.zip
[2024-03-10T12:38:28.477+0000] {base.py:83} INFO - Using connection ID 'fs_default' for task execution.
[2024-03-10T12:38:28.478+0000] {filesystem.py:66} INFO - Poking for file /opt/***/Files/Files.zip
[2024-03-10T12:38:33.492+0000] {base.py:83} INFO - Using connection ID 'fs_default' for task execution.
[2024-03-10T12:38:33.493+0000] {filesystem.py:66} INFO - Poking for file /opt/***/Files/Files.zip
[2024-03-10T12:38:38.509+0000] {base.py:83} INFO - Using connection ID 'fs_default' for task execution.
[2024-03-10T12:38:38.510+0000] {filesystem.py:66} INFO - Poking for file /opt/***/Files/Files.zip
[2024-03-10T12:38:43.522+0000] {base.py:83} INFO - Using connection ID 'fs_default' for task execution.
[2024-03-10T12:38:43.524+0000] {filesystem.py:66} INFO - Poking for file /opt/***/Files/Files.zip
[2024-03-10T12:38:44.689+0000] {local_task_job_runner.py:302} WARNING - State of this instance has been externally set to failed. Terminating instance.
[2024-03-10T12:38:44.700+0000] {process_utils.py:131} INFO - Sending 15 to group 338. PIDs of all processes in the group: [338]
[2024-03-10T12:38:44.701+0000] {process_utils.py:86} INFO - Sending the signal 15 to group 338
[2024-03-10T12:38:44.702+0000] {taskinstance.py:2480} ERROR - Received SIGTERM. Terminating subprocesses.
[2024-03-10T12:38:44.754+0000] {process_utils.py:79} INFO - Process psutil.Process(pid=338, status='terminated', exitcode=0, started='12:36:01') (338) terminated with exit code 0
