[2024-03-03T03:11:36.270+0000] {taskinstance.py:1979} INFO - Dependencies all met for dep_context=non-requeueable deps ti=<TaskInstance: fetch_data_files.get_files_1 scheduled__2016-01-03T00:00:00+00:00 [queued]>
[2024-03-03T03:11:36.296+0000] {taskinstance.py:1979} INFO - Dependencies all met for dep_context=requeueable deps ti=<TaskInstance: fetch_data_files.get_files_1 scheduled__2016-01-03T00:00:00+00:00 [queued]>
[2024-03-03T03:11:36.299+0000] {taskinstance.py:2193} INFO - Starting attempt 1 of 1
[2024-03-03T03:11:36.365+0000] {taskinstance.py:2214} INFO - Executing <Task(PythonOperator): get_files_1> on 2016-01-03 00:00:00+00:00
[2024-03-03T03:11:36.400+0000] {standard_task_runner.py:60} INFO - Started process 220 to run task
[2024-03-03T03:11:36.430+0000] {standard_task_runner.py:87} INFO - Running: ['***', 'tasks', 'run', 'fetch_data_files', 'get_files_1', 'scheduled__2016-01-03T00:00:00+00:00', '--job-id', '9', '--raw', '--subdir', 'DAGS_FOLDER/dummy_dag.py', '--cfg-path', '/tmp/tmpragy2i1l']
[2024-03-03T03:11:36.443+0000] {standard_task_runner.py:88} INFO - Job 9: Subtask get_files_1
[2024-03-03T03:11:36.519+0000] {logging_mixin.py:188} WARNING - /home/***/.local/lib/python3.11/site-packages/***/settings.py:194 DeprecationWarning: The sql_alchemy_conn option in [core] has been moved to the sql_alchemy_conn option in [database] - the old setting has been used, but please update your config.
[2024-03-03T03:11:36.684+0000] {task_command.py:423} INFO - Running <TaskInstance: fetch_data_files.get_files_1 scheduled__2016-01-03T00:00:00+00:00 [running]> on host eb03c8b8b5fd
[2024-03-03T03:11:36.904+0000] {taskinstance.py:2510} INFO - Exporting env vars: AIRFLOW_CTX_DAG_OWNER='***' AIRFLOW_CTX_DAG_ID='fetch_data_files' AIRFLOW_CTX_TASK_ID='get_files_1' AIRFLOW_CTX_EXECUTION_DATE='2016-01-03T00:00:00+00:00' AIRFLOW_CTX_TRY_NUMBER='1' AIRFLOW_CTX_DAG_RUN_ID='scheduled__2016-01-03T00:00:00+00:00'
[2024-03-03T03:11:38.052+0000] {taskinstance.py:2728} ERROR - Task failed with exception
Traceback (most recent call last):
  File "/home/airflow/.local/lib/python3.11/site-packages/airflow/models/taskinstance.py", line 444, in _execute_task
    result = _execute_callable(context=context, **execute_callable_kwargs)
             ^^^^^^^^^^^^^^^^^^^^^^^^^^^^^^^^^^^^^^^^^^^^^^^^^^^^^^^^^^^^^
  File "/home/airflow/.local/lib/python3.11/site-packages/airflow/models/taskinstance.py", line 414, in _execute_callable
    return execute_callable(context=context, **execute_callable_kwargs)
           ^^^^^^^^^^^^^^^^^^^^^^^^^^^^^^^^^^^^^^^^^^^^^^^^^^^^^^^^^^^^
  File "/home/airflow/.local/lib/python3.11/site-packages/airflow/operators/python.py", line 200, in execute
    return_value = self.execute_callable()
                   ^^^^^^^^^^^^^^^^^^^^^^^
  File "/home/airflow/.local/lib/python3.11/site-packages/airflow/operators/python.py", line 217, in execute_callable
    return self.python_callable(*self.op_args, **self.op_kwargs)
           ^^^^^^^^^^^^^^^^^^^^^^^^^^^^^^^^^^^^^^^^^^^^^^^^^^^^^
  File "/opt/airflow/dags/dummy_dag.py", line 29, in download_years_list
    page = urlopen(url)
           ^^^^^^^^^^^^
  File "/usr/local/lib/python3.11/urllib/request.py", line 216, in urlopen
    return opener.open(url, data, timeout)
           ^^^^^^^^^^^^^^^^^^^^^^^^^^^^^^^
  File "/usr/local/lib/python3.11/urllib/request.py", line 525, in open
    response = meth(req, response)
               ^^^^^^^^^^^^^^^^^^^
  File "/usr/local/lib/python3.11/urllib/request.py", line 634, in http_response
    response = self.parent.error(
               ^^^^^^^^^^^^^^^^^^
  File "/usr/local/lib/python3.11/urllib/request.py", line 563, in error
    return self._call_chain(*args)
           ^^^^^^^^^^^^^^^^^^^^^^^
  File "/usr/local/lib/python3.11/urllib/request.py", line 496, in _call_chain
    result = func(*args)
             ^^^^^^^^^^^
  File "/usr/local/lib/python3.11/urllib/request.py", line 643, in http_error_default
    raise HTTPError(req.full_url, code, msg, hdrs, fp)
urllib.error.HTTPError: HTTP Error 404: Not Found
[2024-03-03T03:11:38.110+0000] {taskinstance.py:1149} INFO - Marking task as FAILED. dag_id=fetch_data_files, task_id=get_files_1, execution_date=20160103T000000, start_date=20240303T031136, end_date=20240303T031138
[2024-03-03T03:11:38.148+0000] {standard_task_runner.py:107} ERROR - Failed to execute job 9 for task get_files_1 (HTTP Error 404: Not Found; 220)
[2024-03-03T03:11:38.183+0000] {local_task_job_runner.py:234} INFO - Task exited with return code 1
[2024-03-03T03:11:38.221+0000] {taskinstance.py:3309} INFO - 0 downstream tasks scheduled from follow-on schedule check
[2024-03-03T03:21:30.946+0000] {taskinstance.py:1979} INFO - Dependencies all met for dep_context=non-requeueable deps ti=<TaskInstance: fetch_data_files.get_files_1 scheduled__2016-01-03T00:00:00+00:00 [queued]>
[2024-03-03T03:21:30.974+0000] {taskinstance.py:1979} INFO - Dependencies all met for dep_context=requeueable deps ti=<TaskInstance: fetch_data_files.get_files_1 scheduled__2016-01-03T00:00:00+00:00 [queued]>
[2024-03-03T03:21:30.978+0000] {taskinstance.py:2193} INFO - Starting attempt 1 of 1
[2024-03-03T03:21:31.016+0000] {taskinstance.py:2214} INFO - Executing <Task(PythonOperator): get_files_1> on 2016-01-03 00:00:00+00:00
[2024-03-03T03:21:31.030+0000] {standard_task_runner.py:60} INFO - Started process 221 to run task
[2024-03-03T03:21:31.044+0000] {standard_task_runner.py:87} INFO - Running: ['***', 'tasks', 'run', 'fetch_data_files', 'get_files_1', 'scheduled__2016-01-03T00:00:00+00:00', '--job-id', '17', '--raw', '--subdir', 'DAGS_FOLDER/dummy_dag.py', '--cfg-path', '/tmp/tmpmgnyceqc']
[2024-03-03T03:21:31.052+0000] {standard_task_runner.py:88} INFO - Job 17: Subtask get_files_1
[2024-03-03T03:21:31.101+0000] {logging_mixin.py:188} WARNING - /home/***/.local/lib/python3.11/site-packages/***/settings.py:194 DeprecationWarning: The sql_alchemy_conn option in [core] has been moved to the sql_alchemy_conn option in [database] - the old setting has been used, but please update your config.
[2024-03-03T03:21:31.206+0000] {task_command.py:423} INFO - Running <TaskInstance: fetch_data_files.get_files_1 scheduled__2016-01-03T00:00:00+00:00 [running]> on host 716a53fa82e1
[2024-03-03T03:21:31.375+0000] {taskinstance.py:2510} INFO - Exporting env vars: AIRFLOW_CTX_DAG_OWNER='***' AIRFLOW_CTX_DAG_ID='fetch_data_files' AIRFLOW_CTX_TASK_ID='get_files_1' AIRFLOW_CTX_EXECUTION_DATE='2016-01-03T00:00:00+00:00' AIRFLOW_CTX_TRY_NUMBER='1' AIRFLOW_CTX_DAG_RUN_ID='scheduled__2016-01-03T00:00:00+00:00'
[2024-03-03T03:21:32.618+0000] {taskinstance.py:2728} ERROR - Task failed with exception
Traceback (most recent call last):
  File "/home/airflow/.local/lib/python3.11/site-packages/airflow/models/taskinstance.py", line 444, in _execute_task
    result = _execute_callable(context=context, **execute_callable_kwargs)
             ^^^^^^^^^^^^^^^^^^^^^^^^^^^^^^^^^^^^^^^^^^^^^^^^^^^^^^^^^^^^^
  File "/home/airflow/.local/lib/python3.11/site-packages/airflow/models/taskinstance.py", line 414, in _execute_callable
    return execute_callable(context=context, **execute_callable_kwargs)
           ^^^^^^^^^^^^^^^^^^^^^^^^^^^^^^^^^^^^^^^^^^^^^^^^^^^^^^^^^^^^
  File "/home/airflow/.local/lib/python3.11/site-packages/airflow/operators/python.py", line 200, in execute
    return_value = self.execute_callable()
                   ^^^^^^^^^^^^^^^^^^^^^^^
  File "/home/airflow/.local/lib/python3.11/site-packages/airflow/operators/python.py", line 217, in execute_callable
    return self.python_callable(*self.op_args, **self.op_kwargs)
           ^^^^^^^^^^^^^^^^^^^^^^^^^^^^^^^^^^^^^^^^^^^^^^^^^^^^^
  File "/opt/airflow/dags/dummy_dag.py", line 30, in download_years_list
    page = urlopen(url)
           ^^^^^^^^^^^^
  File "/usr/local/lib/python3.11/urllib/request.py", line 216, in urlopen
    return opener.open(url, data, timeout)
           ^^^^^^^^^^^^^^^^^^^^^^^^^^^^^^^
  File "/usr/local/lib/python3.11/urllib/request.py", line 525, in open
    response = meth(req, response)
               ^^^^^^^^^^^^^^^^^^^
  File "/usr/local/lib/python3.11/urllib/request.py", line 634, in http_response
    response = self.parent.error(
               ^^^^^^^^^^^^^^^^^^
  File "/usr/local/lib/python3.11/urllib/request.py", line 563, in error
    return self._call_chain(*args)
           ^^^^^^^^^^^^^^^^^^^^^^^
  File "/usr/local/lib/python3.11/urllib/request.py", line 496, in _call_chain
    result = func(*args)
             ^^^^^^^^^^^
  File "/usr/local/lib/python3.11/urllib/request.py", line 643, in http_error_default
    raise HTTPError(req.full_url, code, msg, hdrs, fp)
urllib.error.HTTPError: HTTP Error 404: Not Found
[2024-03-03T03:21:32.637+0000] {taskinstance.py:1149} INFO - Marking task as FAILED. dag_id=fetch_data_files, task_id=get_files_1, execution_date=20160103T000000, start_date=20240303T032130, end_date=20240303T032132
[2024-03-03T03:21:32.652+0000] {standard_task_runner.py:107} ERROR - Failed to execute job 17 for task get_files_1 (HTTP Error 404: Not Found; 221)
[2024-03-03T03:21:32.670+0000] {local_task_job_runner.py:234} INFO - Task exited with return code 1
[2024-03-03T03:21:32.707+0000] {taskinstance.py:3309} INFO - 0 downstream tasks scheduled from follow-on schedule check
[2024-03-03T04:08:13.432+0000] {taskinstance.py:1979} INFO - Dependencies all met for dep_context=non-requeueable deps ti=<TaskInstance: fetch_data_files.get_files_1 scheduled__2016-01-03T00:00:00+00:00 [queued]>
[2024-03-03T04:08:13.452+0000] {taskinstance.py:1979} INFO - Dependencies all met for dep_context=requeueable deps ti=<TaskInstance: fetch_data_files.get_files_1 scheduled__2016-01-03T00:00:00+00:00 [queued]>
[2024-03-03T04:08:13.455+0000] {taskinstance.py:2193} INFO - Starting attempt 1 of 1
[2024-03-03T04:08:13.474+0000] {taskinstance.py:2214} INFO - Executing <Task(PythonOperator): get_files_1> on 2016-01-03 00:00:00+00:00
[2024-03-03T04:08:13.483+0000] {standard_task_runner.py:60} INFO - Started process 245 to run task
[2024-03-03T04:08:13.491+0000] {standard_task_runner.py:87} INFO - Running: ['***', 'tasks', 'run', 'fetch_data_files', 'get_files_1', 'scheduled__2016-01-03T00:00:00+00:00', '--job-id', '15', '--raw', '--subdir', 'DAGS_FOLDER/dummy_dag.py', '--cfg-path', '/tmp/tmpg1mztq6v']
[2024-03-03T04:08:13.506+0000] {standard_task_runner.py:88} INFO - Job 15: Subtask get_files_1
[2024-03-03T04:08:13.550+0000] {logging_mixin.py:188} WARNING - /home/***/.local/lib/python3.11/site-packages/***/settings.py:194 DeprecationWarning: The sql_alchemy_conn option in [core] has been moved to the sql_alchemy_conn option in [database] - the old setting has been used, but please update your config.
[2024-03-03T04:08:13.643+0000] {task_command.py:423} INFO - Running <TaskInstance: fetch_data_files.get_files_1 scheduled__2016-01-03T00:00:00+00:00 [running]> on host 158b818da938
[2024-03-03T04:08:13.760+0000] {taskinstance.py:2510} INFO - Exporting env vars: AIRFLOW_CTX_DAG_OWNER='***' AIRFLOW_CTX_DAG_ID='fetch_data_files' AIRFLOW_CTX_TASK_ID='get_files_1' AIRFLOW_CTX_EXECUTION_DATE='2016-01-03T00:00:00+00:00' AIRFLOW_CTX_TRY_NUMBER='1' AIRFLOW_CTX_DAG_RUN_ID='scheduled__2016-01-03T00:00:00+00:00'
[2024-03-03T04:08:15.052+0000] {logging_mixin.py:188} INFO - ['https://www.ncei.noaa.gov/data/local-climatological-data/access/1901/02907099999.csv', 'https://www.ncei.noaa.gov/data/local-climatological-data/access/1901/02950099999.csv', 'https://www.ncei.noaa.gov/data/local-climatological-data/access/1901/02960099999.csv', 'https://www.ncei.noaa.gov/data/local-climatological-data/access/1901/02972099999.csv', 'https://www.ncei.noaa.gov/data/local-climatological-data/access/1901/02981099999.csv', 'https://www.ncei.noaa.gov/data/local-climatological-data/access/1901/22707099999.csv']
[2024-03-03T04:08:24.568+0000] {logging_mixin.py:188} INFO - ['https://www.ncei.noaa.gov/data/local-climatological-data/access/1902/02907099999.csv', 'https://www.ncei.noaa.gov/data/local-climatological-data/access/1902/02950099999.csv', 'https://www.ncei.noaa.gov/data/local-climatological-data/access/1902/02960099999.csv', 'https://www.ncei.noaa.gov/data/local-climatological-data/access/1902/02972099999.csv', 'https://www.ncei.noaa.gov/data/local-climatological-data/access/1902/02981099999.csv', 'https://www.ncei.noaa.gov/data/local-climatological-data/access/1902/22707099999.csv']
[2024-03-03T04:08:43.303+0000] {logging_mixin.py:188} INFO - ['https://www.ncei.noaa.gov/data/local-climatological-data/access/1903/02907099999.csv', 'https://www.ncei.noaa.gov/data/local-climatological-data/access/1903/02950099999.csv', 'https://www.ncei.noaa.gov/data/local-climatological-data/access/1903/02960099999.csv', 'https://www.ncei.noaa.gov/data/local-climatological-data/access/1903/02972099999.csv', 'https://www.ncei.noaa.gov/data/local-climatological-data/access/1903/02981099999.csv', 'https://www.ncei.noaa.gov/data/local-climatological-data/access/1903/22707099999.csv']
[2024-03-03T04:08:49.942+0000] {logging_mixin.py:188} INFO - ['https://www.ncei.noaa.gov/data/local-climatological-data/access/1904/02907099999.csv', 'https://www.ncei.noaa.gov/data/local-climatological-data/access/1904/02950099999.csv', 'https://www.ncei.noaa.gov/data/local-climatological-data/access/1904/02960099999.csv', 'https://www.ncei.noaa.gov/data/local-climatological-data/access/1904/02972099999.csv', 'https://www.ncei.noaa.gov/data/local-climatological-data/access/1904/02981099999.csv', 'https://www.ncei.noaa.gov/data/local-climatological-data/access/1904/22707099999.csv']
[2024-03-03T04:08:58.306+0000] {logging_mixin.py:188} INFO - ['https://www.ncei.noaa.gov/data/local-climatological-data/access/1905/02907099999.csv', 'https://www.ncei.noaa.gov/data/local-climatological-data/access/1905/02950099999.csv', 'https://www.ncei.noaa.gov/data/local-climatological-data/access/1905/02960099999.csv', 'https://www.ncei.noaa.gov/data/local-climatological-data/access/1905/02972099999.csv', 'https://www.ncei.noaa.gov/data/local-climatological-data/access/1905/02981099999.csv', 'https://www.ncei.noaa.gov/data/local-climatological-data/access/1905/22707099999.csv']
[2024-03-03T04:09:06.316+0000] {logging_mixin.py:188} INFO - ['https://www.ncei.noaa.gov/data/local-climatological-data/access/1906/02875099999.csv', 'https://www.ncei.noaa.gov/data/local-climatological-data/access/1906/02917099999.csv', 'https://www.ncei.noaa.gov/data/local-climatological-data/access/1906/02944099999.csv', 'https://www.ncei.noaa.gov/data/local-climatological-data/access/1906/02982099999.csv', 'https://www.ncei.noaa.gov/data/local-climatological-data/access/1906/22892099999.csv']
[2024-03-03T04:09:12.848+0000] {logging_mixin.py:188} INFO - ['https://www.ncei.noaa.gov/data/local-climatological-data/access/1907/02875099999.csv', 'https://www.ncei.noaa.gov/data/local-climatological-data/access/1907/02917099999.csv', 'https://www.ncei.noaa.gov/data/local-climatological-data/access/1907/02944099999.csv', 'https://www.ncei.noaa.gov/data/local-climatological-data/access/1907/02982099999.csv', 'https://www.ncei.noaa.gov/data/local-climatological-data/access/1907/22892099999.csv']
[2024-03-03T04:09:21.250+0000] {logging_mixin.py:188} INFO - ['https://www.ncei.noaa.gov/data/local-climatological-data/access/1908/02806099999.csv', 'https://www.ncei.noaa.gov/data/local-climatological-data/access/1908/02875099999.csv', 'https://www.ncei.noaa.gov/data/local-climatological-data/access/1908/02917099999.csv', 'https://www.ncei.noaa.gov/data/local-climatological-data/access/1908/02944099999.csv', 'https://www.ncei.noaa.gov/data/local-climatological-data/access/1908/02982099999.csv', 'https://www.ncei.noaa.gov/data/local-climatological-data/access/1908/22892099999.csv']
[2024-03-03T04:09:30.200+0000] {logging_mixin.py:188} INFO - ['https://www.ncei.noaa.gov/data/local-climatological-data/access/1909/02806099999.csv', 'https://www.ncei.noaa.gov/data/local-climatological-data/access/1909/02869099999.csv', 'https://www.ncei.noaa.gov/data/local-climatological-data/access/1909/02875099999.csv', 'https://www.ncei.noaa.gov/data/local-climatological-data/access/1909/02917099999.csv', 'https://www.ncei.noaa.gov/data/local-climatological-data/access/1909/02944099999.csv', 'https://www.ncei.noaa.gov/data/local-climatological-data/access/1909/02982099999.csv', 'https://www.ncei.noaa.gov/data/local-climatological-data/access/1909/22892099999.csv']
[2024-03-03T04:09:35.550+0000] {logging_mixin.py:188} INFO - ['https://www.ncei.noaa.gov/data/local-climatological-data/access/1910/02806099999.csv', 'https://www.ncei.noaa.gov/data/local-climatological-data/access/1910/02869099999.csv', 'https://www.ncei.noaa.gov/data/local-climatological-data/access/1910/02875099999.csv', 'https://www.ncei.noaa.gov/data/local-climatological-data/access/1910/02917099999.csv', 'https://www.ncei.noaa.gov/data/local-climatological-data/access/1910/02944099999.csv', 'https://www.ncei.noaa.gov/data/local-climatological-data/access/1910/02982099999.csv', 'https://www.ncei.noaa.gov/data/local-climatological-data/access/1910/22892099999.csv']
[2024-03-03T04:09:47.465+0000] {logging_mixin.py:188} INFO - ['https://www.ncei.noaa.gov/data/local-climatological-data/access/1911/02806099999.csv', 'https://www.ncei.noaa.gov/data/local-climatological-data/access/1911/02869099999.csv', 'https://www.ncei.noaa.gov/data/local-climatological-data/access/1911/02875099999.csv', 'https://www.ncei.noaa.gov/data/local-climatological-data/access/1911/02917099999.csv', 'https://www.ncei.noaa.gov/data/local-climatological-data/access/1911/02944099999.csv', 'https://www.ncei.noaa.gov/data/local-climatological-data/access/1911/02982099999.csv', 'https://www.ncei.noaa.gov/data/local-climatological-data/access/1911/22892099999.csv']
[2024-03-03T04:09:56.542+0000] {logging_mixin.py:188} INFO - ['https://www.ncei.noaa.gov/data/local-climatological-data/access/1912/02806099999.csv', 'https://www.ncei.noaa.gov/data/local-climatological-data/access/1912/02869099999.csv', 'https://www.ncei.noaa.gov/data/local-climatological-data/access/1912/02875099999.csv', 'https://www.ncei.noaa.gov/data/local-climatological-data/access/1912/02917099999.csv', 'https://www.ncei.noaa.gov/data/local-climatological-data/access/1912/02944099999.csv', 'https://www.ncei.noaa.gov/data/local-climatological-data/access/1912/02982099999.csv', 'https://www.ncei.noaa.gov/data/local-climatological-data/access/1912/22892099999.csv']
[2024-03-03T04:10:02.942+0000] {logging_mixin.py:188} INFO - ['https://www.ncei.noaa.gov/data/local-climatological-data/access/1913/02806099999.csv', 'https://www.ncei.noaa.gov/data/local-climatological-data/access/1913/02869099999.csv', 'https://www.ncei.noaa.gov/data/local-climatological-data/access/1913/02875099999.csv', 'https://www.ncei.noaa.gov/data/local-climatological-data/access/1913/02917099999.csv', 'https://www.ncei.noaa.gov/data/local-climatological-data/access/1913/02944099999.csv', 'https://www.ncei.noaa.gov/data/local-climatological-data/access/1913/02982099999.csv', 'https://www.ncei.noaa.gov/data/local-climatological-data/access/1913/04065099999.csv', 'https://www.ncei.noaa.gov/data/local-climatological-data/access/1913/22892099999.csv']
[2024-03-03T04:10:09.133+0000] {logging_mixin.py:188} INFO - ['https://www.ncei.noaa.gov/data/local-climatological-data/access/1914/02806099999.csv', 'https://www.ncei.noaa.gov/data/local-climatological-data/access/1914/02869099999.csv', 'https://www.ncei.noaa.gov/data/local-climatological-data/access/1914/02875099999.csv', 'https://www.ncei.noaa.gov/data/local-climatological-data/access/1914/02917099999.csv', 'https://www.ncei.noaa.gov/data/local-climatological-data/access/1914/02944099999.csv', 'https://www.ncei.noaa.gov/data/local-climatological-data/access/1914/02982099999.csv', 'https://www.ncei.noaa.gov/data/local-climatological-data/access/1914/04065099999.csv', 'https://www.ncei.noaa.gov/data/local-climatological-data/access/1914/22892099999.csv']
[2024-03-03T04:10:15.867+0000] {logging_mixin.py:188} INFO - ['https://www.ncei.noaa.gov/data/local-climatological-data/access/1915/02806099999.csv', 'https://www.ncei.noaa.gov/data/local-climatological-data/access/1915/02869099999.csv', 'https://www.ncei.noaa.gov/data/local-climatological-data/access/1915/02875099999.csv', 'https://www.ncei.noaa.gov/data/local-climatological-data/access/1915/02917099999.csv', 'https://www.ncei.noaa.gov/data/local-climatological-data/access/1915/02944099999.csv', 'https://www.ncei.noaa.gov/data/local-climatological-data/access/1915/02982099999.csv', 'https://www.ncei.noaa.gov/data/local-climatological-data/access/1915/04065099999.csv', 'https://www.ncei.noaa.gov/data/local-climatological-data/access/1915/22892099999.csv']
[2024-03-03T04:10:37.340+0000] {logging_mixin.py:188} INFO - ['https://www.ncei.noaa.gov/data/local-climatological-data/access/1916/02897099999.csv', 'https://www.ncei.noaa.gov/data/local-climatological-data/access/1916/04065099999.csv']
[2024-03-03T04:10:43.701+0000] {logging_mixin.py:188} INFO - ['https://www.ncei.noaa.gov/data/local-climatological-data/access/1917/02836099999.csv', 'https://www.ncei.noaa.gov/data/local-climatological-data/access/1917/02897099999.csv', 'https://www.ncei.noaa.gov/data/local-climatological-data/access/1917/02911099999.csv', 'https://www.ncei.noaa.gov/data/local-climatological-data/access/1917/02935099999.csv', 'https://www.ncei.noaa.gov/data/local-climatological-data/access/1917/02970099999.csv', 'https://www.ncei.noaa.gov/data/local-climatological-data/access/1917/02975099999.csv', 'https://www.ncei.noaa.gov/data/local-climatological-data/access/1917/04065099999.csv', 'https://www.ncei.noaa.gov/data/local-climatological-data/access/1917/22802099999.csv']
[2024-03-03T04:10:52.263+0000] {logging_mixin.py:188} INFO - ['https://www.ncei.noaa.gov/data/local-climatological-data/access/1918/02836099999.csv', 'https://www.ncei.noaa.gov/data/local-climatological-data/access/1918/02897099999.csv', 'https://www.ncei.noaa.gov/data/local-climatological-data/access/1918/02911099999.csv', 'https://www.ncei.noaa.gov/data/local-climatological-data/access/1918/02935099999.csv', 'https://www.ncei.noaa.gov/data/local-climatological-data/access/1918/02970099999.csv', 'https://www.ncei.noaa.gov/data/local-climatological-data/access/1918/02975099999.csv', 'https://www.ncei.noaa.gov/data/local-climatological-data/access/1918/04065099999.csv', 'https://www.ncei.noaa.gov/data/local-climatological-data/access/1918/22802099999.csv']
[2024-03-03T04:10:57.908+0000] {logging_mixin.py:188} INFO - ['https://www.ncei.noaa.gov/data/local-climatological-data/access/1919/02836099999.csv', 'https://www.ncei.noaa.gov/data/local-climatological-data/access/1919/02911099999.csv', 'https://www.ncei.noaa.gov/data/local-climatological-data/access/1919/02935099999.csv', 'https://www.ncei.noaa.gov/data/local-climatological-data/access/1919/02970099999.csv', 'https://www.ncei.noaa.gov/data/local-climatological-data/access/1919/02975099999.csv', 'https://www.ncei.noaa.gov/data/local-climatological-data/access/1919/04065099999.csv', 'https://www.ncei.noaa.gov/data/local-climatological-data/access/1919/22802099999.csv']
[2024-03-03T04:11:03.499+0000] {logging_mixin.py:188} INFO - ['https://www.ncei.noaa.gov/data/local-climatological-data/access/1920/02836099999.csv', 'https://www.ncei.noaa.gov/data/local-climatological-data/access/1920/02897099999.csv', 'https://www.ncei.noaa.gov/data/local-climatological-data/access/1920/02911099999.csv', 'https://www.ncei.noaa.gov/data/local-climatological-data/access/1920/02935099999.csv', 'https://www.ncei.noaa.gov/data/local-climatological-data/access/1920/02970099999.csv', 'https://www.ncei.noaa.gov/data/local-climatological-data/access/1920/02975099999.csv', 'https://www.ncei.noaa.gov/data/local-climatological-data/access/1920/04065099999.csv', 'https://www.ncei.noaa.gov/data/local-climatological-data/access/1920/22802099999.csv']
[2024-03-03T04:11:09.305+0000] {logging_mixin.py:188} INFO - ['https://www.ncei.noaa.gov/data/local-climatological-data/access/1921/02836099999.csv', 'https://www.ncei.noaa.gov/data/local-climatological-data/access/1921/02897099999.csv', 'https://www.ncei.noaa.gov/data/local-climatological-data/access/1921/02911099999.csv', 'https://www.ncei.noaa.gov/data/local-climatological-data/access/1921/02935099999.csv', 'https://www.ncei.noaa.gov/data/local-climatological-data/access/1921/02970099999.csv', 'https://www.ncei.noaa.gov/data/local-climatological-data/access/1921/02975099999.csv', 'https://www.ncei.noaa.gov/data/local-climatological-data/access/1921/04065099999.csv', 'https://www.ncei.noaa.gov/data/local-climatological-data/access/1921/22802099999.csv']
[2024-03-03T04:11:25.543+0000] {python.py:202} INFO - Done. Returned value was: None
[2024-03-03T04:11:25.555+0000] {taskinstance.py:1149} INFO - Marking task as SUCCESS. dag_id=fetch_data_files, task_id=get_files_1, execution_date=20160103T000000, start_date=20240303T040813, end_date=20240303T041125
[2024-03-03T04:11:25.592+0000] {local_task_job_runner.py:234} INFO - Task exited with return code 0
[2024-03-03T04:11:25.610+0000] {taskinstance.py:3309} INFO - 0 downstream tasks scheduled from follow-on schedule check
