[2024-03-03T02:50:42.496+0000] {taskinstance.py:1979} INFO - Dependencies all met for dep_context=non-requeueable deps ti=<TaskInstance: fetch_data_files.get_files scheduled__2019-03-10T00:00:00+00:00 [queued]>
[2024-03-03T02:50:42.514+0000] {taskinstance.py:1979} INFO - Dependencies all met for dep_context=requeueable deps ti=<TaskInstance: fetch_data_files.get_files scheduled__2019-03-10T00:00:00+00:00 [queued]>
[2024-03-03T02:50:42.515+0000] {taskinstance.py:2193} INFO - Starting attempt 1 of 1
[2024-03-03T02:50:42.537+0000] {taskinstance.py:2214} INFO - Executing <Task(PythonOperator): get_files> on 2019-03-10 00:00:00+00:00
[2024-03-03T02:50:42.547+0000] {standard_task_runner.py:60} INFO - Started process 2853 to run task
[2024-03-03T02:50:42.550+0000] {standard_task_runner.py:87} INFO - Running: ['***', 'tasks', 'run', 'fetch_data_files', 'get_files', 'scheduled__2019-03-10T00:00:00+00:00', '--job-id', '4160', '--raw', '--subdir', 'DAGS_FOLDER/dummy_dag.py', '--cfg-path', '/tmp/tmpkaonugtg']
[2024-03-03T02:50:42.554+0000] {standard_task_runner.py:88} INFO - Job 4160: Subtask get_files
[2024-03-03T02:50:42.579+0000] {logging_mixin.py:188} WARNING - /home/***/.local/lib/python3.11/site-packages/***/settings.py:194 DeprecationWarning: The sql_alchemy_conn option in [core] has been moved to the sql_alchemy_conn option in [database] - the old setting has been used, but please update your config.
[2024-03-03T02:50:42.650+0000] {task_command.py:423} INFO - Running <TaskInstance: fetch_data_files.get_files scheduled__2019-03-10T00:00:00+00:00 [running]> on host 887b52fd1a6d
[2024-03-03T02:50:42.795+0000] {taskinstance.py:2510} INFO - Exporting env vars: AIRFLOW_CTX_DAG_OWNER='***' AIRFLOW_CTX_DAG_ID='fetch_data_files' AIRFLOW_CTX_TASK_ID='get_files' AIRFLOW_CTX_EXECUTION_DATE='2019-03-10T00:00:00+00:00' AIRFLOW_CTX_TRY_NUMBER='1' AIRFLOW_CTX_DAG_RUN_ID='scheduled__2019-03-10T00:00:00+00:00'
[2024-03-03T02:51:18.029+0000] {local_task_job_runner.py:302} WARNING - State of this instance has been externally set to None. Terminating instance.
[2024-03-03T02:51:18.034+0000] {process_utils.py:131} INFO - Sending 15 to group 2853. PIDs of all processes in the group: [2853]
[2024-03-03T02:51:18.035+0000] {process_utils.py:86} INFO - Sending the signal 15 to group 2853
[2024-03-03T02:51:18.037+0000] {taskinstance.py:2480} ERROR - Received SIGTERM. Terminating subprocesses.
[2024-03-03T02:51:18.065+0000] {taskinstance.py:2728} ERROR - Task failed with exception
Traceback (most recent call last):
  File "/home/airflow/.local/lib/python3.11/site-packages/airflow/models/taskinstance.py", line 444, in _execute_task
    result = _execute_callable(context=context, **execute_callable_kwargs)
             ^^^^^^^^^^^^^^^^^^^^^^^^^^^^^^^^^^^^^^^^^^^^^^^^^^^^^^^^^^^^^
  File "/home/airflow/.local/lib/python3.11/site-packages/airflow/models/taskinstance.py", line 414, in _execute_callable
    return execute_callable(context=context, **execute_callable_kwargs)
           ^^^^^^^^^^^^^^^^^^^^^^^^^^^^^^^^^^^^^^^^^^^^^^^^^^^^^^^^^^^^
  File "/home/airflow/.local/lib/python3.11/site-packages/airflow/operators/python.py", line 200, in execute
    return_value = self.execute_callable()
                   ^^^^^^^^^^^^^^^^^^^^^^^
  File "/home/airflow/.local/lib/python3.11/site-packages/airflow/operators/python.py", line 217, in execute_callable
    return self.python_callable(*self.op_args, **self.op_kwargs)
           ^^^^^^^^^^^^^^^^^^^^^^^^^^^^^^^^^^^^^^^^^^^^^^^^^^^^^
  File "/opt/airflow/dags/dummy_dag.py", line 32, in download_years_list
    page = urlopen(url)
           ^^^^^^^^^^^^
  File "/usr/local/lib/python3.11/urllib/request.py", line 216, in urlopen
    return opener.open(url, data, timeout)
           ^^^^^^^^^^^^^^^^^^^^^^^^^^^^^^^
  File "/usr/local/lib/python3.11/urllib/request.py", line 519, in open
    response = self._open(req, data)
               ^^^^^^^^^^^^^^^^^^^^^
  File "/usr/local/lib/python3.11/urllib/request.py", line 536, in _open
    result = self._call_chain(self.handle_open, protocol, protocol +
             ^^^^^^^^^^^^^^^^^^^^^^^^^^^^^^^^^^^^^^^^^^^^^^^^^^^^^^^
  File "/usr/local/lib/python3.11/urllib/request.py", line 496, in _call_chain
    result = func(*args)
             ^^^^^^^^^^^
  File "/usr/local/lib/python3.11/urllib/request.py", line 1391, in https_open
    return self.do_open(http.client.HTTPSConnection, req,
           ^^^^^^^^^^^^^^^^^^^^^^^^^^^^^^^^^^^^^^^^^^^^^^
  File "/usr/local/lib/python3.11/urllib/request.py", line 1348, in do_open
    h.request(req.get_method(), req.selector, req.data, headers,
  File "/usr/local/lib/python3.11/http/client.py", line 1298, in request
    self._send_request(method, url, body, headers, encode_chunked)
  File "/usr/local/lib/python3.11/http/client.py", line 1344, in _send_request
    self.endheaders(body, encode_chunked=encode_chunked)
  File "/usr/local/lib/python3.11/http/client.py", line 1293, in endheaders
    self._send_output(message_body, encode_chunked=encode_chunked)
  File "/usr/local/lib/python3.11/http/client.py", line 1052, in _send_output
    self.send(msg)
  File "/usr/local/lib/python3.11/http/client.py", line 990, in send
    self.connect()
  File "/usr/local/lib/python3.11/http/client.py", line 1470, in connect
    self.sock = self._context.wrap_socket(self.sock,
                ^^^^^^^^^^^^^^^^^^^^^^^^^^^^^^^^^^^^
  File "/usr/local/lib/python3.11/ssl.py", line 517, in wrap_socket
    return self.sslsocket_class._create(
           ^^^^^^^^^^^^^^^^^^^^^^^^^^^^^
  File "/usr/local/lib/python3.11/ssl.py", line 1104, in _create
    self.do_handshake()
  File "/usr/local/lib/python3.11/ssl.py", line 1382, in do_handshake
    self._sslobj.do_handshake()
  File "/home/airflow/.local/lib/python3.11/site-packages/airflow/models/taskinstance.py", line 2482, in signal_handler
    raise AirflowException("Task received SIGTERM signal")
airflow.exceptions.AirflowException: Task received SIGTERM signal
[2024-03-03T02:51:18.086+0000] {taskinstance.py:1149} INFO - Marking task as FAILED. dag_id=fetch_data_files, task_id=get_files, execution_date=20190310T000000, start_date=20240303T025042, end_date=20240303T025118
[2024-03-03T02:51:18.109+0000] {standard_task_runner.py:107} ERROR - Failed to execute job 4160 for task get_files ((psycopg2.errors.ForeignKeyViolation) insert or update on table "task_fail" violates foreign key constraint "task_fail_ti_fkey"
DETAIL:  Key (dag_id, task_id, run_id, map_index)=(fetch_data_files, get_files, scheduled__2019-03-10T00:00:00+00:00, -1) is not present in table "task_instance".

[SQL: INSERT INTO task_fail (task_id, dag_id, run_id, map_index, start_date, end_date, duration) VALUES (%(task_id)s, %(dag_id)s, %(run_id)s, %(map_index)s, %(start_date)s, %(end_date)s, %(duration)s) RETURNING task_fail.id]
[parameters: {'task_id': 'get_files', 'dag_id': 'fetch_data_files', 'run_id': 'scheduled__2019-03-10T00:00:00+00:00', 'map_index': -1, 'start_date': datetime.datetime(2024, 3, 3, 2, 50, 42, 497879, tzinfo=Timezone('UTC')), 'end_date': datetime.datetime(2024, 3, 3, 2, 51, 18, 85035, tzinfo=Timezone('UTC')), 'duration': 35}]
(Background on this error at: https://sqlalche.me/e/14/gkpj); 2853)
[2024-03-03T02:51:18.129+0000] {process_utils.py:79} INFO - Process psutil.Process(pid=2853, status='terminated', exitcode=1, started='02:50:41') (2853) terminated with exit code 1
[2024-03-03T02:51:30.215+0000] {taskinstance.py:1979} INFO - Dependencies all met for dep_context=non-requeueable deps ti=<TaskInstance: fetch_data_files.get_files scheduled__2019-03-10T00:00:00+00:00 [queued]>
[2024-03-03T02:51:30.232+0000] {taskinstance.py:1979} INFO - Dependencies all met for dep_context=requeueable deps ti=<TaskInstance: fetch_data_files.get_files scheduled__2019-03-10T00:00:00+00:00 [queued]>
[2024-03-03T02:51:30.234+0000] {taskinstance.py:2193} INFO - Starting attempt 1 of 1
[2024-03-03T02:51:30.281+0000] {taskinstance.py:2214} INFO - Executing <Task(PythonOperator): get_files> on 2019-03-10 00:00:00+00:00
[2024-03-03T02:51:30.297+0000] {standard_task_runner.py:60} INFO - Started process 2896 to run task
[2024-03-03T02:51:30.300+0000] {standard_task_runner.py:87} INFO - Running: ['***', 'tasks', 'run', 'fetch_data_files', 'get_files', 'scheduled__2019-03-10T00:00:00+00:00', '--job-id', '4177', '--raw', '--subdir', 'DAGS_FOLDER/dummy_dag.py', '--cfg-path', '/tmp/tmpcy0pyqgx']
[2024-03-03T02:51:30.310+0000] {standard_task_runner.py:88} INFO - Job 4177: Subtask get_files
[2024-03-03T02:51:30.346+0000] {logging_mixin.py:188} WARNING - /home/***/.local/lib/python3.11/site-packages/***/settings.py:194 DeprecationWarning: The sql_alchemy_conn option in [core] has been moved to the sql_alchemy_conn option in [database] - the old setting has been used, but please update your config.
[2024-03-03T02:51:30.412+0000] {task_command.py:423} INFO - Running <TaskInstance: fetch_data_files.get_files scheduled__2019-03-10T00:00:00+00:00 [running]> on host 887b52fd1a6d
[2024-03-03T02:51:30.541+0000] {taskinstance.py:2510} INFO - Exporting env vars: AIRFLOW_CTX_DAG_OWNER='***' AIRFLOW_CTX_DAG_ID='fetch_data_files' AIRFLOW_CTX_TASK_ID='get_files' AIRFLOW_CTX_EXECUTION_DATE='2019-03-10T00:00:00+00:00' AIRFLOW_CTX_TRY_NUMBER='1' AIRFLOW_CTX_DAG_RUN_ID='scheduled__2019-03-10T00:00:00+00:00'
[2024-03-03T03:02:08.906+0000] {taskinstance.py:2728} ERROR - Task failed with exception
Traceback (most recent call last):
  File "/home/airflow/.local/lib/python3.11/site-packages/airflow/models/taskinstance.py", line 444, in _execute_task
    result = _execute_callable(context=context, **execute_callable_kwargs)
             ^^^^^^^^^^^^^^^^^^^^^^^^^^^^^^^^^^^^^^^^^^^^^^^^^^^^^^^^^^^^^
  File "/home/airflow/.local/lib/python3.11/site-packages/airflow/models/taskinstance.py", line 414, in _execute_callable
    return execute_callable(context=context, **execute_callable_kwargs)
           ^^^^^^^^^^^^^^^^^^^^^^^^^^^^^^^^^^^^^^^^^^^^^^^^^^^^^^^^^^^^
  File "/home/airflow/.local/lib/python3.11/site-packages/airflow/operators/python.py", line 200, in execute
    return_value = self.execute_callable()
                   ^^^^^^^^^^^^^^^^^^^^^^^
  File "/home/airflow/.local/lib/python3.11/site-packages/airflow/operators/python.py", line 217, in execute_callable
    return self.python_callable(*self.op_args, **self.op_kwargs)
           ^^^^^^^^^^^^^^^^^^^^^^^^^^^^^^^^^^^^^^^^^^^^^^^^^^^^^
  File "/opt/airflow/dags/dummy_dag.py", line 45, in download_years_list
    with DAG('fetch_data_files', start_date=datetime(2016, 1, 1)) as dag:
                    ^^^^^^^^^^^^^^^^^^^^^^^^^^^^^^^^^^^^^^^^^^^^^^^^^^^^^^
  File "/usr/local/lib/python3.11/urllib/request.py", line 251, in urlretrieve
    tfp = open(filename, 'wb')
          ^^^^^^^^^^^^^^^^^^^^
FileNotFoundError: [Errno 2] No such file or directory: '/opt/airflow/Files/Files/1918/02935099999.csv'
[2024-03-03T03:02:08.936+0000] {taskinstance.py:1149} INFO - Marking task as FAILED. dag_id=fetch_data_files, task_id=get_files, execution_date=20190310T000000, start_date=20240303T025130, end_date=20240303T030208
[2024-03-03T03:02:08.962+0000] {standard_task_runner.py:107} ERROR - Failed to execute job 4177 for task get_files ([Errno 2] No such file or directory: '/opt/airflow/Files/Files/1918/02935099999.csv'; 2896)
[2024-03-03T03:02:09.018+0000] {local_task_job_runner.py:234} INFO - Task exited with return code 1
[2024-03-03T03:02:09.046+0000] {taskinstance.py:3309} INFO - 0 downstream tasks scheduled from follow-on schedule check
