[2024-03-03T04:01:49.793+0000] {taskinstance.py:1979} INFO - Dependencies all met for dep_context=non-requeueable deps ti=<TaskInstance: fetch_data_files.get_files_1 scheduled__2017-04-09T00:00:00+00:00 [queued]>
[2024-03-03T04:01:49.802+0000] {taskinstance.py:1979} INFO - Dependencies all met for dep_context=requeueable deps ti=<TaskInstance: fetch_data_files.get_files_1 scheduled__2017-04-09T00:00:00+00:00 [queued]>
[2024-03-03T04:01:49.803+0000] {taskinstance.py:2193} INFO - Starting attempt 1 of 1
[2024-03-03T04:01:49.815+0000] {taskinstance.py:2214} INFO - Executing <Task(PythonOperator): get_files_1> on 2017-04-09 00:00:00+00:00
[2024-03-03T04:01:49.822+0000] {standard_task_runner.py:60} INFO - Started process 6233 to run task
[2024-03-03T04:01:49.825+0000] {standard_task_runner.py:87} INFO - Running: ['***', 'tasks', 'run', 'fetch_data_files', 'get_files_1', 'scheduled__2017-04-09T00:00:00+00:00', '--job-id', '2810', '--raw', '--subdir', 'DAGS_FOLDER/dummy_dag.py', '--cfg-path', '/tmp/tmp35uk0yc7']
[2024-03-03T04:01:49.827+0000] {standard_task_runner.py:88} INFO - Job 2810: Subtask get_files_1
[2024-03-03T04:01:49.846+0000] {logging_mixin.py:188} WARNING - /home/***/.local/lib/python3.11/site-packages/***/settings.py:194 DeprecationWarning: The sql_alchemy_conn option in [core] has been moved to the sql_alchemy_conn option in [database] - the old setting has been used, but please update your config.
[2024-03-03T04:01:49.892+0000] {task_command.py:423} INFO - Running <TaskInstance: fetch_data_files.get_files_1 scheduled__2017-04-09T00:00:00+00:00 [running]> on host 716a53fa82e1
[2024-03-03T04:01:49.981+0000] {taskinstance.py:2510} INFO - Exporting env vars: AIRFLOW_CTX_DAG_OWNER='***' AIRFLOW_CTX_DAG_ID='fetch_data_files' AIRFLOW_CTX_TASK_ID='get_files_1' AIRFLOW_CTX_EXECUTION_DATE='2017-04-09T00:00:00+00:00' AIRFLOW_CTX_TRY_NUMBER='1' AIRFLOW_CTX_DAG_RUN_ID='scheduled__2017-04-09T00:00:00+00:00'
[2024-03-03T04:01:51.226+0000] {logging_mixin.py:188} INFO - ['https://www.ncei.noaa.gov/data/local-climatological-data/access/1901/02907099999.csv', 'https://www.ncei.noaa.gov/data/local-climatological-data/access/1901/02950099999.csv', 'https://www.ncei.noaa.gov/data/local-climatological-data/access/1901/02960099999.csv', 'https://www.ncei.noaa.gov/data/local-climatological-data/access/1901/02972099999.csv', 'https://www.ncei.noaa.gov/data/local-climatological-data/access/1901/02981099999.csv', 'https://www.ncei.noaa.gov/data/local-climatological-data/access/1901/22707099999.csv']
[2024-03-03T04:01:58.014+0000] {logging_mixin.py:188} INFO - ['https://www.ncei.noaa.gov/data/local-climatological-data/access/1902/02907099999.csv', 'https://www.ncei.noaa.gov/data/local-climatological-data/access/1902/02950099999.csv', 'https://www.ncei.noaa.gov/data/local-climatological-data/access/1902/02960099999.csv', 'https://www.ncei.noaa.gov/data/local-climatological-data/access/1902/02972099999.csv', 'https://www.ncei.noaa.gov/data/local-climatological-data/access/1902/02981099999.csv', 'https://www.ncei.noaa.gov/data/local-climatological-data/access/1902/22707099999.csv']
[2024-03-03T04:02:06.236+0000] {logging_mixin.py:188} INFO - ['https://www.ncei.noaa.gov/data/local-climatological-data/access/1903/02907099999.csv', 'https://www.ncei.noaa.gov/data/local-climatological-data/access/1903/02950099999.csv', 'https://www.ncei.noaa.gov/data/local-climatological-data/access/1903/02960099999.csv', 'https://www.ncei.noaa.gov/data/local-climatological-data/access/1903/02972099999.csv', 'https://www.ncei.noaa.gov/data/local-climatological-data/access/1903/02981099999.csv', 'https://www.ncei.noaa.gov/data/local-climatological-data/access/1903/22707099999.csv']
[2024-03-03T04:02:15.556+0000] {logging_mixin.py:188} INFO - ['https://www.ncei.noaa.gov/data/local-climatological-data/access/1904/02907099999.csv', 'https://www.ncei.noaa.gov/data/local-climatological-data/access/1904/02950099999.csv', 'https://www.ncei.noaa.gov/data/local-climatological-data/access/1904/02960099999.csv', 'https://www.ncei.noaa.gov/data/local-climatological-data/access/1904/02972099999.csv', 'https://www.ncei.noaa.gov/data/local-climatological-data/access/1904/02981099999.csv', 'https://www.ncei.noaa.gov/data/local-climatological-data/access/1904/22707099999.csv']
[2024-03-03T04:02:24.008+0000] {logging_mixin.py:188} INFO - ['https://www.ncei.noaa.gov/data/local-climatological-data/access/1905/02907099999.csv', 'https://www.ncei.noaa.gov/data/local-climatological-data/access/1905/02950099999.csv', 'https://www.ncei.noaa.gov/data/local-climatological-data/access/1905/02960099999.csv', 'https://www.ncei.noaa.gov/data/local-climatological-data/access/1905/02972099999.csv', 'https://www.ncei.noaa.gov/data/local-climatological-data/access/1905/02981099999.csv', 'https://www.ncei.noaa.gov/data/local-climatological-data/access/1905/22707099999.csv']
[2024-03-03T04:02:36.644+0000] {logging_mixin.py:188} INFO - ['https://www.ncei.noaa.gov/data/local-climatological-data/access/1906/02875099999.csv', 'https://www.ncei.noaa.gov/data/local-climatological-data/access/1906/02917099999.csv', 'https://www.ncei.noaa.gov/data/local-climatological-data/access/1906/02944099999.csv', 'https://www.ncei.noaa.gov/data/local-climatological-data/access/1906/02982099999.csv', 'https://www.ncei.noaa.gov/data/local-climatological-data/access/1906/22892099999.csv']
[2024-03-03T04:02:41.720+0000] {logging_mixin.py:188} INFO - ['https://www.ncei.noaa.gov/data/local-climatological-data/access/1907/02875099999.csv', 'https://www.ncei.noaa.gov/data/local-climatological-data/access/1907/02917099999.csv', 'https://www.ncei.noaa.gov/data/local-climatological-data/access/1907/02944099999.csv', 'https://www.ncei.noaa.gov/data/local-climatological-data/access/1907/02982099999.csv', 'https://www.ncei.noaa.gov/data/local-climatological-data/access/1907/22892099999.csv']
[2024-03-03T04:02:47.226+0000] {logging_mixin.py:188} INFO - ['https://www.ncei.noaa.gov/data/local-climatological-data/access/1908/02806099999.csv', 'https://www.ncei.noaa.gov/data/local-climatological-data/access/1908/02875099999.csv', 'https://www.ncei.noaa.gov/data/local-climatological-data/access/1908/02917099999.csv', 'https://www.ncei.noaa.gov/data/local-climatological-data/access/1908/02944099999.csv', 'https://www.ncei.noaa.gov/data/local-climatological-data/access/1908/02982099999.csv', 'https://www.ncei.noaa.gov/data/local-climatological-data/access/1908/22892099999.csv']
[2024-03-03T04:02:51.625+0000] {logging_mixin.py:188} INFO - ['https://www.ncei.noaa.gov/data/local-climatological-data/access/1909/02806099999.csv', 'https://www.ncei.noaa.gov/data/local-climatological-data/access/1909/02869099999.csv', 'https://www.ncei.noaa.gov/data/local-climatological-data/access/1909/02875099999.csv', 'https://www.ncei.noaa.gov/data/local-climatological-data/access/1909/02917099999.csv', 'https://www.ncei.noaa.gov/data/local-climatological-data/access/1909/02944099999.csv', 'https://www.ncei.noaa.gov/data/local-climatological-data/access/1909/02982099999.csv', 'https://www.ncei.noaa.gov/data/local-climatological-data/access/1909/22892099999.csv']
[2024-03-03T04:02:56.893+0000] {logging_mixin.py:188} INFO - ['https://www.ncei.noaa.gov/data/local-climatological-data/access/1910/02806099999.csv', 'https://www.ncei.noaa.gov/data/local-climatological-data/access/1910/02869099999.csv', 'https://www.ncei.noaa.gov/data/local-climatological-data/access/1910/02875099999.csv', 'https://www.ncei.noaa.gov/data/local-climatological-data/access/1910/02917099999.csv', 'https://www.ncei.noaa.gov/data/local-climatological-data/access/1910/02944099999.csv', 'https://www.ncei.noaa.gov/data/local-climatological-data/access/1910/02982099999.csv', 'https://www.ncei.noaa.gov/data/local-climatological-data/access/1910/22892099999.csv']
[2024-03-03T04:03:07.801+0000] {logging_mixin.py:188} INFO - ['https://www.ncei.noaa.gov/data/local-climatological-data/access/1911/02806099999.csv', 'https://www.ncei.noaa.gov/data/local-climatological-data/access/1911/02869099999.csv', 'https://www.ncei.noaa.gov/data/local-climatological-data/access/1911/02875099999.csv', 'https://www.ncei.noaa.gov/data/local-climatological-data/access/1911/02917099999.csv', 'https://www.ncei.noaa.gov/data/local-climatological-data/access/1911/02944099999.csv', 'https://www.ncei.noaa.gov/data/local-climatological-data/access/1911/02982099999.csv', 'https://www.ncei.noaa.gov/data/local-climatological-data/access/1911/22892099999.csv']
[2024-03-03T04:03:25.768+0000] {logging_mixin.py:188} INFO - ['https://www.ncei.noaa.gov/data/local-climatological-data/access/1912/02806099999.csv', 'https://www.ncei.noaa.gov/data/local-climatological-data/access/1912/02869099999.csv', 'https://www.ncei.noaa.gov/data/local-climatological-data/access/1912/02875099999.csv', 'https://www.ncei.noaa.gov/data/local-climatological-data/access/1912/02917099999.csv', 'https://www.ncei.noaa.gov/data/local-climatological-data/access/1912/02944099999.csv', 'https://www.ncei.noaa.gov/data/local-climatological-data/access/1912/02982099999.csv', 'https://www.ncei.noaa.gov/data/local-climatological-data/access/1912/22892099999.csv']
[2024-03-03T04:03:43.787+0000] {logging_mixin.py:188} INFO - ['https://www.ncei.noaa.gov/data/local-climatological-data/access/1913/02806099999.csv', 'https://www.ncei.noaa.gov/data/local-climatological-data/access/1913/02869099999.csv', 'https://www.ncei.noaa.gov/data/local-climatological-data/access/1913/02875099999.csv', 'https://www.ncei.noaa.gov/data/local-climatological-data/access/1913/02917099999.csv', 'https://www.ncei.noaa.gov/data/local-climatological-data/access/1913/02944099999.csv', 'https://www.ncei.noaa.gov/data/local-climatological-data/access/1913/02982099999.csv', 'https://www.ncei.noaa.gov/data/local-climatological-data/access/1913/04065099999.csv', 'https://www.ncei.noaa.gov/data/local-climatological-data/access/1913/22892099999.csv']
[2024-03-03T04:03:58.442+0000] {logging_mixin.py:188} INFO - ['https://www.ncei.noaa.gov/data/local-climatological-data/access/1914/02806099999.csv', 'https://www.ncei.noaa.gov/data/local-climatological-data/access/1914/02869099999.csv', 'https://www.ncei.noaa.gov/data/local-climatological-data/access/1914/02875099999.csv', 'https://www.ncei.noaa.gov/data/local-climatological-data/access/1914/02917099999.csv', 'https://www.ncei.noaa.gov/data/local-climatological-data/access/1914/02944099999.csv', 'https://www.ncei.noaa.gov/data/local-climatological-data/access/1914/02982099999.csv', 'https://www.ncei.noaa.gov/data/local-climatological-data/access/1914/04065099999.csv', 'https://www.ncei.noaa.gov/data/local-climatological-data/access/1914/22892099999.csv']
[2024-03-03T04:04:13.834+0000] {logging_mixin.py:188} INFO - ['https://www.ncei.noaa.gov/data/local-climatological-data/access/1915/02806099999.csv', 'https://www.ncei.noaa.gov/data/local-climatological-data/access/1915/02869099999.csv', 'https://www.ncei.noaa.gov/data/local-climatological-data/access/1915/02875099999.csv', 'https://www.ncei.noaa.gov/data/local-climatological-data/access/1915/02917099999.csv', 'https://www.ncei.noaa.gov/data/local-climatological-data/access/1915/02944099999.csv', 'https://www.ncei.noaa.gov/data/local-climatological-data/access/1915/02982099999.csv', 'https://www.ncei.noaa.gov/data/local-climatological-data/access/1915/04065099999.csv', 'https://www.ncei.noaa.gov/data/local-climatological-data/access/1915/22892099999.csv']
[2024-03-03T04:04:16.354+0000] {local_task_job_runner.py:121} ERROR - Received SIGTERM. Terminating subprocesses
[2024-03-03T04:04:16.377+0000] {process_utils.py:131} INFO - Sending 15 to group 6233. PIDs of all processes in the group: [6233]
[2024-03-03T04:04:16.394+0000] {process_utils.py:86} INFO - Sending the signal 15 to group 6233
[2024-03-03T04:04:16.403+0000] {taskinstance.py:2480} ERROR - Received SIGTERM. Terminating subprocesses.
[2024-03-03T04:04:16.460+0000] {taskinstance.py:2728} ERROR - Task failed with exception
Traceback (most recent call last):
  File "/home/airflow/.local/lib/python3.11/site-packages/airflow/models/taskinstance.py", line 444, in _execute_task
    result = _execute_callable(context=context, **execute_callable_kwargs)
             ^^^^^^^^^^^^^^^^^^^^^^^^^^^^^^^^^^^^^^^^^^^^^^^^^^^^^^^^^^^^^
  File "/home/airflow/.local/lib/python3.11/site-packages/airflow/models/taskinstance.py", line 414, in _execute_callable
    return execute_callable(context=context, **execute_callable_kwargs)
           ^^^^^^^^^^^^^^^^^^^^^^^^^^^^^^^^^^^^^^^^^^^^^^^^^^^^^^^^^^^^
  File "/home/airflow/.local/lib/python3.11/site-packages/airflow/operators/python.py", line 200, in execute
    return_value = self.execute_callable()
                   ^^^^^^^^^^^^^^^^^^^^^^^
  File "/home/airflow/.local/lib/python3.11/site-packages/airflow/operators/python.py", line 217, in execute_callable
    return self.python_callable(*self.op_args, **self.op_kwargs)
           ^^^^^^^^^^^^^^^^^^^^^^^^^^^^^^^^^^^^^^^^^^^^^^^^^^^^^
  File "/opt/airflow/dags/dummy_dag.py", line 43, in download_years_list
    urlretrieve(files[i],f'/opt/airflow/Files/Files/{l}/{x[i]}')
  File "/usr/local/lib/python3.11/urllib/request.py", line 270, in urlretrieve
    block = fp.read(bs)
            ^^^^^^^^^^^
  File "/usr/local/lib/python3.11/http/client.py", line 473, in read
    s = self.fp.read(amt)
        ^^^^^^^^^^^^^^^^^
  File "/usr/local/lib/python3.11/socket.py", line 706, in readinto
    return self._sock.recv_into(b)
           ^^^^^^^^^^^^^^^^^^^^^^^
  File "/usr/local/lib/python3.11/ssl.py", line 1314, in recv_into
    return self.read(nbytes, buffer)
           ^^^^^^^^^^^^^^^^^^^^^^^^^
  File "/usr/local/lib/python3.11/ssl.py", line 1166, in read
    return self._sslobj.read(len, buffer)
           ^^^^^^^^^^^^^^^^^^^^^^^^^^^^^^
  File "/home/airflow/.local/lib/python3.11/site-packages/airflow/models/taskinstance.py", line 2482, in signal_handler
    raise AirflowException("Task received SIGTERM signal")
airflow.exceptions.AirflowException: Task received SIGTERM signal
[2024-03-03T04:04:16.493+0000] {taskinstance.py:1149} INFO - Marking task as FAILED. dag_id=fetch_data_files, task_id=get_files_1, execution_date=20170409T000000, start_date=20240303T040149, end_date=20240303T040416
[2024-03-03T04:04:16.527+0000] {standard_task_runner.py:107} ERROR - Failed to execute job 2810 for task get_files_1 (Task received SIGTERM signal; 6233)
[2024-03-03T04:04:16.581+0000] {process_utils.py:79} INFO - Process psutil.Process(pid=6233, status='terminated', exitcode=1, started='04:01:49') (6233) terminated with exit code 1
[2024-03-03T04:04:16.584+0000] {local_task_job_runner.py:234} INFO - Task exited with return code 143
[2024-03-03T04:04:16.639+0000] {taskinstance.py:3309} INFO - 0 downstream tasks scheduled from follow-on schedule check
