[2024-03-10T16:40:20.422+0000] {taskinstance.py:1979} INFO - Dependencies all met for dep_context=non-requeueable deps ti=<TaskInstance: processing.Create_merge_datasets_3 manual__2024-03-10T16:40:05.267128+00:00 [queued]>
[2024-03-10T16:40:20.435+0000] {taskinstance.py:1979} INFO - Dependencies all met for dep_context=requeueable deps ti=<TaskInstance: processing.Create_merge_datasets_3 manual__2024-03-10T16:40:05.267128+00:00 [queued]>
[2024-03-10T16:40:20.436+0000] {taskinstance.py:2193} INFO - Starting attempt 1 of 1
[2024-03-10T16:40:20.453+0000] {taskinstance.py:2214} INFO - Executing <Task(PythonOperator): Create_merge_datasets_3> on 2024-03-10 16:40:05.267128+00:00
[2024-03-10T16:40:20.464+0000] {standard_task_runner.py:60} INFO - Started process 1308 to run task
[2024-03-10T16:40:20.470+0000] {standard_task_runner.py:87} INFO - Running: ['***', 'tasks', 'run', 'processing', 'Create_merge_datasets_3', 'manual__2024-03-10T16:40:05.267128+00:00', '--job-id', '83', '--raw', '--subdir', 'DAGS_FOLDER/process_data.py', '--cfg-path', '/tmp/tmphgr1_9ms']
[2024-03-10T16:40:20.476+0000] {standard_task_runner.py:88} INFO - Job 83: Subtask Create_merge_datasets_3
[2024-03-10T16:40:20.511+0000] {logging_mixin.py:188} WARNING - /home/***/.local/lib/python3.11/site-packages/***/settings.py:194 DeprecationWarning: The sql_alchemy_conn option in [core] has been moved to the sql_alchemy_conn option in [database] - the old setting has been used, but please update your config.
[2024-03-10T16:40:20.679+0000] {task_command.py:423} INFO - Running <TaskInstance: processing.Create_merge_datasets_3 manual__2024-03-10T16:40:05.267128+00:00 [running]> on host 65d624ba7e11
[2024-03-10T16:40:20.975+0000] {taskinstance.py:2510} INFO - Exporting env vars: AIRFLOW_CTX_DAG_OWNER='***' AIRFLOW_CTX_DAG_ID='processing' AIRFLOW_CTX_TASK_ID='Create_merge_datasets_3' AIRFLOW_CTX_EXECUTION_DATE='2024-03-10T16:40:05.267128+00:00' AIRFLOW_CTX_TRY_NUMBER='1' AIRFLOW_CTX_DAG_RUN_ID='manual__2024-03-10T16:40:05.267128+00:00'
[2024-03-10T16:40:21.519+0000] {logging_mixin.py:188} WARNING - /opt/***/dags/process_data.py:53 UserWarning: Could not infer format, so each element will be parsed individually, falling back to `dateutil`. To ensure parsing is consistent and as-expected, please specify a format.
[2024-03-10T16:40:21.526+0000] {taskinstance.py:2728} ERROR - Task failed with exception
Traceback (most recent call last):
  File "/home/airflow/.local/lib/python3.11/site-packages/airflow/models/taskinstance.py", line 444, in _execute_task
    result = _execute_callable(context=context, **execute_callable_kwargs)
             ^^^^^^^^^^^^^^^^^^^^^^^^^^^^^^^^^^^^^^^^^^^^^^^^^^^^^^^^^^^^^
  File "/home/airflow/.local/lib/python3.11/site-packages/airflow/models/taskinstance.py", line 414, in _execute_callable
    return execute_callable(context=context, **execute_callable_kwargs)
           ^^^^^^^^^^^^^^^^^^^^^^^^^^^^^^^^^^^^^^^^^^^^^^^^^^^^^^^^^^^^
  File "/home/airflow/.local/lib/python3.11/site-packages/airflow/operators/python.py", line 200, in execute
    return_value = self.execute_callable()
                   ^^^^^^^^^^^^^^^^^^^^^^^
  File "/home/airflow/.local/lib/python3.11/site-packages/airflow/operators/python.py", line 217, in execute_callable
    return self.python_callable(*self.op_args, **self.op_kwargs)
           ^^^^^^^^^^^^^^^^^^^^^^^^^^^^^^^^^^^^^^^^^^^^^^^^^^^^^
  File "/opt/airflow/dags/process_data.py", line 56, in get_avg_csv
    df = df.groupby(df['DATE'].dt.month).mean()
                    ^^^^^^^^^^^^^
  File "/home/airflow/.local/lib/python3.11/site-packages/pandas/core/generic.py", line 6204, in __getattr__
    return object.__getattribute__(self, name)
           ^^^^^^^^^^^^^^^^^^^^^^^^^^^^^^^^^^^
  File "/home/airflow/.local/lib/python3.11/site-packages/pandas/core/accessor.py", line 224, in __get__
    accessor_obj = self._accessor(obj)
                   ^^^^^^^^^^^^^^^^^^^
  File "/home/airflow/.local/lib/python3.11/site-packages/pandas/core/indexes/accessors.py", line 608, in __new__
    raise AttributeError("Can only use .dt accessor with datetimelike values")
AttributeError: Can only use .dt accessor with datetimelike values
[2024-03-10T16:40:21.583+0000] {taskinstance.py:1149} INFO - Marking task as FAILED. dag_id=processing, task_id=Create_merge_datasets_3, execution_date=20240310T164005, start_date=20240310T164020, end_date=20240310T164021
[2024-03-10T16:40:21.616+0000] {standard_task_runner.py:107} ERROR - Failed to execute job 83 for task Create_merge_datasets_3 (Can only use .dt accessor with datetimelike values; 1308)
[2024-03-10T16:40:21.646+0000] {local_task_job_runner.py:234} INFO - Task exited with return code 1
[2024-03-10T16:40:21.724+0000] {taskinstance.py:3309} INFO - 0 downstream tasks scheduled from follow-on schedule check
