[2024-03-03T02:16:16.665+0000] {taskinstance.py:1979} INFO - Dependencies all met for dep_context=non-requeueable deps ti=<TaskInstance: example_dag.op manual__2024-03-03T02:16:15.914342+00:00 [queued]>
[2024-03-03T02:16:16.678+0000] {taskinstance.py:1979} INFO - Dependencies all met for dep_context=requeueable deps ti=<TaskInstance: example_dag.op manual__2024-03-03T02:16:15.914342+00:00 [queued]>
[2024-03-03T02:16:16.679+0000] {taskinstance.py:2193} INFO - Starting attempt 1 of 1
[2024-03-03T02:16:16.697+0000] {taskinstance.py:2214} INFO - Executing <Task(PythonOperator): op> on 2024-03-03 02:16:15.914342+00:00
[2024-03-03T02:16:16.705+0000] {standard_task_runner.py:60} INFO - Started process 192 to run task
[2024-03-03T02:16:16.709+0000] {standard_task_runner.py:87} INFO - Running: ['***', 'tasks', 'run', 'example_dag', 'op', 'manual__2024-03-03T02:16:15.914342+00:00', '--job-id', '2988', '--raw', '--subdir', 'DAGS_FOLDER/dummy_dag.py', '--cfg-path', '/tmp/tmp3fnieoaa']
[2024-03-03T02:16:16.714+0000] {standard_task_runner.py:88} INFO - Job 2988: Subtask op
[2024-03-03T02:16:16.755+0000] {logging_mixin.py:188} WARNING - /home/***/.local/lib/python3.11/site-packages/***/settings.py:194 DeprecationWarning: The sql_alchemy_conn option in [core] has been moved to the sql_alchemy_conn option in [database] - the old setting has been used, but please update your config.
[2024-03-03T02:16:16.833+0000] {task_command.py:423} INFO - Running <TaskInstance: example_dag.op manual__2024-03-03T02:16:15.914342+00:00 [running]> on host 59ac6fc29152
[2024-03-03T02:16:17.282+0000] {taskinstance.py:2510} INFO - Exporting env vars: AIRFLOW_CTX_DAG_OWNER='***' AIRFLOW_CTX_DAG_ID='example_dag' AIRFLOW_CTX_TASK_ID='op' AIRFLOW_CTX_EXECUTION_DATE='2024-03-03T02:16:15.914342+00:00' AIRFLOW_CTX_TRY_NUMBER='1' AIRFLOW_CTX_DAG_RUN_ID='manual__2024-03-03T02:16:15.914342+00:00'
[2024-03-03T02:16:17.285+0000] {taskinstance.py:2728} ERROR - Task failed with exception
Traceback (most recent call last):
  File "/home/airflow/.local/lib/python3.11/site-packages/airflow/models/taskinstance.py", line 444, in _execute_task
    result = _execute_callable(context=context, **execute_callable_kwargs)
             ^^^^^^^^^^^^^^^^^^^^^^^^^^^^^^^^^^^^^^^^^^^^^^^^^^^^^^^^^^^^^
  File "/home/airflow/.local/lib/python3.11/site-packages/airflow/models/taskinstance.py", line 414, in _execute_callable
    return execute_callable(context=context, **execute_callable_kwargs)
           ^^^^^^^^^^^^^^^^^^^^^^^^^^^^^^^^^^^^^^^^^^^^^^^^^^^^^^^^^^^^
  File "/home/airflow/.local/lib/python3.11/site-packages/airflow/operators/python.py", line 200, in execute
    return_value = self.execute_callable()
                   ^^^^^^^^^^^^^^^^^^^^^^^
  File "/home/airflow/.local/lib/python3.11/site-packages/airflow/operators/python.py", line 217, in execute_callable
    return self.python_callable(*self.op_args, **self.op_kwargs)
           ^^^^^^^^^^^^^^^^^^^^^^^^^^^^^^^^^^^^^^^^^^^^^^^^^^^^^
  File "/opt/airflow/dags/dummy_dag.py", line 6, in hello_world
    f = open('/opt/airflow/Files/Hello.txt', 'a')
        ^^^^^^^^^^^^^^^^^^^^^^^^^^^^^^^^^^^^^^^^^
FileNotFoundError: [Errno 2] No such file or directory: '/opt/airflow/Files/Hello.txt'
[2024-03-03T02:16:17.314+0000] {taskinstance.py:1149} INFO - Marking task as FAILED. dag_id=example_dag, task_id=op, execution_date=20240303T021615, start_date=20240303T021616, end_date=20240303T021617
[2024-03-03T02:16:17.330+0000] {standard_task_runner.py:107} ERROR - Failed to execute job 2988 for task op ([Errno 2] No such file or directory: '/opt/airflow/Files/Hello.txt'; 192)
[2024-03-03T02:16:17.365+0000] {local_task_job_runner.py:234} INFO - Task exited with return code 1
[2024-03-03T02:16:17.399+0000] {taskinstance.py:3309} INFO - 0 downstream tasks scheduled from follow-on schedule check
