[2024-03-03T03:11:44.175+0000] {taskinstance.py:1979} INFO - Dependencies all met for dep_context=non-requeueable deps ti=<TaskInstance: fetch_data_files.get_files_2 scheduled__2016-01-07T00:00:00+00:00 [queued]>
[2024-03-03T03:11:44.205+0000] {taskinstance.py:1979} INFO - Dependencies all met for dep_context=requeueable deps ti=<TaskInstance: fetch_data_files.get_files_2 scheduled__2016-01-07T00:00:00+00:00 [queued]>
[2024-03-03T03:11:44.206+0000] {taskinstance.py:2193} INFO - Starting attempt 1 of 1
[2024-03-03T03:11:44.251+0000] {taskinstance.py:2214} INFO - Executing <Task(PythonOperator): get_files_2> on 2016-01-07 00:00:00+00:00
[2024-03-03T03:11:44.265+0000] {standard_task_runner.py:60} INFO - Started process 284 to run task
[2024-03-03T03:11:44.272+0000] {standard_task_runner.py:87} INFO - Running: ['***', 'tasks', 'run', 'fetch_data_files', 'get_files_2', 'scheduled__2016-01-07T00:00:00+00:00', '--job-id', '47', '--raw', '--subdir', 'DAGS_FOLDER/dummy_dag.py', '--cfg-path', '/tmp/tmpz04twgz1']
[2024-03-03T03:11:44.280+0000] {standard_task_runner.py:88} INFO - Job 47: Subtask get_files_2
[2024-03-03T03:11:44.342+0000] {logging_mixin.py:188} WARNING - /home/***/.local/lib/python3.11/site-packages/***/settings.py:194 DeprecationWarning: The sql_alchemy_conn option in [core] has been moved to the sql_alchemy_conn option in [database] - the old setting has been used, but please update your config.
[2024-03-03T03:11:44.453+0000] {task_command.py:423} INFO - Running <TaskInstance: fetch_data_files.get_files_2 scheduled__2016-01-07T00:00:00+00:00 [running]> on host eb03c8b8b5fd
[2024-03-03T03:11:44.650+0000] {taskinstance.py:2510} INFO - Exporting env vars: AIRFLOW_CTX_DAG_OWNER='***' AIRFLOW_CTX_DAG_ID='fetch_data_files' AIRFLOW_CTX_TASK_ID='get_files_2' AIRFLOW_CTX_EXECUTION_DATE='2016-01-07T00:00:00+00:00' AIRFLOW_CTX_TRY_NUMBER='1' AIRFLOW_CTX_DAG_RUN_ID='scheduled__2016-01-07T00:00:00+00:00'
[2024-03-03T03:11:46.958+0000] {taskinstance.py:2728} ERROR - Task failed with exception
Traceback (most recent call last):
  File "/home/airflow/.local/lib/python3.11/site-packages/airflow/models/taskinstance.py", line 444, in _execute_task
    result = _execute_callable(context=context, **execute_callable_kwargs)
             ^^^^^^^^^^^^^^^^^^^^^^^^^^^^^^^^^^^^^^^^^^^^^^^^^^^^^^^^^^^^^
  File "/home/airflow/.local/lib/python3.11/site-packages/airflow/models/taskinstance.py", line 414, in _execute_callable
    return execute_callable(context=context, **execute_callable_kwargs)
           ^^^^^^^^^^^^^^^^^^^^^^^^^^^^^^^^^^^^^^^^^^^^^^^^^^^^^^^^^^^^
  File "/home/airflow/.local/lib/python3.11/site-packages/airflow/operators/python.py", line 200, in execute
    return_value = self.execute_callable()
                   ^^^^^^^^^^^^^^^^^^^^^^^
  File "/home/airflow/.local/lib/python3.11/site-packages/airflow/operators/python.py", line 217, in execute_callable
    return self.python_callable(*self.op_args, **self.op_kwargs)
           ^^^^^^^^^^^^^^^^^^^^^^^^^^^^^^^^^^^^^^^^^^^^^^^^^^^^^
  File "/opt/airflow/dags/dummy_dag.py", line 29, in download_years_list
    page = urlopen(url)
           ^^^^^^^^^^^^
  File "/usr/local/lib/python3.11/urllib/request.py", line 216, in urlopen
    return opener.open(url, data, timeout)
           ^^^^^^^^^^^^^^^^^^^^^^^^^^^^^^^
  File "/usr/local/lib/python3.11/urllib/request.py", line 525, in open
    response = meth(req, response)
               ^^^^^^^^^^^^^^^^^^^
  File "/usr/local/lib/python3.11/urllib/request.py", line 634, in http_response
    response = self.parent.error(
               ^^^^^^^^^^^^^^^^^^
  File "/usr/local/lib/python3.11/urllib/request.py", line 563, in error
    return self._call_chain(*args)
           ^^^^^^^^^^^^^^^^^^^^^^^
  File "/usr/local/lib/python3.11/urllib/request.py", line 496, in _call_chain
    result = func(*args)
             ^^^^^^^^^^^
  File "/usr/local/lib/python3.11/urllib/request.py", line 643, in http_error_default
    raise HTTPError(req.full_url, code, msg, hdrs, fp)
urllib.error.HTTPError: HTTP Error 404: Not Found
[2024-03-03T03:11:46.992+0000] {taskinstance.py:1149} INFO - Marking task as FAILED. dag_id=fetch_data_files, task_id=get_files_2, execution_date=20160107T000000, start_date=20240303T031144, end_date=20240303T031146
[2024-03-03T03:11:47.055+0000] {standard_task_runner.py:107} ERROR - Failed to execute job 47 for task get_files_2 (HTTP Error 404: Not Found; 284)
[2024-03-03T03:11:47.113+0000] {local_task_job_runner.py:234} INFO - Task exited with return code 1
[2024-03-03T03:11:47.184+0000] {taskinstance.py:3309} INFO - 0 downstream tasks scheduled from follow-on schedule check
[2024-03-03T03:21:38.345+0000] {taskinstance.py:1979} INFO - Dependencies all met for dep_context=non-requeueable deps ti=<TaskInstance: fetch_data_files.get_files_2 scheduled__2016-01-07T00:00:00+00:00 [queued]>
[2024-03-03T03:21:38.363+0000] {taskinstance.py:1979} INFO - Dependencies all met for dep_context=requeueable deps ti=<TaskInstance: fetch_data_files.get_files_2 scheduled__2016-01-07T00:00:00+00:00 [queued]>
[2024-03-03T03:21:38.364+0000] {taskinstance.py:2193} INFO - Starting attempt 1 of 1
[2024-03-03T03:21:38.388+0000] {taskinstance.py:2214} INFO - Executing <Task(PythonOperator): get_files_2> on 2016-01-07 00:00:00+00:00
[2024-03-03T03:21:38.401+0000] {standard_task_runner.py:60} INFO - Started process 275 to run task
[2024-03-03T03:21:38.408+0000] {standard_task_runner.py:87} INFO - Running: ['***', 'tasks', 'run', 'fetch_data_files', 'get_files_2', 'scheduled__2016-01-07T00:00:00+00:00', '--job-id', '41', '--raw', '--subdir', 'DAGS_FOLDER/dummy_dag.py', '--cfg-path', '/tmp/tmpzxrjb7ph']
[2024-03-03T03:21:38.414+0000] {standard_task_runner.py:88} INFO - Job 41: Subtask get_files_2
[2024-03-03T03:21:38.453+0000] {logging_mixin.py:188} WARNING - /home/***/.local/lib/python3.11/site-packages/***/settings.py:194 DeprecationWarning: The sql_alchemy_conn option in [core] has been moved to the sql_alchemy_conn option in [database] - the old setting has been used, but please update your config.
[2024-03-03T03:21:38.553+0000] {task_command.py:423} INFO - Running <TaskInstance: fetch_data_files.get_files_2 scheduled__2016-01-07T00:00:00+00:00 [running]> on host 716a53fa82e1
[2024-03-03T03:21:38.765+0000] {taskinstance.py:2510} INFO - Exporting env vars: AIRFLOW_CTX_DAG_OWNER='***' AIRFLOW_CTX_DAG_ID='fetch_data_files' AIRFLOW_CTX_TASK_ID='get_files_2' AIRFLOW_CTX_EXECUTION_DATE='2016-01-07T00:00:00+00:00' AIRFLOW_CTX_TRY_NUMBER='1' AIRFLOW_CTX_DAG_RUN_ID='scheduled__2016-01-07T00:00:00+00:00'
[2024-03-03T03:21:40.088+0000] {taskinstance.py:2728} ERROR - Task failed with exception
Traceback (most recent call last):
  File "/home/airflow/.local/lib/python3.11/site-packages/airflow/models/taskinstance.py", line 444, in _execute_task
    result = _execute_callable(context=context, **execute_callable_kwargs)
             ^^^^^^^^^^^^^^^^^^^^^^^^^^^^^^^^^^^^^^^^^^^^^^^^^^^^^^^^^^^^^
  File "/home/airflow/.local/lib/python3.11/site-packages/airflow/models/taskinstance.py", line 414, in _execute_callable
    return execute_callable(context=context, **execute_callable_kwargs)
           ^^^^^^^^^^^^^^^^^^^^^^^^^^^^^^^^^^^^^^^^^^^^^^^^^^^^^^^^^^^^
  File "/home/airflow/.local/lib/python3.11/site-packages/airflow/operators/python.py", line 200, in execute
    return_value = self.execute_callable()
                   ^^^^^^^^^^^^^^^^^^^^^^^
  File "/home/airflow/.local/lib/python3.11/site-packages/airflow/operators/python.py", line 217, in execute_callable
    return self.python_callable(*self.op_args, **self.op_kwargs)
           ^^^^^^^^^^^^^^^^^^^^^^^^^^^^^^^^^^^^^^^^^^^^^^^^^^^^^
  File "/opt/airflow/dags/dummy_dag.py", line 30, in download_years_list
    page = urlopen(url)
           ^^^^^^^^^^^^
  File "/usr/local/lib/python3.11/urllib/request.py", line 216, in urlopen
    return opener.open(url, data, timeout)
           ^^^^^^^^^^^^^^^^^^^^^^^^^^^^^^^
  File "/usr/local/lib/python3.11/urllib/request.py", line 525, in open
    response = meth(req, response)
               ^^^^^^^^^^^^^^^^^^^
  File "/usr/local/lib/python3.11/urllib/request.py", line 634, in http_response
    response = self.parent.error(
               ^^^^^^^^^^^^^^^^^^
  File "/usr/local/lib/python3.11/urllib/request.py", line 563, in error
    return self._call_chain(*args)
           ^^^^^^^^^^^^^^^^^^^^^^^
  File "/usr/local/lib/python3.11/urllib/request.py", line 496, in _call_chain
    result = func(*args)
             ^^^^^^^^^^^
  File "/usr/local/lib/python3.11/urllib/request.py", line 643, in http_error_default
    raise HTTPError(req.full_url, code, msg, hdrs, fp)
urllib.error.HTTPError: HTTP Error 404: Not Found
[2024-03-03T03:21:40.213+0000] {taskinstance.py:1149} INFO - Marking task as FAILED. dag_id=fetch_data_files, task_id=get_files_2, execution_date=20160107T000000, start_date=20240303T032138, end_date=20240303T032140
[2024-03-03T03:21:40.252+0000] {standard_task_runner.py:107} ERROR - Failed to execute job 41 for task get_files_2 (HTTP Error 404: Not Found; 275)
[2024-03-03T03:21:40.313+0000] {local_task_job_runner.py:234} INFO - Task exited with return code 1
[2024-03-03T03:21:40.423+0000] {taskinstance.py:3309} INFO - 0 downstream tasks scheduled from follow-on schedule check
[2024-03-03T04:30:03.546+0000] {taskinstance.py:1979} INFO - Dependencies all met for dep_context=non-requeueable deps ti=<TaskInstance: fetch_data_files.get_files_2 scheduled__2016-01-07T00:00:00+00:00 [queued]>
[2024-03-03T04:30:03.554+0000] {taskinstance.py:1979} INFO - Dependencies all met for dep_context=requeueable deps ti=<TaskInstance: fetch_data_files.get_files_2 scheduled__2016-01-07T00:00:00+00:00 [queued]>
[2024-03-03T04:30:03.555+0000] {taskinstance.py:2193} INFO - Starting attempt 1 of 1
[2024-03-03T04:30:03.567+0000] {taskinstance.py:2214} INFO - Executing <Task(PythonOperator): get_files_2> on 2016-01-07 00:00:00+00:00
[2024-03-03T04:30:03.575+0000] {standard_task_runner.py:60} INFO - Started process 512 to run task
[2024-03-03T04:30:03.578+0000] {standard_task_runner.py:87} INFO - Running: ['***', 'tasks', 'run', 'fetch_data_files', 'get_files_2', 'scheduled__2016-01-07T00:00:00+00:00', '--job-id', '43', '--raw', '--subdir', 'DAGS_FOLDER/dummy_dag.py', '--cfg-path', '/tmp/tmp1fnt1zvl']
[2024-03-03T04:30:03.580+0000] {standard_task_runner.py:88} INFO - Job 43: Subtask get_files_2
[2024-03-03T04:30:03.597+0000] {logging_mixin.py:188} WARNING - /home/***/.local/lib/python3.11/site-packages/***/settings.py:194 DeprecationWarning: The sql_alchemy_conn option in [core] has been moved to the sql_alchemy_conn option in [database] - the old setting has been used, but please update your config.
[2024-03-03T04:30:03.639+0000] {task_command.py:423} INFO - Running <TaskInstance: fetch_data_files.get_files_2 scheduled__2016-01-07T00:00:00+00:00 [running]> on host 158b818da938
[2024-03-03T04:30:03.738+0000] {taskinstance.py:2510} INFO - Exporting env vars: AIRFLOW_CTX_DAG_OWNER='***' AIRFLOW_CTX_DAG_ID='fetch_data_files' AIRFLOW_CTX_TASK_ID='get_files_2' AIRFLOW_CTX_EXECUTION_DATE='2016-01-07T00:00:00+00:00' AIRFLOW_CTX_TRY_NUMBER='1' AIRFLOW_CTX_DAG_RUN_ID='scheduled__2016-01-07T00:00:00+00:00'
[2024-03-03T04:30:05.601+0000] {logging_mixin.py:188} INFO - ['https://www.ncei.noaa.gov/data/local-climatological-data/access/1922/02836099999.csv', 'https://www.ncei.noaa.gov/data/local-climatological-data/access/1922/02897099999.csv', 'https://www.ncei.noaa.gov/data/local-climatological-data/access/1922/02911099999.csv', 'https://www.ncei.noaa.gov/data/local-climatological-data/access/1922/02935099999.csv', 'https://www.ncei.noaa.gov/data/local-climatological-data/access/1922/02970099999.csv', 'https://www.ncei.noaa.gov/data/local-climatological-data/access/1922/02975099999.csv', 'https://www.ncei.noaa.gov/data/local-climatological-data/access/1922/04065099999.csv', 'https://www.ncei.noaa.gov/data/local-climatological-data/access/1922/22802099999.csv']
[2024-03-03T04:30:18.217+0000] {logging_mixin.py:188} INFO - ['https://www.ncei.noaa.gov/data/local-climatological-data/access/1923/02836099999.csv', 'https://www.ncei.noaa.gov/data/local-climatological-data/access/1923/02897099999.csv', 'https://www.ncei.noaa.gov/data/local-climatological-data/access/1923/02911099999.csv', 'https://www.ncei.noaa.gov/data/local-climatological-data/access/1923/02935099999.csv', 'https://www.ncei.noaa.gov/data/local-climatological-data/access/1923/02970099999.csv', 'https://www.ncei.noaa.gov/data/local-climatological-data/access/1923/02975099999.csv', 'https://www.ncei.noaa.gov/data/local-climatological-data/access/1923/22802099999.csv']
[2024-03-03T04:30:25.697+0000] {logging_mixin.py:188} INFO - ['https://www.ncei.noaa.gov/data/local-climatological-data/access/1924/02836099999.csv', 'https://www.ncei.noaa.gov/data/local-climatological-data/access/1924/02897099999.csv', 'https://www.ncei.noaa.gov/data/local-climatological-data/access/1924/02911099999.csv', 'https://www.ncei.noaa.gov/data/local-climatological-data/access/1924/02935099999.csv', 'https://www.ncei.noaa.gov/data/local-climatological-data/access/1924/02970099999.csv', 'https://www.ncei.noaa.gov/data/local-climatological-data/access/1924/02975099999.csv', 'https://www.ncei.noaa.gov/data/local-climatological-data/access/1924/22802099999.csv']
[2024-03-03T04:30:35.127+0000] {logging_mixin.py:188} INFO - ['https://www.ncei.noaa.gov/data/local-climatological-data/access/1925/02836099999.csv', 'https://www.ncei.noaa.gov/data/local-climatological-data/access/1925/02897099999.csv', 'https://www.ncei.noaa.gov/data/local-climatological-data/access/1925/02911099999.csv', 'https://www.ncei.noaa.gov/data/local-climatological-data/access/1925/02935099999.csv', 'https://www.ncei.noaa.gov/data/local-climatological-data/access/1925/02970099999.csv', 'https://www.ncei.noaa.gov/data/local-climatological-data/access/1925/02975099999.csv', 'https://www.ncei.noaa.gov/data/local-climatological-data/access/1925/22802099999.csv']
[2024-03-03T04:30:43.419+0000] {logging_mixin.py:188} INFO - ['https://www.ncei.noaa.gov/data/local-climatological-data/access/1926/02836099999.csv', 'https://www.ncei.noaa.gov/data/local-climatological-data/access/1926/02897099999.csv', 'https://www.ncei.noaa.gov/data/local-climatological-data/access/1926/02911099999.csv', 'https://www.ncei.noaa.gov/data/local-climatological-data/access/1926/02935099999.csv', 'https://www.ncei.noaa.gov/data/local-climatological-data/access/1926/02970099999.csv', 'https://www.ncei.noaa.gov/data/local-climatological-data/access/1926/02975099999.csv', 'https://www.ncei.noaa.gov/data/local-climatological-data/access/1926/03091099999.csv', 'https://www.ncei.noaa.gov/data/local-climatological-data/access/1926/03262099999.csv', 'https://www.ncei.noaa.gov/data/local-climatological-data/access/1926/03302099999.csv', 'https://www.ncei.noaa.gov/data/local-climatological-data/access/1926/03953099999.csv', 'https://www.ncei.noaa.gov/data/local-climatological-data/access/1926/03980099999.csv', 'https://www.ncei.noaa.gov/data/local-climatological-data/access/1926/07005099999.csv', 'https://www.ncei.noaa.gov/data/local-climatological-data/access/1926/07180099999.csv', 'https://www.ncei.noaa.gov/data/local-climatological-data/access/1926/10338099999.csv', 'https://www.ncei.noaa.gov/data/local-climatological-data/access/1926/10637099999.csv', 'https://www.ncei.noaa.gov/data/local-climatological-data/access/1926/22802099999.csv']
[2024-03-03T04:30:49.217+0000] {logging_mixin.py:188} INFO - ['https://www.ncei.noaa.gov/data/local-climatological-data/access/1927/03091099999.csv', 'https://www.ncei.noaa.gov/data/local-climatological-data/access/1927/03262099999.csv', 'https://www.ncei.noaa.gov/data/local-climatological-data/access/1927/03302099999.csv', 'https://www.ncei.noaa.gov/data/local-climatological-data/access/1927/03953099999.csv', 'https://www.ncei.noaa.gov/data/local-climatological-data/access/1927/03980099999.csv', 'https://www.ncei.noaa.gov/data/local-climatological-data/access/1927/07005099999.csv', 'https://www.ncei.noaa.gov/data/local-climatological-data/access/1927/07180099999.csv', 'https://www.ncei.noaa.gov/data/local-climatological-data/access/1927/10338099999.csv', 'https://www.ncei.noaa.gov/data/local-climatological-data/access/1927/10637099999.csv']
[2024-03-03T04:30:53.301+0000] {logging_mixin.py:188} INFO - ['https://www.ncei.noaa.gov/data/local-climatological-data/access/1928/01106099999.csv', 'https://www.ncei.noaa.gov/data/local-climatological-data/access/1928/01262099999.csv', 'https://www.ncei.noaa.gov/data/local-climatological-data/access/1928/01403099999.csv', 'https://www.ncei.noaa.gov/data/local-climatological-data/access/1928/01427099999.csv', 'https://www.ncei.noaa.gov/data/local-climatological-data/access/1928/03091099999.csv', 'https://www.ncei.noaa.gov/data/local-climatological-data/access/1928/03262099999.csv', 'https://www.ncei.noaa.gov/data/local-climatological-data/access/1928/03302099999.csv', 'https://www.ncei.noaa.gov/data/local-climatological-data/access/1928/03953099999.csv', 'https://www.ncei.noaa.gov/data/local-climatological-data/access/1928/03980099999.csv', 'https://www.ncei.noaa.gov/data/local-climatological-data/access/1928/06041099999.csv', 'https://www.ncei.noaa.gov/data/local-climatological-data/access/1928/06081099999.csv', 'https://www.ncei.noaa.gov/data/local-climatological-data/access/1928/06310099999.csv', 'https://www.ncei.noaa.gov/data/local-climatological-data/access/1928/07005099999.csv', 'https://www.ncei.noaa.gov/data/local-climatological-data/access/1928/07150099999.csv', 'https://www.ncei.noaa.gov/data/local-climatological-data/access/1928/07180099999.csv', 'https://www.ncei.noaa.gov/data/local-climatological-data/access/1928/10147099999.csv', 'https://www.ncei.noaa.gov/data/local-climatological-data/access/1928/10338099999.csv', 'https://www.ncei.noaa.gov/data/local-climatological-data/access/1928/10637099999.csv', 'https://www.ncei.noaa.gov/data/local-climatological-data/access/1928/10856099999.csv', 'https://www.ncei.noaa.gov/data/local-climatological-data/access/1928/12205099999.csv', 'https://www.ncei.noaa.gov/data/local-climatological-data/access/1928/12375099999.csv', 'https://www.ncei.noaa.gov/data/local-climatological-data/access/1928/12425099999.csv', 'https://www.ncei.noaa.gov/data/local-climatological-data/access/1928/13586099999.csv', 'https://www.ncei.noaa.gov/data/local-climatological-data/access/1928/16120099999.csv', 'https://www.ncei.noaa.gov/data/local-climatological-data/access/1928/16240099999.csv', 'https://www.ncei.noaa.gov/data/local-climatological-data/access/1928/26422099999.csv', 'https://www.ncei.noaa.gov/data/local-climatological-data/access/1928/26447099999.csv', 'https://www.ncei.noaa.gov/data/local-climatological-data/access/1928/26702099999.csv', 'https://www.ncei.noaa.gov/data/local-climatological-data/access/1928/33393099999.csv']
[2024-03-03T04:30:56.066+0000] {logging_mixin.py:188} INFO - ['https://www.ncei.noaa.gov/data/local-climatological-data/access/1929/01106099999.csv', 'https://www.ncei.noaa.gov/data/local-climatological-data/access/1929/01262099999.csv', 'https://www.ncei.noaa.gov/data/local-climatological-data/access/1929/01403099999.csv', 'https://www.ncei.noaa.gov/data/local-climatological-data/access/1929/01427099999.csv', 'https://www.ncei.noaa.gov/data/local-climatological-data/access/1929/02361099999.csv', 'https://www.ncei.noaa.gov/data/local-climatological-data/access/1929/03005099999.csv', 'https://www.ncei.noaa.gov/data/local-climatological-data/access/1929/03026099999.csv', 'https://www.ncei.noaa.gov/data/local-climatological-data/access/1929/03053099999.csv', 'https://www.ncei.noaa.gov/data/local-climatological-data/access/1929/03075099999.csv', 'https://www.ncei.noaa.gov/data/local-climatological-data/access/1929/03091099999.csv', 'https://www.ncei.noaa.gov/data/local-climatological-data/access/1929/03100099999.csv', 'https://www.ncei.noaa.gov/data/local-climatological-data/access/1929/03140099999.csv', 'https://www.ncei.noaa.gov/data/local-climatological-data/access/1929/03159099999.csv', 'https://www.ncei.noaa.gov/data/local-climatological-data/access/1929/03162099999.csv', 'https://www.ncei.noaa.gov/data/local-climatological-data/access/1929/03171099999.csv', 'https://www.ncei.noaa.gov/data/local-climatological-data/access/1929/03262099999.csv', 'https://www.ncei.noaa.gov/data/local-climatological-data/access/1929/03301099999.csv', 'https://www.ncei.noaa.gov/data/local-climatological-data/access/1929/03302099999.csv', 'https://www.ncei.noaa.gov/data/local-climatological-data/access/1929/03311099999.csv', 'https://www.ncei.noaa.gov/data/local-climatological-data/access/1929/03348099999.csv', 'https://www.ncei.noaa.gov/data/local-climatological-data/access/1929/03379099999.csv', 'https://www.ncei.noaa.gov/data/local-climatological-data/access/1929/03522099999.csv', 'https://www.ncei.noaa.gov/data/local-climatological-data/access/1929/03601099999.csv', 'https://www.ncei.noaa.gov/data/local-climatological-data/access/1929/03627099999.csv', 'https://www.ncei.noaa.gov/data/local-climatological-data/access/1929/03693099999.csv', 'https://www.ncei.noaa.gov/data/local-climatological-data/access/1929/03697099999.csv', 'https://www.ncei.noaa.gov/data/local-climatological-data/access/1929/03748099999.csv', 'https://www.ncei.noaa.gov/data/local-climatological-data/access/1929/03766099999.csv', 'https://www.ncei.noaa.gov/data/local-climatological-data/access/1929/03777099999.csv', 'https://www.ncei.noaa.gov/data/local-climatological-data/access/1929/03795099999.csv', 'https://www.ncei.noaa.gov/data/local-climatological-data/access/1929/03811099999.csv', 'https://www.ncei.noaa.gov/data/local-climatological-data/access/1929/03828099999.csv', 'https://www.ncei.noaa.gov/data/local-climatological-data/access/1929/03856099999.csv', 'https://www.ncei.noaa.gov/data/local-climatological-data/access/1929/03894099999.csv', 'https://www.ncei.noaa.gov/data/local-climatological-data/access/1929/03928099999.csv', 'https://www.ncei.noaa.gov/data/local-climatological-data/access/1929/03952099999.csv', 'https://www.ncei.noaa.gov/data/local-climatological-data/access/1929/03953099999.csv', 'https://www.ncei.noaa.gov/data/local-climatological-data/access/1929/03966099999.csv', 'https://www.ncei.noaa.gov/data/local-climatological-data/access/1929/03973099999.csv', 'https://www.ncei.noaa.gov/data/local-climatological-data/access/1929/03980099999.csv', 'https://www.ncei.noaa.gov/data/local-climatological-data/access/1929/06041099999.csv', 'https://www.ncei.noaa.gov/data/local-climatological-data/access/1929/06081099999.csv', 'https://www.ncei.noaa.gov/data/local-climatological-data/access/1929/06180099999.csv', 'https://www.ncei.noaa.gov/data/local-climatological-data/access/1929/06310099999.csv', 'https://www.ncei.noaa.gov/data/local-climatological-data/access/1929/07005099999.csv', 'https://www.ncei.noaa.gov/data/local-climatological-data/access/1929/07009099999.csv', 'https://www.ncei.noaa.gov/data/local-climatological-data/access/1929/07110099999.csv', 'https://www.ncei.noaa.gov/data/local-climatological-data/access/1929/07150099999.csv', 'https://www.ncei.noaa.gov/data/local-climatological-data/access/1929/07180099999.csv', 'https://www.ncei.noaa.gov/data/local-climatological-data/access/1929/07315099999.csv', 'https://www.ncei.noaa.gov/data/local-climatological-data/access/1929/07602099999.csv', 'https://www.ncei.noaa.gov/data/local-climatological-data/access/1929/07747099999.csv', 'https://www.ncei.noaa.gov/data/local-climatological-data/access/1929/10046099999.csv', 'https://www.ncei.noaa.gov/data/local-climatological-data/access/1929/10120099999.csv', 'https://www.ncei.noaa.gov/data/local-climatological-data/access/1929/10147099999.csv', 'https://www.ncei.noaa.gov/data/local-climatological-data/access/1929/10224099999.csv', 'https://www.ncei.noaa.gov/data/local-climatological-data/access/1929/10338099999.csv', 'https://www.ncei.noaa.gov/data/local-climatological-data/access/1929/10384099999.csv', 'https://www.ncei.noaa.gov/data/local-climatological-data/access/1929/10469099999.csv', 'https://www.ncei.noaa.gov/data/local-climatological-data/access/1929/10637099999.csv', 'https://www.ncei.noaa.gov/data/local-climatological-data/access/1929/10866099999.csv', 'https://www.ncei.noaa.gov/data/local-climatological-data/access/1929/10935099999.csv', 'https://www.ncei.noaa.gov/data/local-climatological-data/access/1929/11309099999.csv', 'https://www.ncei.noaa.gov/data/local-climatological-data/access/1929/11518099999.csv', 'https://www.ncei.noaa.gov/data/local-climatological-data/access/1929/12205099999.csv', 'https://www.ncei.noaa.gov/data/local-climatological-data/access/1929/12375099999.csv', 'https://www.ncei.noaa.gov/data/local-climatological-data/access/1929/12425099999.csv', 'https://www.ncei.noaa.gov/data/local-climatological-data/access/1929/13586099999.csv', 'https://www.ncei.noaa.gov/data/local-climatological-data/access/1929/16120099999.csv', 'https://www.ncei.noaa.gov/data/local-climatological-data/access/1929/26422099999.csv', 'https://www.ncei.noaa.gov/data/local-climatological-data/access/1929/26447099999.csv', 'https://www.ncei.noaa.gov/data/local-climatological-data/access/1929/26509099999.csv', 'https://www.ncei.noaa.gov/data/local-climatological-data/access/1929/26702099999.csv', 'https://www.ncei.noaa.gov/data/local-climatological-data/access/1929/33019099999.csv', 'https://www.ncei.noaa.gov/data/local-climatological-data/access/1929/33393099999.csv', 'https://www.ncei.noaa.gov/data/local-climatological-data/access/1929/99006199999.csv']
[2024-03-03T04:31:02.723+0000] {logging_mixin.py:188} INFO - ['https://www.ncei.noaa.gov/data/local-climatological-data/access/1930/01106099999.csv', 'https://www.ncei.noaa.gov/data/local-climatological-data/access/1930/01262099999.csv', 'https://www.ncei.noaa.gov/data/local-climatological-data/access/1930/01403099999.csv', 'https://www.ncei.noaa.gov/data/local-climatological-data/access/1930/01427099999.csv', 'https://www.ncei.noaa.gov/data/local-climatological-data/access/1930/02361099999.csv', 'https://www.ncei.noaa.gov/data/local-climatological-data/access/1930/03005099999.csv', 'https://www.ncei.noaa.gov/data/local-climatological-data/access/1930/03026099999.csv', 'https://www.ncei.noaa.gov/data/local-climatological-data/access/1930/03053099999.csv', 'https://www.ncei.noaa.gov/data/local-climatological-data/access/1930/03075099999.csv', 'https://www.ncei.noaa.gov/data/local-climatological-data/access/1930/03091099999.csv', 'https://www.ncei.noaa.gov/data/local-climatological-data/access/1930/03100099999.csv', 'https://www.ncei.noaa.gov/data/local-climatological-data/access/1930/03140099999.csv', 'https://www.ncei.noaa.gov/data/local-climatological-data/access/1930/03159099999.csv', 'https://www.ncei.noaa.gov/data/local-climatological-data/access/1930/03162099999.csv', 'https://www.ncei.noaa.gov/data/local-climatological-data/access/1930/03171099999.csv', 'https://www.ncei.noaa.gov/data/local-climatological-data/access/1930/03262099999.csv', 'https://www.ncei.noaa.gov/data/local-climatological-data/access/1930/03301099999.csv', 'https://www.ncei.noaa.gov/data/local-climatological-data/access/1930/03302099999.csv', 'https://www.ncei.noaa.gov/data/local-climatological-data/access/1930/03311099999.csv', 'https://www.ncei.noaa.gov/data/local-climatological-data/access/1930/03348099999.csv', 'https://www.ncei.noaa.gov/data/local-climatological-data/access/1930/03379099999.csv', 'https://www.ncei.noaa.gov/data/local-climatological-data/access/1930/03522099999.csv', 'https://www.ncei.noaa.gov/data/local-climatological-data/access/1930/03559099999.csv', 'https://www.ncei.noaa.gov/data/local-climatological-data/access/1930/03601099999.csv', 'https://www.ncei.noaa.gov/data/local-climatological-data/access/1930/03627099999.csv', 'https://www.ncei.noaa.gov/data/local-climatological-data/access/1930/03655099999.csv', 'https://www.ncei.noaa.gov/data/local-climatological-data/access/1930/03693099999.csv', 'https://www.ncei.noaa.gov/data/local-climatological-data/access/1930/03697099999.csv', 'https://www.ncei.noaa.gov/data/local-climatological-data/access/1930/03748099999.csv', 'https://www.ncei.noaa.gov/data/local-climatological-data/access/1930/03766099999.csv', 'https://www.ncei.noaa.gov/data/local-climatological-data/access/1930/03777099999.csv', 'https://www.ncei.noaa.gov/data/local-climatological-data/access/1930/03795099999.csv', 'https://www.ncei.noaa.gov/data/local-climatological-data/access/1930/03797035047.csv', 'https://www.ncei.noaa.gov/data/local-climatological-data/access/1930/03811099999.csv', 'https://www.ncei.noaa.gov/data/local-climatological-data/access/1930/03828099999.csv', 'https://www.ncei.noaa.gov/data/local-climatological-data/access/1930/03856099999.csv', 'https://www.ncei.noaa.gov/data/local-climatological-data/access/1930/03894099999.csv', 'https://www.ncei.noaa.gov/data/local-climatological-data/access/1930/03917099999.csv', 'https://www.ncei.noaa.gov/data/local-climatological-data/access/1930/03928099999.csv', 'https://www.ncei.noaa.gov/data/local-climatological-data/access/1930/03952099999.csv', 'https://www.ncei.noaa.gov/data/local-climatological-data/access/1930/03953099999.csv', 'https://www.ncei.noaa.gov/data/local-climatological-data/access/1930/03966099999.csv', 'https://www.ncei.noaa.gov/data/local-climatological-data/access/1930/03973099999.csv', 'https://www.ncei.noaa.gov/data/local-climatological-data/access/1930/03980099999.csv', 'https://www.ncei.noaa.gov/data/local-climatological-data/access/1930/06041099999.csv', 'https://www.ncei.noaa.gov/data/local-climatological-data/access/1930/06081099999.csv', 'https://www.ncei.noaa.gov/data/local-climatological-data/access/1930/06180099999.csv', 'https://www.ncei.noaa.gov/data/local-climatological-data/access/1930/06310099999.csv', 'https://www.ncei.noaa.gov/data/local-climatological-data/access/1930/06451099999.csv', 'https://www.ncei.noaa.gov/data/local-climatological-data/access/1930/07005099999.csv', 'https://www.ncei.noaa.gov/data/local-climatological-data/access/1930/07009099999.csv', 'https://www.ncei.noaa.gov/data/local-climatological-data/access/1930/07110099999.csv', 'https://www.ncei.noaa.gov/data/local-climatological-data/access/1930/07150099999.csv', 'https://www.ncei.noaa.gov/data/local-climatological-data/access/1930/07180099999.csv', 'https://www.ncei.noaa.gov/data/local-climatological-data/access/1930/07315099999.csv', 'https://www.ncei.noaa.gov/data/local-climatological-data/access/1930/07602099999.csv', 'https://www.ncei.noaa.gov/data/local-climatological-data/access/1930/07747099999.csv', 'https://www.ncei.noaa.gov/data/local-climatological-data/access/1930/10046099999.csv', 'https://www.ncei.noaa.gov/data/local-climatological-data/access/1930/10120099999.csv', 'https://www.ncei.noaa.gov/data/local-climatological-data/access/1930/10147099999.csv', 'https://www.ncei.noaa.gov/data/local-climatological-data/access/1930/10224099999.csv', 'https://www.ncei.noaa.gov/data/local-climatological-data/access/1930/10338099999.csv', 'https://www.ncei.noaa.gov/data/local-climatological-data/access/1930/10384099999.csv', 'https://www.ncei.noaa.gov/data/local-climatological-data/access/1930/10637099999.csv', 'https://www.ncei.noaa.gov/data/local-climatological-data/access/1930/10866099999.csv', 'https://www.ncei.noaa.gov/data/local-climatological-data/access/1930/10935099999.csv', 'https://www.ncei.noaa.gov/data/local-climatological-data/access/1930/11309099999.csv', 'https://www.ncei.noaa.gov/data/local-climatological-data/access/1930/11518099999.csv', 'https://www.ncei.noaa.gov/data/local-climatological-data/access/1930/12114099999.csv', 'https://www.ncei.noaa.gov/data/local-climatological-data/access/1930/12205099999.csv', 'https://www.ncei.noaa.gov/data/local-climatological-data/access/1930/12375099999.csv', 'https://www.ncei.noaa.gov/data/local-climatological-data/access/1930/12425099999.csv', 'https://www.ncei.noaa.gov/data/local-climatological-data/access/1930/13586099999.csv', 'https://www.ncei.noaa.gov/data/local-climatological-data/access/1930/16120099999.csv', 'https://www.ncei.noaa.gov/data/local-climatological-data/access/1930/16240099999.csv', 'https://www.ncei.noaa.gov/data/local-climatological-data/access/1930/26422099999.csv', 'https://www.ncei.noaa.gov/data/local-climatological-data/access/1930/26447099999.csv', 'https://www.ncei.noaa.gov/data/local-climatological-data/access/1930/26509099999.csv', 'https://www.ncei.noaa.gov/data/local-climatological-data/access/1930/26702099999.csv', 'https://www.ncei.noaa.gov/data/local-climatological-data/access/1930/33019099999.csv', 'https://www.ncei.noaa.gov/data/local-climatological-data/access/1930/33393099999.csv', 'https://www.ncei.noaa.gov/data/local-climatological-data/access/1930/78259399999.csv', 'https://www.ncei.noaa.gov/data/local-climatological-data/access/1930/99006199999.csv']
[2024-03-03T04:31:04.288+0000] {local_task_job_runner.py:302} WARNING - State of this instance has been externally set to failed. Terminating instance.
[2024-03-03T04:31:04.291+0000] {process_utils.py:131} INFO - Sending 15 to group 512. PIDs of all processes in the group: [512]
[2024-03-03T04:31:04.292+0000] {process_utils.py:86} INFO - Sending the signal 15 to group 512
[2024-03-03T04:31:04.293+0000] {taskinstance.py:2480} ERROR - Received SIGTERM. Terminating subprocesses.
[2024-03-03T04:31:04.345+0000] {process_utils.py:79} INFO - Process psutil.Process(pid=512, status='terminated', exitcode=0, started='04:30:03') (512) terminated with exit code 0
